{"total": {"lines":{"total":16652,"covered":14381,"skipped":0,"pct":86.36},"statements":{"total":18244,"covered":15449,"skipped":0,"pct":84.67},"functions":{"total":3946,"covered":3243,"skipped":0,"pct":82.18},"branches":{"total":16462,"covered":12619,"skipped":0,"pct":76.65},"branchesTrue":{"total":0,"covered":0,"skipped":0,"pct":100}}
,"/home/runner/work/kundio/kundio/app/layout.tsx": {"lines":{"total":8,"covered":0,"skipped":0,"pct":0},"functions":{"total":1,"covered":0,"skipped":0,"pct":0},"statements":{"total":8,"covered":0,"skipped":0,"pct":0},"branches":{"total":0,"covered":0,"skipped":0,"pct":100}}
,"/home/runner/work/kundio/kundio/app/manifest.ts": {"lines":{"total":1,"covered":1,"skipped":0,"pct":100},"functions":{"total":1,"covered":1,"skipped":0,"pct":100},"statements":{"total":1,"covered":1,"skipped":0,"pct":100},"branches":{"total":0,"covered":0,"skipped":0,"pct":100}}
,"/home/runner/work/kundio/kundio/app/page.tsx": {"lines":{"total":9,"covered":0,"skipped":0,"pct":0},"functions":{"total":1,"covered":0,"skipped":0,"pct":0},"statements":{"total":9,"covered":0,"skipped":0,"pct":0},"branches":{"total":6,"covered":0,"skipped":0,"pct":0}}
,"/home/runner/work/kundio/kundio/app/sitemap.ts": {"lines":{"total":6,"covered":0,"skipped":0,"pct":0},"functions":{"total":3,"covered":0,"skipped":0,"pct":0},"statements":{"total":6,"covered":0,"skipped":0,"pct":0},"branches":{"total":12,"covered":0,"skipped":0,"pct":0}}
,"/home/runner/work/kundio/kundio/app/(admin)/admin/layout.tsx": {"lines":{"total":11,"covered":11,"skipped":0,"pct":100},"functions":{"total":2,"covered":2,"skipped":0,"pct":100},"statements":{"total":11,"covered":11,"skipped":0,"pct":100},"branches":{"total":6,"covered":5,"skipped":0,"pct":83.33}}
,"/home/runner/work/kundio/kundio/app/(admin)/admin/page.tsx": {"lines":{"total":4,"covered":4,"skipped":0,"pct":100},"functions":{"total":1,"covered":1,"skipped":0,"pct":100},"statements":{"total":4,"covered":4,"skipped":0,"pct":100},"branches":{"total":2,"covered":1,"skipped":0,"pct":50}}
,"/home/runner/work/kundio/kundio/app/(admin)/admin/[id]/detail-client.tsx": {"lines":{"total":225,"covered":210,"skipped":0,"pct":93.33},"functions":{"total":57,"covered":48,"skipped":0,"pct":84.21},"statements":{"total":238,"covered":218,"skipped":0,"pct":91.59},"branches":{"total":286,"covered":229,"skipped":0,"pct":80.06}}
,"/home/runner/work/kundio/kundio/app/(admin)/admin/[id]/page.tsx": {"lines":{"total":12,"covered":11,"skipped":0,"pct":91.66},"functions":{"total":1,"covered":1,"skipped":0,"pct":100},"statements":{"total":12,"covered":11,"skipped":0,"pct":91.66},"branches":{"total":4,"covered":4,"skipped":0,"pct":100}}
,"/home/runner/work/kundio/kundio/app/(admin)/admin/[id]/traces/page.tsx": {"lines":{"total":33,"covered":0,"skipped":0,"pct":0},"functions":{"total":13,"covered":0,"skipped":0,"pct":0},"statements":{"total":39,"covered":0,"skipped":0,"pct":0},"branches":{"total":99,"covered":0,"skipped":0,"pct":0}}
,"/home/runner/work/kundio/kundio/app/(admin)/admin/_components/admin-shell.tsx": {"lines":{"total":14,"covered":7,"skipped":0,"pct":50},"functions":{"total":10,"covered":1,"skipped":0,"pct":10},"statements":{"total":21,"covered":7,"skipped":0,"pct":33.33},"branches":{"total":7,"covered":2,"skipped":0,"pct":28.57}}
,"/home/runner/work/kundio/kundio/app/(admin)/admin/_components/card.tsx": {"lines":{"total":2,"covered":2,"skipped":0,"pct":100},"functions":{"total":2,"covered":2,"skipped":0,"pct":100},"statements":{"total":2,"covered":2,"skipped":0,"pct":100},"branches":{"total":3,"covered":3,"skipped":0,"pct":100}}
,"/home/runner/work/kundio/kundio/app/(admin)/admin/_components/field-row.tsx": {"lines":{"total":94,"covered":67,"skipped":0,"pct":71.27},"functions":{"total":23,"covered":14,"skipped":0,"pct":60.86},"statements":{"total":96,"covered":67,"skipped":0,"pct":69.79},"branches":{"total":86,"covered":65,"skipped":0,"pct":75.58}}
,"/home/runner/work/kundio/kundio/app/(admin)/admin/_components/lifecycle-banner.tsx": {"lines":{"total":11,"covered":11,"skipped":0,"pct":100},"functions":{"total":1,"covered":1,"skipped":0,"pct":100},"statements":{"total":11,"covered":11,"skipped":0,"pct":100},"branches":{"total":44,"covered":38,"skipped":0,"pct":86.36}}
,"/home/runner/work/kundio/kundio/app/(admin)/admin/_components/list-view.tsx": {"lines":{"total":64,"covered":57,"skipped":0,"pct":89.06},"functions":{"total":20,"covered":18,"skipped":0,"pct":90},"statements":{"total":75,"covered":67,"skipped":0,"pct":89.33},"branches":{"total":60,"covered":41,"skipped":0,"pct":68.33}}
,"/home/runner/work/kundio/kundio/app/(admin)/admin/_components/modal.tsx": {"lines":{"total":47,"covered":38,"skipped":0,"pct":80.85},"functions":{"total":13,"covered":13,"skipped":0,"pct":100},"statements":{"total":51,"covered":41,"skipped":0,"pct":80.39},"branches":{"total":34,"covered":25,"skipped":0,"pct":73.52}}
,"/home/runner/work/kundio/kundio/app/(admin)/admin/_components/next-action.tsx": {"lines":{"total":13,"covered":13,"skipped":0,"pct":100},"functions":{"total":2,"covered":2,"skipped":0,"pct":100},"statements":{"total":13,"covered":13,"skipped":0,"pct":100},"branches":{"total":19,"covered":19,"skipped":0,"pct":100}}
,"/home/runner/work/kundio/kundio/app/(admin)/admin/_components/pill.tsx": {"lines":{"total":7,"covered":7,"skipped":0,"pct":100},"functions":{"total":2,"covered":2,"skipped":0,"pct":100},"statements":{"total":7,"covered":7,"skipped":0,"pct":100},"branches":{"total":14,"covered":12,"skipped":0,"pct":85.71}}
,"/home/runner/work/kundio/kundio/app/(admin)/admin/_components/quick-facts.tsx": {"lines":{"total":1,"covered":1,"skipped":0,"pct":100},"functions":{"total":1,"covered":1,"skipped":0,"pct":100},"statements":{"total":1,"covered":1,"skipped":0,"pct":100},"branches":{"total":6,"covered":5,"skipped":0,"pct":83.33}}
,"/home/runner/work/kundio/kundio/app/(admin)/admin/_components/sidebar.tsx": {"lines":{"total":19,"covered":17,"skipped":0,"pct":89.47},"functions":{"total":7,"covered":6,"skipped":0,"pct":85.71},"statements":{"total":19,"covered":17,"skipped":0,"pct":89.47},"branches":{"total":27,"covered":26,"skipped":0,"pct":96.29}}
,"/home/runner/work/kundio/kundio/app/(admin)/admin/_components/sort-header.tsx": {"lines":{"total":22,"covered":21,"skipped":0,"pct":95.45},"functions":{"total":8,"covered":8,"skipped":0,"pct":100},"statements":{"total":28,"covered":25,"skipped":0,"pct":89.28},"branches":{"total":35,"covered":31,"skipped":0,"pct":88.57}}
,"/home/runner/work/kundio/kundio/app/(admin)/admin/_components/status-checklist.tsx": {"lines":{"total":4,"covered":4,"skipped":0,"pct":100},"functions":{"total":2,"covered":2,"skipped":0,"pct":100},"statements":{"total":4,"covered":4,"skipped":0,"pct":100},"branches":{"total":45,"covered":42,"skipped":0,"pct":93.33}}
,"/home/runner/work/kundio/kundio/app/(admin)/admin/_components/table-pagination.tsx": {"lines":{"total":11,"covered":10,"skipped":0,"pct":90.9},"functions":{"total":5,"covered":4,"skipped":0,"pct":80},"statements":{"total":11,"covered":10,"skipped":0,"pct":90.9},"branches":{"total":6,"covered":6,"skipped":0,"pct":100}}
,"/home/runner/work/kundio/kundio/app/(admin)/admin/_components/table-skeleton.tsx": {"lines":{"total":4,"covered":4,"skipped":0,"pct":100},"functions":{"total":3,"covered":3,"skipped":0,"pct":100},"statements":{"total":4,"covered":4,"skipped":0,"pct":100},"branches":{"total":1,"covered":1,"skipped":0,"pct":100}}
,"/home/runner/work/kundio/kundio/app/(admin)/admin/_components/topbar.tsx": {"lines":{"total":91,"covered":85,"skipped":0,"pct":93.4},"functions":{"total":40,"covered":34,"skipped":0,"pct":85},"statements":{"total":119,"covered":112,"skipped":0,"pct":94.11},"branches":{"total":81,"covered":75,"skipped":0,"pct":92.59}}
,"/home/runner/work/kundio/kundio/app/(admin)/admin/_lib/format.ts": {"lines":{"total":21,"covered":21,"skipped":0,"pct":100},"functions":{"total":10,"covered":10,"skipped":0,"pct":100},"statements":{"total":29,"covered":29,"skipped":0,"pct":100},"branches":{"total":12,"covered":12,"skipped":0,"pct":100}}
,"/home/runner/work/kundio/kundio/app/(admin)/admin/activity/activity-client.tsx": {"lines":{"total":97,"covered":95,"skipped":0,"pct":97.93},"functions":{"total":30,"covered":29,"skipped":0,"pct":96.66},"statements":{"total":110,"covered":108,"skipped":0,"pct":98.18},"branches":{"total":80,"covered":69,"skipped":0,"pct":86.25}}
,"/home/runner/work/kundio/kundio/app/(admin)/admin/activity/page.tsx": {"lines":{"total":7,"covered":7,"skipped":0,"pct":100},"functions":{"total":2,"covered":2,"skipped":0,"pct":100},"statements":{"total":7,"covered":7,"skipped":0,"pct":100},"branches":{"total":6,"covered":5,"skipped":0,"pct":83.33}}
,"/home/runner/work/kundio/kundio/app/(admin)/admin/audit-log/audit-log-client.tsx": {"lines":{"total":74,"covered":72,"skipped":0,"pct":97.29},"functions":{"total":31,"covered":28,"skipped":0,"pct":90.32},"statements":{"total":92,"covered":87,"skipped":0,"pct":94.56},"branches":{"total":71,"covered":53,"skipped":0,"pct":74.64}}
,"/home/runner/work/kundio/kundio/app/(admin)/admin/audit-log/page.tsx": {"lines":{"total":7,"covered":7,"skipped":0,"pct":100},"functions":{"total":2,"covered":2,"skipped":0,"pct":100},"statements":{"total":7,"covered":7,"skipped":0,"pct":100},"branches":{"total":6,"covered":5,"skipped":0,"pct":83.33}}
,"/home/runner/work/kundio/kundio/app/(admin)/admin/billing/billing-client.tsx": {"lines":{"total":52,"covered":46,"skipped":0,"pct":88.46},"functions":{"total":21,"covered":20,"skipped":0,"pct":95.23},"statements":{"total":63,"covered":56,"skipped":0,"pct":88.88},"branches":{"total":38,"covered":30,"skipped":0,"pct":78.94}}
,"/home/runner/work/kundio/kundio/app/(admin)/admin/billing/page.tsx": {"lines":{"total":7,"covered":7,"skipped":0,"pct":100},"functions":{"total":2,"covered":2,"skipped":0,"pct":100},"statements":{"total":7,"covered":7,"skipped":0,"pct":100},"branches":{"total":6,"covered":5,"skipped":0,"pct":83.33}}
,"/home/runner/work/kundio/kundio/app/(admin)/admin/emails/layout.tsx": {"lines":{"total":3,"covered":3,"skipped":0,"pct":100},"functions":{"total":1,"covered":1,"skipped":0,"pct":100},"statements":{"total":4,"covered":4,"skipped":0,"pct":100},"branches":{"total":2,"covered":2,"skipped":0,"pct":100}}
,"/home/runner/work/kundio/kundio/app/(admin)/admin/emails/loading.tsx": {"lines":{"total":1,"covered":1,"skipped":0,"pct":100},"functions":{"total":1,"covered":1,"skipped":0,"pct":100},"statements":{"total":1,"covered":1,"skipped":0,"pct":100},"branches":{"total":0,"covered":0,"skipped":0,"pct":100}}
,"/home/runner/work/kundio/kundio/app/(admin)/admin/emails/page.tsx": {"lines":{"total":46,"covered":43,"skipped":0,"pct":93.47},"functions":{"total":21,"covered":21,"skipped":0,"pct":100},"statements":{"total":54,"covered":49,"skipped":0,"pct":90.74},"branches":{"total":64,"covered":50,"skipped":0,"pct":78.12}}
,"/home/runner/work/kundio/kundio/app/(admin)/admin/emails/_components/email-center-nav.tsx": {"lines":{"total":6,"covered":6,"skipped":0,"pct":100},"functions":{"total":2,"covered":2,"skipped":0,"pct":100},"statements":{"total":6,"covered":6,"skipped":0,"pct":100},"branches":{"total":6,"covered":6,"skipped":0,"pct":100}}
,"/home/runner/work/kundio/kundio/app/(admin)/admin/emails/_components/email-client-logic.ts": {"lines":{"total":33,"covered":33,"skipped":0,"pct":100},"functions":{"total":8,"covered":8,"skipped":0,"pct":100},"statements":{"total":45,"covered":45,"skipped":0,"pct":100},"branches":{"total":46,"covered":44,"skipped":0,"pct":95.65}}
,"/home/runner/work/kundio/kundio/app/(admin)/admin/emails/_components/email-loading.tsx": {"lines":{"total":4,"covered":4,"skipped":0,"pct":100},"functions":{"total":4,"covered":4,"skipped":0,"pct":100},"statements":{"total":4,"covered":4,"skipped":0,"pct":100},"branches":{"total":12,"covered":12,"skipped":0,"pct":100}}
,"/home/runner/work/kundio/kundio/app/(admin)/admin/emails/_components/email-markdown-editor.tsx": {"lines":{"total":30,"covered":21,"skipped":0,"pct":70},"functions":{"total":14,"covered":9,"skipped":0,"pct":64.28},"statements":{"total":36,"covered":26,"skipped":0,"pct":72.22},"branches":{"total":18,"covered":11,"skipped":0,"pct":61.11}}
,"/home/runner/work/kundio/kundio/app/(admin)/admin/emails/_components/preview-frame.tsx": {"lines":{"total":8,"covered":5,"skipped":0,"pct":62.5},"functions":{"total":2,"covered":1,"skipped":0,"pct":50},"statements":{"total":9,"covered":5,"skipped":0,"pct":55.55},"branches":{"total":11,"covered":9,"skipped":0,"pct":81.81}}
,"/home/runner/work/kundio/kundio/app/(admin)/admin/emails/_components/use-debounced-preview.ts": {"lines":{"total":22,"covered":22,"skipped":0,"pct":100},"functions":{"total":5,"covered":5,"skipped":0,"pct":100},"statements":{"total":25,"covered":25,"skipped":0,"pct":100},"branches":{"total":11,"covered":11,"skipped":0,"pct":100}}
,"/home/runner/work/kundio/kundio/app/(admin)/admin/emails/history/loading.tsx": {"lines":{"total":1,"covered":1,"skipped":0,"pct":100},"functions":{"total":1,"covered":1,"skipped":0,"pct":100},"statements":{"total":1,"covered":1,"skipped":0,"pct":100},"branches":{"total":0,"covered":0,"skipped":0,"pct":100}}
,"/home/runner/work/kundio/kundio/app/(admin)/admin/emails/history/page.tsx": {"lines":{"total":21,"covered":19,"skipped":0,"pct":90.47},"functions":{"total":10,"covered":10,"skipped":0,"pct":100},"statements":{"total":29,"covered":27,"skipped":0,"pct":93.1},"branches":{"total":30,"covered":27,"skipped":0,"pct":90}}
,"/home/runner/work/kundio/kundio/app/(admin)/admin/emails/newsletters/loading.tsx": {"lines":{"total":1,"covered":1,"skipped":0,"pct":100},"functions":{"total":1,"covered":1,"skipped":0,"pct":100},"statements":{"total":1,"covered":1,"skipped":0,"pct":100},"branches":{"total":0,"covered":0,"skipped":0,"pct":100}}
,"/home/runner/work/kundio/kundio/app/(admin)/admin/emails/newsletters/newsletter-editor.tsx": {"lines":{"total":123,"covered":112,"skipped":0,"pct":91.05},"functions":{"total":33,"covered":28,"skipped":0,"pct":84.84},"statements":{"total":145,"covered":123,"skipped":0,"pct":84.82},"branches":{"total":138,"covered":105,"skipped":0,"pct":76.08}}
,"/home/runner/work/kundio/kundio/app/(admin)/admin/emails/newsletters/newsletters-client.tsx": {"lines":{"total":48,"covered":48,"skipped":0,"pct":100},"functions":{"total":19,"covered":18,"skipped":0,"pct":94.73},"statements":{"total":62,"covered":61,"skipped":0,"pct":98.38},"branches":{"total":66,"covered":64,"skipped":0,"pct":96.96}}
,"/home/runner/work/kundio/kundio/app/(admin)/admin/emails/newsletters/page.tsx": {"lines":{"total":28,"covered":23,"skipped":0,"pct":82.14},"functions":{"total":12,"covered":11,"skipped":0,"pct":91.66},"statements":{"total":32,"covered":26,"skipped":0,"pct":81.25},"branches":{"total":32,"covered":19,"skipped":0,"pct":59.37}}
,"/home/runner/work/kundio/kundio/app/(admin)/admin/emails/newsletters/send-status-panel.tsx": {"lines":{"total":42,"covered":42,"skipped":0,"pct":100},"functions":{"total":11,"covered":11,"skipped":0,"pct":100},"statements":{"total":55,"covered":52,"skipped":0,"pct":94.54},"branches":{"total":54,"covered":49,"skipped":0,"pct":90.74}}
,"/home/runner/work/kundio/kundio/app/(admin)/admin/emails/newsletters/[id]/page.tsx": {"lines":{"total":7,"covered":6,"skipped":0,"pct":85.71},"functions":{"total":3,"covered":1,"skipped":0,"pct":33.33},"statements":{"total":9,"covered":7,"skipped":0,"pct":77.77},"branches":{"total":8,"covered":6,"skipped":0,"pct":75}}
,"/home/runner/work/kundio/kundio/app/(admin)/admin/emails/newsletters/new/page.tsx": {"lines":{"total":4,"covered":3,"skipped":0,"pct":75},"functions":{"total":3,"covered":1,"skipped":0,"pct":33.33},"statements":{"total":5,"covered":3,"skipped":0,"pct":60},"branches":{"total":0,"covered":0,"skipped":0,"pct":100}}
,"/home/runner/work/kundio/kundio/app/(admin)/admin/emails/send/composer.tsx": {"lines":{"total":76,"covered":70,"skipped":0,"pct":92.1},"functions":{"total":27,"covered":22,"skipped":0,"pct":81.48},"statements":{"total":83,"covered":73,"skipped":0,"pct":87.95},"branches":{"total":97,"covered":80,"skipped":0,"pct":82.47}}
,"/home/runner/work/kundio/kundio/app/(admin)/admin/emails/send/page.tsx": {"lines":{"total":5,"covered":5,"skipped":0,"pct":100},"functions":{"total":3,"covered":3,"skipped":0,"pct":100},"statements":{"total":5,"covered":5,"skipped":0,"pct":100},"branches":{"total":3,"covered":3,"skipped":0,"pct":100}}
,"/home/runner/work/kundio/kundio/app/(admin)/admin/emails/subscribers/loading.tsx": {"lines":{"total":1,"covered":1,"skipped":0,"pct":100},"functions":{"total":1,"covered":1,"skipped":0,"pct":100},"statements":{"total":1,"covered":1,"skipped":0,"pct":100},"branches":{"total":0,"covered":0,"skipped":0,"pct":100}}
,"/home/runner/work/kundio/kundio/app/(admin)/admin/emails/subscribers/page.tsx": {"lines":{"total":8,"covered":8,"skipped":0,"pct":100},"functions":{"total":2,"covered":2,"skipped":0,"pct":100},"statements":{"total":8,"covered":8,"skipped":0,"pct":100},"branches":{"total":7,"covered":6,"skipped":0,"pct":85.71}}
,"/home/runner/work/kundio/kundio/app/(admin)/admin/emails/subscribers/subscriptions-client.tsx": {"lines":{"total":109,"covered":95,"skipped":0,"pct":87.15},"functions":{"total":36,"covered":26,"skipped":0,"pct":72.22},"statements":{"total":122,"covered":101,"skipped":0,"pct":82.78},"branches":{"total":86,"covered":71,"skipped":0,"pct":82.55}}
,"/home/runner/work/kundio/kundio/app/(admin)/admin/emails/templates/loading.tsx": {"lines":{"total":1,"covered":1,"skipped":0,"pct":100},"functions":{"total":1,"covered":1,"skipped":0,"pct":100},"statements":{"total":1,"covered":1,"skipped":0,"pct":100},"branches":{"total":0,"covered":0,"skipped":0,"pct":100}}
,"/home/runner/work/kundio/kundio/app/(admin)/admin/emails/templates/page.tsx": {"lines":{"total":13,"covered":13,"skipped":0,"pct":100},"functions":{"total":7,"covered":7,"skipped":0,"pct":100},"statements":{"total":16,"covered":16,"skipped":0,"pct":100},"branches":{"total":16,"covered":11,"skipped":0,"pct":68.75}}
,"/home/runner/work/kundio/kundio/app/(admin)/admin/emails/templates/template-editor.tsx": {"lines":{"total":89,"covered":80,"skipped":0,"pct":89.88},"functions":{"total":43,"covered":36,"skipped":0,"pct":83.72},"statements":{"total":107,"covered":92,"skipped":0,"pct":85.98},"branches":{"total":170,"covered":144,"skipped":0,"pct":84.7}}
,"/home/runner/work/kundio/kundio/app/(admin)/admin/emails/templates/templates-client.tsx": {"lines":{"total":79,"covered":77,"skipped":0,"pct":97.46},"functions":{"total":33,"covered":31,"skipped":0,"pct":93.93},"statements":{"total":90,"covered":86,"skipped":0,"pct":95.55},"branches":{"total":98,"covered":95,"skipped":0,"pct":96.93}}
,"/home/runner/work/kundio/kundio/app/(admin)/admin/emails/templates/[id]/page.tsx": {"lines":{"total":4,"covered":4,"skipped":0,"pct":100},"functions":{"total":1,"covered":1,"skipped":0,"pct":100},"statements":{"total":5,"covered":5,"skipped":0,"pct":100},"branches":{"total":6,"covered":4,"skipped":0,"pct":66.66}}
,"/home/runner/work/kundio/kundio/app/(admin)/admin/emails/templates/new/page.tsx": {"lines":{"total":4,"covered":4,"skipped":0,"pct":100},"functions":{"total":1,"covered":1,"skipped":0,"pct":100},"statements":{"total":4,"covered":4,"skipped":0,"pct":100},"branches":{"total":4,"covered":3,"skipped":0,"pct":75}}
,"/home/runner/work/kundio/kundio/app/(admin)/admin/new/form-state.ts": {"lines":{"total":58,"covered":56,"skipped":0,"pct":96.55},"functions":{"total":10,"covered":10,"skipped":0,"pct":100},"statements":{"total":64,"covered":62,"skipped":0,"pct":96.87},"branches":{"total":63,"covered":57,"skipped":0,"pct":90.47}}
,"/home/runner/work/kundio/kundio/app/(admin)/admin/new/loading.tsx": {"lines":{"total":2,"covered":2,"skipped":0,"pct":100},"functions":{"total":2,"covered":2,"skipped":0,"pct":100},"statements":{"total":2,"covered":2,"skipped":0,"pct":100},"branches":{"total":0,"covered":0,"skipped":0,"pct":100}}
,"/home/runner/work/kundio/kundio/app/(admin)/admin/new/new-business-client.tsx": {"lines":{"total":86,"covered":75,"skipped":0,"pct":87.2},"functions":{"total":42,"covered":37,"skipped":0,"pct":88.09},"statements":{"total":94,"covered":82,"skipped":0,"pct":87.23},"branches":{"total":67,"covered":56,"skipped":0,"pct":83.58}}
,"/home/runner/work/kundio/kundio/app/(admin)/admin/new/page.tsx": {"lines":{"total":1,"covered":1,"skipped":0,"pct":100},"functions":{"total":1,"covered":1,"skipped":0,"pct":100},"statements":{"total":1,"covered":1,"skipped":0,"pct":100},"branches":{"total":0,"covered":0,"skipped":0,"pct":100}}
,"/home/runner/work/kundio/kundio/app/(admin)/admin/settings/page.tsx": {"lines":{"total":8,"covered":8,"skipped":0,"pct":100},"functions":{"total":2,"covered":2,"skipped":0,"pct":100},"statements":{"total":8,"covered":8,"skipped":0,"pct":100},"branches":{"total":6,"covered":5,"skipped":0,"pct":83.33}}
,"/home/runner/work/kundio/kundio/app/(admin)/admin/settings/settings-client.tsx": {"lines":{"total":72,"covered":69,"skipped":0,"pct":95.83},"functions":{"total":37,"covered":34,"skipped":0,"pct":91.89},"statements":{"total":76,"covered":73,"skipped":0,"pct":96.05},"branches":{"total":104,"covered":94,"skipped":0,"pct":90.38}}
,"/home/runner/work/kundio/kundio/app/(admin)/admin/users/page.tsx": {"lines":{"total":7,"covered":7,"skipped":0,"pct":100},"functions":{"total":2,"covered":2,"skipped":0,"pct":100},"statements":{"total":7,"covered":7,"skipped":0,"pct":100},"branches":{"total":6,"covered":5,"skipped":0,"pct":83.33}}
,"/home/runner/work/kundio/kundio/app/(admin)/admin/users/users-admin-modals.tsx": {"lines":{"total":38,"covered":29,"skipped":0,"pct":76.31},"functions":{"total":9,"covered":7,"skipped":0,"pct":77.77},"statements":{"total":38,"covered":29,"skipped":0,"pct":76.31},"branches":{"total":34,"covered":23,"skipped":0,"pct":67.64}}
,"/home/runner/work/kundio/kundio/app/(admin)/admin/users/users-client.tsx": {"lines":{"total":96,"covered":85,"skipped":0,"pct":88.54},"functions":{"total":41,"covered":37,"skipped":0,"pct":90.24},"statements":{"total":106,"covered":94,"skipped":0,"pct":88.67},"branches":{"total":69,"covered":57,"skipped":0,"pct":82.6}}
,"/home/runner/work/kundio/kundio/app/(admin)/admin/users/users-platform-section.tsx": {"lines":{"total":59,"covered":53,"skipped":0,"pct":89.83},"functions":{"total":20,"covered":19,"skipped":0,"pct":95},"statements":{"total":65,"covered":59,"skipped":0,"pct":90.76},"branches":{"total":39,"covered":30,"skipped":0,"pct":76.92}}
,"/home/runner/work/kundio/kundio/app/(admin)/admin/users/users-view-shared.tsx": {"lines":{"total":22,"covered":19,"skipped":0,"pct":86.36},"functions":{"total":7,"covered":7,"skipped":0,"pct":100},"statements":{"total":26,"covered":22,"skipped":0,"pct":84.61},"branches":{"total":22,"covered":18,"skipped":0,"pct":81.81}}
,"/home/runner/work/kundio/kundio/app/(admin-compat)/v2/admin/[[...path]]/page.tsx": {"lines":{"total":4,"covered":4,"skipped":0,"pct":100},"functions":{"total":2,"covered":2,"skipped":0,"pct":100},"statements":{"total":4,"covered":4,"skipped":0,"pct":100},"branches":{"total":2,"covered":2,"skipped":0,"pct":100}}
,"/home/runner/work/kundio/kundio/app/(admin-public)/admin/accept-invite/accept-invite-form.tsx": {"lines":{"total":28,"covered":28,"skipped":0,"pct":100},"functions":{"total":5,"covered":5,"skipped":0,"pct":100},"statements":{"total":29,"covered":29,"skipped":0,"pct":100},"branches":{"total":18,"covered":18,"skipped":0,"pct":100}}
,"/home/runner/work/kundio/kundio/app/(admin-public)/admin/accept-invite/page.tsx": {"lines":{"total":15,"covered":15,"skipped":0,"pct":100},"functions":{"total":2,"covered":2,"skipped":0,"pct":100},"statements":{"total":16,"covered":15,"skipped":0,"pct":93.75},"branches":{"total":14,"covered":11,"skipped":0,"pct":78.57}}
,"/home/runner/work/kundio/kundio/app/(admin-public)/admin/login/page.tsx": {"lines":{"total":19,"covered":7,"skipped":0,"pct":36.84},"functions":{"total":4,"covered":1,"skipped":0,"pct":25},"statements":{"total":20,"covered":7,"skipped":0,"pct":35},"branches":{"total":10,"covered":2,"skipped":0,"pct":20}}
,"/home/runner/work/kundio/kundio/app/(dashboard)/layout.tsx": {"lines":{"total":23,"covered":0,"skipped":0,"pct":0},"functions":{"total":3,"covered":0,"skipped":0,"pct":0},"statements":{"total":24,"covered":0,"skipped":0,"pct":0},"branches":{"total":24,"covered":0,"skipped":0,"pct":0}}
,"/home/runner/work/kundio/kundio/app/(dashboard)/page.tsx": {"lines":{"total":1,"covered":1,"skipped":0,"pct":100},"functions":{"total":1,"covered":1,"skipped":0,"pct":100},"statements":{"total":1,"covered":1,"skipped":0,"pct":100},"branches":{"total":0,"covered":0,"skipped":0,"pct":100}}
,"/home/runner/work/kundio/kundio/app/(dashboard)/analytics/loading.tsx": {"lines":{"total":10,"covered":7,"skipped":0,"pct":70},"functions":{"total":7,"covered":4,"skipped":0,"pct":57.14},"statements":{"total":11,"covered":7,"skipped":0,"pct":63.63},"branches":{"total":7,"covered":2,"skipped":0,"pct":28.57}}
,"/home/runner/work/kundio/kundio/app/(dashboard)/analytics/page.tsx": {"lines":{"total":121,"covered":121,"skipped":0,"pct":100},"functions":{"total":23,"covered":23,"skipped":0,"pct":100},"statements":{"total":131,"covered":130,"skipped":0,"pct":99.23},"branches":{"total":113,"covered":92,"skipped":0,"pct":81.41}}
,"/home/runner/work/kundio/kundio/app/(dashboard)/billing/actions.ts": {"lines":{"total":42,"covered":42,"skipped":0,"pct":100},"functions":{"total":4,"covered":4,"skipped":0,"pct":100},"statements":{"total":48,"covered":46,"skipped":0,"pct":95.83},"branches":{"total":24,"covered":18,"skipped":0,"pct":75}}
,"/home/runner/work/kundio/kundio/app/(dashboard)/billing/loading.tsx": {"lines":{"total":1,"covered":1,"skipped":0,"pct":100},"functions":{"total":1,"covered":1,"skipped":0,"pct":100},"statements":{"total":1,"covered":1,"skipped":0,"pct":100},"branches":{"total":0,"covered":0,"skipped":0,"pct":100}}
,"/home/runner/work/kundio/kundio/app/(dashboard)/billing/page.tsx": {"lines":{"total":74,"covered":72,"skipped":0,"pct":97.29},"functions":{"total":12,"covered":12,"skipped":0,"pct":100},"statements":{"total":85,"covered":83,"skipped":0,"pct":97.64},"branches":{"total":123,"covered":111,"skipped":0,"pct":90.24}}
,"/home/runner/work/kundio/kundio/app/(dashboard)/inbox/loading.tsx": {"lines":{"total":4,"covered":4,"skipped":0,"pct":100},"functions":{"total":4,"covered":4,"skipped":0,"pct":100},"statements":{"total":4,"covered":4,"skipped":0,"pct":100},"branches":{"total":0,"covered":0,"skipped":0,"pct":100}}
,"/home/runner/work/kundio/kundio/app/(dashboard)/inbox/page.tsx": {"lines":{"total":33,"covered":33,"skipped":0,"pct":100},"functions":{"total":6,"covered":6,"skipped":0,"pct":100},"statements":{"total":43,"covered":42,"skipped":0,"pct":97.67},"branches":{"total":42,"covered":36,"skipped":0,"pct":85.71}}
,"/home/runner/work/kundio/kundio/app/(dashboard)/integrations/page.tsx": {"lines":{"total":8,"covered":8,"skipped":0,"pct":100},"functions":{"total":2,"covered":2,"skipped":0,"pct":100},"statements":{"total":9,"covered":9,"skipped":0,"pct":100},"branches":{"total":12,"covered":11,"skipped":0,"pct":91.66}}
,"/home/runner/work/kundio/kundio/app/(dashboard)/pipeline/loading.tsx": {"lines":{"total":4,"covered":2,"skipped":0,"pct":50},"functions":{"total":4,"covered":2,"skipped":0,"pct":50},"statements":{"total":4,"covered":2,"skipped":0,"pct":50},"branches":{"total":0,"covered":0,"skipped":0,"pct":100}}
,"/home/runner/work/kundio/kundio/app/(dashboard)/pipeline/page.tsx": {"lines":{"total":26,"covered":26,"skipped":0,"pct":100},"functions":{"total":3,"covered":3,"skipped":0,"pct":100},"statements":{"total":31,"covered":30,"skipped":0,"pct":96.77},"branches":{"total":26,"covered":22,"skipped":0,"pct":84.61}}
,"/home/runner/work/kundio/kundio/app/(dashboard)/reviews/loading.tsx": {"lines":{"total":7,"covered":2,"skipped":0,"pct":28.57},"functions":{"total":7,"covered":2,"skipped":0,"pct":28.57},"statements":{"total":7,"covered":2,"skipped":0,"pct":28.57},"branches":{"total":1,"covered":0,"skipped":0,"pct":0}}
,"/home/runner/work/kundio/kundio/app/(dashboard)/reviews/page.tsx": {"lines":{"total":35,"covered":34,"skipped":0,"pct":97.14},"functions":{"total":6,"covered":6,"skipped":0,"pct":100},"statements":{"total":38,"covered":36,"skipped":0,"pct":94.73},"branches":{"total":45,"covered":38,"skipped":0,"pct":84.44}}
,"/home/runner/work/kundio/kundio/app/(dashboard)/settings/loading.tsx": {"lines":{"total":1,"covered":1,"skipped":0,"pct":100},"functions":{"total":1,"covered":1,"skipped":0,"pct":100},"statements":{"total":1,"covered":1,"skipped":0,"pct":100},"branches":{"total":0,"covered":0,"skipped":0,"pct":100}}
,"/home/runner/work/kundio/kundio/app/(dashboard)/settings/page.tsx": {"lines":{"total":63,"covered":52,"skipped":0,"pct":82.53},"functions":{"total":17,"covered":15,"skipped":0,"pct":88.23},"statements":{"total":65,"covered":54,"skipped":0,"pct":83.07},"branches":{"total":144,"covered":70,"skipped":0,"pct":48.61}}
,"/home/runner/work/kundio/kundio/app/(dashboard)/team/page.tsx": {"lines":{"total":1,"covered":1,"skipped":0,"pct":100},"functions":{"total":1,"covered":1,"skipped":0,"pct":100},"statements":{"total":1,"covered":1,"skipped":0,"pct":100},"branches":{"total":0,"covered":0,"skipped":0,"pct":100}}
,"/home/runner/work/kundio/kundio/app/(widget)/widget/page.tsx": {"lines":{"total":22,"covered":22,"skipped":0,"pct":100},"functions":{"total":1,"covered":1,"skipped":0,"pct":100},"statements":{"total":22,"covered":22,"skipped":0,"pct":100},"branches":{"total":19,"covered":18,"skipped":0,"pct":94.73}}
,"/home/runner/work/kundio/kundio/app/.well-known/vercel/flags/route.ts": {"lines":{"total":1,"covered":1,"skipped":0,"pct":100},"functions":{"total":1,"covered":0,"skipped":0,"pct":0},"statements":{"total":2,"covered":1,"skipped":0,"pct":50},"branches":{"total":0,"covered":0,"skipped":0,"pct":100}}
,"/home/runner/work/kundio/kundio/app/api/admin/activity/route.ts": {"lines":{"total":10,"covered":10,"skipped":0,"pct":100},"functions":{"total":1,"covered":1,"skipped":0,"pct":100},"statements":{"total":11,"covered":11,"skipped":0,"pct":100},"branches":{"total":30,"covered":29,"skipped":0,"pct":96.66}}
,"/home/runner/work/kundio/kundio/app/api/admin/admin-invites/[id]/route.ts": {"lines":{"total":15,"covered":15,"skipped":0,"pct":100},"functions":{"total":1,"covered":1,"skipped":0,"pct":100},"statements":{"total":16,"covered":16,"skipped":0,"pct":100},"branches":{"total":10,"covered":10,"skipped":0,"pct":100}}
,"/home/runner/work/kundio/kundio/app/api/admin/admin-users/route.ts": {"lines":{"total":45,"covered":45,"skipped":0,"pct":100},"functions":{"total":2,"covered":2,"skipped":0,"pct":100},"statements":{"total":47,"covered":47,"skipped":0,"pct":100},"branches":{"total":30,"covered":27,"skipped":0,"pct":90}}
,"/home/runner/work/kundio/kundio/app/api/admin/admin-users/[id]/route.ts": {"lines":{"total":34,"covered":34,"skipped":0,"pct":100},"functions":{"total":2,"covered":2,"skipped":0,"pct":100},"statements":{"total":35,"covered":35,"skipped":0,"pct":100},"branches":{"total":40,"covered":37,"skipped":0,"pct":92.5}}
,"/home/runner/work/kundio/kundio/app/api/admin/audit-log/route.ts": {"lines":{"total":10,"covered":10,"skipped":0,"pct":100},"functions":{"total":1,"covered":1,"skipped":0,"pct":100},"statements":{"total":11,"covered":11,"skipped":0,"pct":100},"branches":{"total":18,"covered":17,"skipped":0,"pct":94.44}}
,"/home/runner/work/kundio/kundio/app/api/admin/audit-log/export/route.ts": {"lines":{"total":10,"covered":10,"skipped":0,"pct":100},"functions":{"total":1,"covered":1,"skipped":0,"pct":100},"statements":{"total":11,"covered":11,"skipped":0,"pct":100},"branches":{"total":14,"covered":13,"skipped":0,"pct":92.85}}
,"/home/runner/work/kundio/kundio/app/api/admin/auth/accept-invite/route.ts": {"lines":{"total":39,"covered":37,"skipped":0,"pct":94.87},"functions":{"total":1,"covered":1,"skipped":0,"pct":100},"statements":{"total":39,"covered":37,"skipped":0,"pct":94.87},"branches":{"total":20,"covered":18,"skipped":0,"pct":90}}
,"/home/runner/work/kundio/kundio/app/api/admin/auth/login/route.ts": {"lines":{"total":33,"covered":33,"skipped":0,"pct":100},"functions":{"total":1,"covered":1,"skipped":0,"pct":100},"statements":{"total":33,"covered":33,"skipped":0,"pct":100},"branches":{"total":16,"covered":16,"skipped":0,"pct":100}}
,"/home/runner/work/kundio/kundio/app/api/admin/auth/logout/route.ts": {"lines":{"total":7,"covered":7,"skipped":0,"pct":100},"functions":{"total":1,"covered":1,"skipped":0,"pct":100},"statements":{"total":7,"covered":7,"skipped":0,"pct":100},"branches":{"total":6,"covered":4,"skipped":0,"pct":66.66}}
,"/home/runner/work/kundio/kundio/app/api/admin/billing/route.ts": {"lines":{"total":10,"covered":10,"skipped":0,"pct":100},"functions":{"total":1,"covered":1,"skipped":0,"pct":100},"statements":{"total":11,"covered":11,"skipped":0,"pct":100},"branches":{"total":10,"covered":10,"skipped":0,"pct":100}}
,"/home/runner/work/kundio/kundio/app/api/admin/billing/export/route.ts": {"lines":{"total":10,"covered":10,"skipped":0,"pct":100},"functions":{"total":1,"covered":1,"skipped":0,"pct":100},"statements":{"total":11,"covered":11,"skipped":0,"pct":100},"branches":{"total":10,"covered":10,"skipped":0,"pct":100}}
,"/home/runner/work/kundio/kundio/app/api/admin/businesses/route.ts": {"lines":{"total":31,"covered":30,"skipped":0,"pct":96.77},"functions":{"total":2,"covered":2,"skipped":0,"pct":100},"statements":{"total":33,"covered":32,"skipped":0,"pct":96.96},"branches":{"total":57,"covered":51,"skipped":0,"pct":89.47}}
,"/home/runner/work/kundio/kundio/app/api/admin/businesses/[id]/route.ts": {"lines":{"total":114,"covered":108,"skipped":0,"pct":94.73},"functions":{"total":5,"covered":5,"skipped":0,"pct":100},"statements":{"total":117,"covered":109,"skipped":0,"pct":93.16},"branches":{"total":103,"covered":87,"skipped":0,"pct":84.46}}
,"/home/runner/work/kundio/kundio/app/api/admin/businesses/[id]/activate-free/route.ts": {"lines":{"total":36,"covered":35,"skipped":0,"pct":97.22},"functions":{"total":2,"covered":2,"skipped":0,"pct":100},"statements":{"total":38,"covered":37,"skipped":0,"pct":97.36},"branches":{"total":44,"covered":37,"skipped":0,"pct":84.09}}
,"/home/runner/work/kundio/kundio/app/api/admin/businesses/[id]/agent-readiness/route.ts": {"lines":{"total":25,"covered":0,"skipped":0,"pct":0},"functions":{"total":1,"covered":0,"skipped":0,"pct":0},"statements":{"total":26,"covered":0,"skipped":0,"pct":0},"branches":{"total":24,"covered":0,"skipped":0,"pct":0}}
,"/home/runner/work/kundio/kundio/app/api/admin/businesses/[id]/billing-portal/route.ts": {"lines":{"total":20,"covered":20,"skipped":0,"pct":100},"functions":{"total":1,"covered":1,"skipped":0,"pct":100},"statements":{"total":21,"covered":21,"skipped":0,"pct":100},"branches":{"total":14,"covered":13,"skipped":0,"pct":92.85}}
,"/home/runner/work/kundio/kundio/app/api/admin/businesses/[id]/free-access/route.ts": {"lines":{"total":0,"covered":0,"skipped":0,"pct":0},"functions":{"total":0,"covered":0,"skipped":0,"pct":0},"statements":{"total":0,"covered":0,"skipped":0,"pct":0},"branches":{"total":0,"covered":0,"skipped":0,"pct":0}}
,"/home/runner/work/kundio/kundio/app/api/admin/businesses/[id]/payment-link/route.ts": {"lines":{"total":15,"covered":15,"skipped":0,"pct":100},"functions":{"total":1,"covered":1,"skipped":0,"pct":100},"statements":{"total":16,"covered":16,"skipped":0,"pct":100},"branches":{"total":19,"covered":18,"skipped":0,"pct":94.73}}
,"/home/runner/work/kundio/kundio/app/api/admin/businesses/[id]/payment-sessions/route.ts": {"lines":{"total":0,"covered":0,"skipped":0,"pct":0},"functions":{"total":0,"covered":0,"skipped":0,"pct":0},"statements":{"total":0,"covered":0,"skipped":0,"pct":0},"branches":{"total":0,"covered":0,"skipped":0,"pct":0}}
,"/home/runner/work/kundio/kundio/app/api/admin/businesses/[id]/payment-sessions/invalidate/route.ts": {"lines":{"total":15,"covered":15,"skipped":0,"pct":100},"functions":{"total":1,"covered":1,"skipped":0,"pct":100},"statements":{"total":16,"covered":15,"skipped":0,"pct":93.75},"branches":{"total":12,"covered":11,"skipped":0,"pct":91.66}}
,"/home/runner/work/kundio/kundio/app/api/admin/businesses/[id]/provision/route.ts": {"lines":{"total":23,"covered":23,"skipped":0,"pct":100},"functions":{"total":1,"covered":1,"skipped":0,"pct":100},"statements":{"total":24,"covered":23,"skipped":0,"pct":95.83},"branches":{"total":14,"covered":12,"skipped":0,"pct":85.71}}
,"/home/runner/work/kundio/kundio/app/api/admin/businesses/[id]/replace-owner/route.ts": {"lines":{"total":47,"covered":46,"skipped":0,"pct":97.87},"functions":{"total":1,"covered":1,"skipped":0,"pct":100},"statements":{"total":48,"covered":47,"skipped":0,"pct":97.91},"branches":{"total":32,"covered":28,"skipped":0,"pct":87.5}}
,"/home/runner/work/kundio/kundio/app/api/admin/businesses/[id]/resend-setup/route.ts": {"lines":{"total":24,"covered":24,"skipped":0,"pct":100},"functions":{"total":1,"covered":1,"skipped":0,"pct":100},"statements":{"total":25,"covered":25,"skipped":0,"pct":100},"branches":{"total":20,"covered":20,"skipped":0,"pct":100}}
,"/home/runner/work/kundio/kundio/app/api/admin/businesses/export/route.ts": {"lines":{"total":33,"covered":33,"skipped":0,"pct":100},"functions":{"total":5,"covered":5,"skipped":0,"pct":100},"statements":{"total":37,"covered":37,"skipped":0,"pct":100},"branches":{"total":38,"covered":35,"skipped":0,"pct":92.1}}
,"/home/runner/work/kundio/kundio/app/api/admin/emails/history/route.ts": {"lines":{"total":11,"covered":11,"skipped":0,"pct":100},"functions":{"total":1,"covered":1,"skipped":0,"pct":100},"statements":{"total":13,"covered":13,"skipped":0,"pct":100},"branches":{"total":12,"covered":10,"skipped":0,"pct":83.33}}
,"/home/runner/work/kundio/kundio/app/api/admin/emails/preview/route.ts": {"lines":{"total":37,"covered":37,"skipped":0,"pct":100},"functions":{"total":1,"covered":1,"skipped":0,"pct":100},"statements":{"total":41,"covered":41,"skipped":0,"pct":100},"branches":{"total":36,"covered":34,"skipped":0,"pct":94.44}}
,"/home/runner/work/kundio/kundio/app/api/admin/emails/send/route.ts": {"lines":{"total":17,"covered":17,"skipped":0,"pct":100},"functions":{"total":1,"covered":1,"skipped":0,"pct":100},"statements":{"total":19,"covered":19,"skipped":0,"pct":100},"branches":{"total":14,"covered":13,"skipped":0,"pct":92.85}}
,"/home/runner/work/kundio/kundio/app/api/admin/emails/send-test/route.ts": {"lines":{"total":17,"covered":15,"skipped":0,"pct":88.23},"functions":{"total":1,"covered":1,"skipped":0,"pct":100},"statements":{"total":19,"covered":17,"skipped":0,"pct":89.47},"branches":{"total":12,"covered":10,"skipped":0,"pct":83.33}}
,"/home/runner/work/kundio/kundio/app/api/admin/emails/templates/route.ts": {"lines":{"total":28,"covered":28,"skipped":0,"pct":100},"functions":{"total":2,"covered":2,"skipped":0,"pct":100},"statements":{"total":32,"covered":32,"skipped":0,"pct":100},"branches":{"total":22,"covered":20,"skipped":0,"pct":90.9}}
,"/home/runner/work/kundio/kundio/app/api/admin/emails/templates/[id]/route.ts": {"lines":{"total":32,"covered":32,"skipped":0,"pct":100},"functions":{"total":3,"covered":3,"skipped":0,"pct":100},"statements":{"total":39,"covered":37,"skipped":0,"pct":94.87},"branches":{"total":20,"covered":16,"skipped":0,"pct":80}}
,"/home/runner/work/kundio/kundio/app/api/admin/emails/templates/[id]/duplicate/route.ts": {"lines":{"total":9,"covered":9,"skipped":0,"pct":100},"functions":{"total":1,"covered":1,"skipped":0,"pct":100},"statements":{"total":11,"covered":11,"skipped":0,"pct":100},"branches":{"total":6,"covered":5,"skipped":0,"pct":83.33}}
,"/home/runner/work/kundio/kundio/app/api/admin/me/route.ts": {"lines":{"total":7,"covered":7,"skipped":0,"pct":100},"functions":{"total":1,"covered":1,"skipped":0,"pct":100},"statements":{"total":7,"covered":7,"skipped":0,"pct":100},"branches":{"total":2,"covered":1,"skipped":0,"pct":50}}
,"/home/runner/work/kundio/kundio/app/api/admin/newsletters/route.ts": {"lines":{"total":24,"covered":24,"skipped":0,"pct":100},"functions":{"total":2,"covered":2,"skipped":0,"pct":100},"statements":{"total":28,"covered":26,"skipped":0,"pct":92.85},"branches":{"total":14,"covered":10,"skipped":0,"pct":71.42}}
,"/home/runner/work/kundio/kundio/app/api/admin/newsletters/[id]/route.ts": {"lines":{"total":32,"covered":32,"skipped":0,"pct":100},"functions":{"total":3,"covered":3,"skipped":0,"pct":100},"statements":{"total":39,"covered":36,"skipped":0,"pct":92.3},"branches":{"total":20,"covered":15,"skipped":0,"pct":75}}
,"/home/runner/work/kundio/kundio/app/api/admin/newsletters/[id]/dispatch/route.ts": {"lines":{"total":24,"covered":24,"skipped":0,"pct":100},"functions":{"total":1,"covered":1,"skipped":0,"pct":100},"statements":{"total":26,"covered":26,"skipped":0,"pct":100},"branches":{"total":16,"covered":15,"skipped":0,"pct":93.75}}
,"/home/runner/work/kundio/kundio/app/api/admin/newsletters/[id]/preview/route.ts": {"lines":{"total":24,"covered":23,"skipped":0,"pct":95.83},"functions":{"total":1,"covered":1,"skipped":0,"pct":100},"statements":{"total":28,"covered":27,"skipped":0,"pct":96.42},"branches":{"total":22,"covered":21,"skipped":0,"pct":95.45}}
,"/home/runner/work/kundio/kundio/app/api/admin/newsletters/[id]/sends/route.ts": {"lines":{"total":14,"covered":14,"skipped":0,"pct":100},"functions":{"total":1,"covered":1,"skipped":0,"pct":100},"statements":{"total":16,"covered":16,"skipped":0,"pct":100},"branches":{"total":10,"covered":9,"skipped":0,"pct":90}}
,"/home/runner/work/kundio/kundio/app/api/admin/newsletters/[id]/test-send/route.ts": {"lines":{"total":12,"covered":12,"skipped":0,"pct":100},"functions":{"total":1,"covered":1,"skipped":0,"pct":100},"statements":{"total":14,"covered":14,"skipped":0,"pct":100},"branches":{"total":8,"covered":7,"skipped":0,"pct":87.5}}
,"/home/runner/work/kundio/kundio/app/api/admin/newsletters/subscriptions/route.ts": {"lines":{"total":27,"covered":27,"skipped":0,"pct":100},"functions":{"total":3,"covered":3,"skipped":0,"pct":100},"statements":{"total":32,"covered":31,"skipped":0,"pct":96.87},"branches":{"total":24,"covered":21,"skipped":0,"pct":87.5}}
,"/home/runner/work/kundio/kundio/app/api/admin/newsletters/subscriptions/[id]/unsubscribe/route.ts": {"lines":{"total":15,"covered":15,"skipped":0,"pct":100},"functions":{"total":1,"covered":1,"skipped":0,"pct":100},"statements":{"total":17,"covered":17,"skipped":0,"pct":100},"branches":{"total":8,"covered":7,"skipped":0,"pct":87.5}}
,"/home/runner/work/kundio/kundio/app/api/admin/platform-users/route.ts": {"lines":{"total":10,"covered":10,"skipped":0,"pct":100},"functions":{"total":1,"covered":1,"skipped":0,"pct":100},"statements":{"total":11,"covered":11,"skipped":0,"pct":100},"branches":{"total":14,"covered":13,"skipped":0,"pct":92.85}}
,"/home/runner/work/kundio/kundio/app/api/admin/search/route.ts": {"lines":{"total":15,"covered":15,"skipped":0,"pct":100},"functions":{"total":3,"covered":3,"skipped":0,"pct":100},"statements":{"total":17,"covered":17,"skipped":0,"pct":100},"branches":{"total":17,"covered":13,"skipped":0,"pct":76.47}}
,"/home/runner/work/kundio/kundio/app/api/admin/settings/route.ts": {"lines":{"total":35,"covered":35,"skipped":0,"pct":100},"functions":{"total":7,"covered":7,"skipped":0,"pct":100},"statements":{"total":38,"covered":38,"skipped":0,"pct":100},"branches":{"total":28,"covered":26,"skipped":0,"pct":92.85}}
,"/home/runner/work/kundio/kundio/app/api/admin/settings/slack-test/route.ts": {"lines":{"total":10,"covered":10,"skipped":0,"pct":100},"functions":{"total":1,"covered":1,"skipped":0,"pct":100},"statements":{"total":11,"covered":11,"skipped":0,"pct":100},"branches":{"total":6,"covered":5,"skipped":0,"pct":83.33}}
,"/home/runner/work/kundio/kundio/app/api/admin/users/lookup/route.ts": {"lines":{"total":14,"covered":14,"skipped":0,"pct":100},"functions":{"total":2,"covered":2,"skipped":0,"pct":100},"statements":{"total":15,"covered":15,"skipped":0,"pct":100},"branches":{"total":8,"covered":8,"skipped":0,"pct":100}}
,"/home/runner/work/kundio/kundio/app/api/auth/password-reset/request/route.ts": {"lines":{"total":32,"covered":25,"skipped":0,"pct":78.12},"functions":{"total":6,"covered":5,"skipped":0,"pct":83.33},"statements":{"total":33,"covered":25,"skipped":0,"pct":75.75},"branches":{"total":22,"covered":12,"skipped":0,"pct":54.54}}
,"/home/runner/work/kundio/kundio/app/api/auth/register/route.ts": {"lines":{"total":1,"covered":1,"skipped":0,"pct":100},"functions":{"total":1,"covered":1,"skipped":0,"pct":100},"statements":{"total":1,"covered":1,"skipped":0,"pct":100},"branches":{"total":0,"covered":0,"skipped":0,"pct":100}}
,"/home/runner/work/kundio/kundio/app/api/auth/signout/route.ts": {"lines":{"total":4,"covered":4,"skipped":0,"pct":100},"functions":{"total":1,"covered":1,"skipped":0,"pct":100},"statements":{"total":4,"covered":4,"skipped":0,"pct":100},"branches":{"total":2,"covered":2,"skipped":0,"pct":100}}
,"/home/runner/work/kundio/kundio/app/api/conversations/[id]/assignment/route.ts": {"lines":{"total":21,"covered":21,"skipped":0,"pct":100},"functions":{"total":1,"covered":1,"skipped":0,"pct":100},"statements":{"total":22,"covered":21,"skipped":0,"pct":95.45},"branches":{"total":14,"covered":13,"skipped":0,"pct":92.85}}
,"/home/runner/work/kundio/kundio/app/api/conversations/[id]/handoff/route.ts": {"lines":{"total":20,"covered":20,"skipped":0,"pct":100},"functions":{"total":1,"covered":1,"skipped":0,"pct":100},"statements":{"total":20,"covered":20,"skipped":0,"pct":100},"branches":{"total":12,"covered":12,"skipped":0,"pct":100}}
,"/home/runner/work/kundio/kundio/app/api/conversations/[id]/messages/route.ts": {"lines":{"total":60,"covered":59,"skipped":0,"pct":98.33},"functions":{"total":3,"covered":3,"skipped":0,"pct":100},"statements":{"total":61,"covered":60,"skipped":0,"pct":98.36},"branches":{"total":40,"covered":36,"skipped":0,"pct":90}}
,"/home/runner/work/kundio/kundio/app/api/email/unsubscribe/route.ts": {"lines":{"total":25,"covered":24,"skipped":0,"pct":96},"functions":{"total":2,"covered":2,"skipped":0,"pct":100},"statements":{"total":25,"covered":24,"skipped":0,"pct":96},"branches":{"total":22,"covered":20,"skipped":0,"pct":90.9}}
,"/home/runner/work/kundio/kundio/app/api/inngest/route.ts": {"lines":{"total":1,"covered":1,"skipped":0,"pct":100},"functions":{"total":0,"covered":0,"skipped":0,"pct":100},"statements":{"total":1,"covered":1,"skipped":0,"pct":100},"branches":{"total":0,"covered":0,"skipped":0,"pct":100}}
,"/home/runner/work/kundio/kundio/app/api/leads/route.ts": {"lines":{"total":110,"covered":109,"skipped":0,"pct":99.09},"functions":{"total":7,"covered":7,"skipped":0,"pct":100},"statements":{"total":116,"covered":115,"skipped":0,"pct":99.13},"branches":{"total":99,"covered":83,"skipped":0,"pct":83.83}}
,"/home/runner/work/kundio/kundio/app/api/leads/[id]/route.ts": {"lines":{"total":75,"covered":70,"skipped":0,"pct":93.33},"functions":{"total":3,"covered":3,"skipped":0,"pct":100},"statements":{"total":80,"covered":72,"skipped":0,"pct":90},"branches":{"total":66,"covered":53,"skipped":0,"pct":80.3}}
,"/home/runner/work/kundio/kundio/app/api/maintenance/bypass/route.ts": {"lines":{"total":14,"covered":14,"skipped":0,"pct":100},"functions":{"total":2,"covered":2,"skipped":0,"pct":100},"statements":{"total":16,"covered":16,"skipped":0,"pct":100},"branches":{"total":6,"covered":6,"skipped":0,"pct":100}}
,"/home/runner/work/kundio/kundio/app/api/marketing/demo-lead/route.ts": {"lines":{"total":26,"covered":26,"skipped":0,"pct":100},"functions":{"total":2,"covered":2,"skipped":0,"pct":100},"statements":{"total":26,"covered":26,"skipped":0,"pct":100},"branches":{"total":20,"covered":20,"skipped":0,"pct":100}}
,"/home/runner/work/kundio/kundio/app/api/marketing/track/route.ts": {"lines":{"total":17,"covered":17,"skipped":0,"pct":100},"functions":{"total":1,"covered":1,"skipped":0,"pct":100},"statements":{"total":17,"covered":17,"skipped":0,"pct":100},"branches":{"total":10,"covered":10,"skipped":0,"pct":100}}
,"/home/runner/work/kundio/kundio/app/api/payment/status/route.ts": {"lines":{"total":30,"covered":29,"skipped":0,"pct":96.66},"functions":{"total":1,"covered":1,"skipped":0,"pct":100},"statements":{"total":30,"covered":29,"skipped":0,"pct":96.66},"branches":{"total":27,"covered":26,"skipped":0,"pct":96.29}}
,"/home/runner/work/kundio/kundio/app/api/provision/self/route.ts": {"lines":{"total":26,"covered":26,"skipped":0,"pct":100},"functions":{"total":1,"covered":1,"skipped":0,"pct":100},"statements":{"total":27,"covered":27,"skipped":0,"pct":100},"branches":{"total":18,"covered":17,"skipped":0,"pct":94.44}}
,"/home/runner/work/kundio/kundio/app/api/review-integrations/route.ts": {"lines":{"total":9,"covered":9,"skipped":0,"pct":100},"functions":{"total":1,"covered":1,"skipped":0,"pct":100},"statements":{"total":11,"covered":11,"skipped":0,"pct":100},"branches":{"total":4,"covered":4,"skipped":0,"pct":100}}
,"/home/runner/work/kundio/kundio/app/api/review-integrations/[id]/route.ts": {"lines":{"total":35,"covered":35,"skipped":0,"pct":100},"functions":{"total":2,"covered":2,"skipped":0,"pct":100},"statements":{"total":39,"covered":39,"skipped":0,"pct":100},"branches":{"total":14,"covered":14,"skipped":0,"pct":100}}
,"/home/runner/work/kundio/kundio/app/api/review-integrations/[id]/sync/route.ts": {"lines":{"total":21,"covered":21,"skipped":0,"pct":100},"functions":{"total":1,"covered":1,"skipped":0,"pct":100},"statements":{"total":23,"covered":23,"skipped":0,"pct":100},"branches":{"total":12,"covered":12,"skipped":0,"pct":100}}
,"/home/runner/work/kundio/kundio/app/api/review-integrations/callback/[provider]/route.ts": {"lines":{"total":33,"covered":33,"skipped":0,"pct":100},"functions":{"total":2,"covered":2,"skipped":0,"pct":100},"statements":{"total":35,"covered":34,"skipped":0,"pct":97.14},"branches":{"total":19,"covered":17,"skipped":0,"pct":89.47}}
,"/home/runner/work/kundio/kundio/app/api/review-integrations/connect/[provider]/route.ts": {"lines":{"total":20,"covered":20,"skipped":0,"pct":100},"functions":{"total":1,"covered":1,"skipped":0,"pct":100},"statements":{"total":22,"covered":20,"skipped":0,"pct":90.9},"branches":{"total":12,"covered":10,"skipped":0,"pct":83.33}}
,"/home/runner/work/kundio/kundio/app/api/reviews/route.ts": {"lines":{"total":31,"covered":31,"skipped":0,"pct":100},"functions":{"total":3,"covered":3,"skipped":0,"pct":100},"statements":{"total":33,"covered":33,"skipped":0,"pct":100},"branches":{"total":36,"covered":34,"skipped":0,"pct":94.44}}
,"/home/runner/work/kundio/kundio/app/api/reviews/[id]/route.ts": {"lines":{"total":25,"covered":25,"skipped":0,"pct":100},"functions":{"total":1,"covered":1,"skipped":0,"pct":100},"statements":{"total":28,"covered":28,"skipped":0,"pct":100},"branches":{"total":16,"covered":16,"skipped":0,"pct":100}}
,"/home/runner/work/kundio/kundio/app/api/reviews/[id]/reply/route.ts": {"lines":{"total":59,"covered":59,"skipped":0,"pct":100},"functions":{"total":2,"covered":2,"skipped":0,"pct":100},"statements":{"total":63,"covered":62,"skipped":0,"pct":98.41},"branches":{"total":44,"covered":41,"skipped":0,"pct":93.18}}
,"/home/runner/work/kundio/kundio/app/api/settings/business/route.ts": {"lines":{"total":23,"covered":22,"skipped":0,"pct":95.65},"functions":{"total":2,"covered":2,"skipped":0,"pct":100},"statements":{"total":24,"covered":22,"skipped":0,"pct":91.66},"branches":{"total":18,"covered":14,"skipped":0,"pct":77.77}}
,"/home/runner/work/kundio/kundio/app/api/settings/business-hours/route.ts": {"lines":{"total":25,"covered":25,"skipped":0,"pct":100},"functions":{"total":2,"covered":2,"skipped":0,"pct":100},"statements":{"total":27,"covered":26,"skipped":0,"pct":96.29},"branches":{"total":14,"covered":12,"skipped":0,"pct":85.71}}
,"/home/runner/work/kundio/kundio/app/api/settings/business-hours/[id]/route.ts": {"lines":{"total":27,"covered":26,"skipped":0,"pct":96.29},"functions":{"total":2,"covered":2,"skipped":0,"pct":100},"statements":{"total":29,"covered":27,"skipped":0,"pct":93.1},"branches":{"total":12,"covered":11,"skipped":0,"pct":91.66}}
,"/home/runner/work/kundio/kundio/app/api/settings/callback-windows/route.ts": {"lines":{"total":27,"covered":27,"skipped":0,"pct":100},"functions":{"total":3,"covered":3,"skipped":0,"pct":100},"statements":{"total":29,"covered":28,"skipped":0,"pct":96.55},"branches":{"total":14,"covered":12,"skipped":0,"pct":85.71}}
,"/home/runner/work/kundio/kundio/app/api/settings/callback-windows/[id]/route.ts": {"lines":{"total":37,"covered":36,"skipped":0,"pct":97.29},"functions":{"total":3,"covered":3,"skipped":0,"pct":100},"statements":{"total":40,"covered":37,"skipped":0,"pct":92.5},"branches":{"total":24,"covered":20,"skipped":0,"pct":83.33}}
,"/home/runner/work/kundio/kundio/app/api/settings/faqs/route.ts": {"lines":{"total":30,"covered":30,"skipped":0,"pct":100},"functions":{"total":2,"covered":2,"skipped":0,"pct":100},"statements":{"total":31,"covered":30,"skipped":0,"pct":96.77},"branches":{"total":20,"covered":18,"skipped":0,"pct":90}}
,"/home/runner/work/kundio/kundio/app/api/settings/faqs/[id]/route.ts": {"lines":{"total":35,"covered":35,"skipped":0,"pct":100},"functions":{"total":2,"covered":2,"skipped":0,"pct":100},"statements":{"total":37,"covered":35,"skipped":0,"pct":94.59},"branches":{"total":18,"covered":16,"skipped":0,"pct":88.88}}
,"/home/runner/work/kundio/kundio/app/api/settings/service-areas/route.ts": {"lines":{"total":27,"covered":27,"skipped":0,"pct":100},"functions":{"total":2,"covered":2,"skipped":0,"pct":100},"statements":{"total":29,"covered":28,"skipped":0,"pct":96.55},"branches":{"total":18,"covered":15,"skipped":0,"pct":83.33}}
,"/home/runner/work/kundio/kundio/app/api/settings/service-areas/[id]/route.ts": {"lines":{"total":27,"covered":26,"skipped":0,"pct":96.29},"functions":{"total":2,"covered":2,"skipped":0,"pct":100},"statements":{"total":29,"covered":27,"skipped":0,"pct":93.1},"branches":{"total":12,"covered":11,"skipped":0,"pct":91.66}}
,"/home/runner/work/kundio/kundio/app/api/settings/services/route.ts": {"lines":{"total":27,"covered":27,"skipped":0,"pct":100},"functions":{"total":2,"covered":2,"skipped":0,"pct":100},"statements":{"total":29,"covered":28,"skipped":0,"pct":96.55},"branches":{"total":20,"covered":16,"skipped":0,"pct":80}}
,"/home/runner/work/kundio/kundio/app/api/settings/services/[id]/route.ts": {"lines":{"total":27,"covered":26,"skipped":0,"pct":96.29},"functions":{"total":2,"covered":2,"skipped":0,"pct":100},"statements":{"total":29,"covered":27,"skipped":0,"pct":93.1},"branches":{"total":12,"covered":11,"skipped":0,"pct":91.66}}
,"/home/runner/work/kundio/kundio/app/api/settings/website-knowledge/chunks/[id]/route.ts": {"lines":{"total":23,"covered":18,"skipped":0,"pct":78.26},"functions":{"total":1,"covered":1,"skipped":0,"pct":100},"statements":{"total":24,"covered":18,"skipped":0,"pct":75},"branches":{"total":12,"covered":7,"skipped":0,"pct":58.33}}
,"/home/runner/work/kundio/kundio/app/api/settings/website-knowledge/manual-notes/route.ts": {"lines":{"total":18,"covered":0,"skipped":0,"pct":0},"functions":{"total":1,"covered":0,"skipped":0,"pct":0},"statements":{"total":19,"covered":0,"skipped":0,"pct":0},"branches":{"total":8,"covered":0,"skipped":0,"pct":0}}
,"/home/runner/work/kundio/kundio/app/api/settings/website-knowledge/readiness/route.ts": {"lines":{"total":36,"covered":0,"skipped":0,"pct":0},"functions":{"total":1,"covered":0,"skipped":0,"pct":0},"statements":{"total":37,"covered":0,"skipped":0,"pct":0},"branches":{"total":17,"covered":0,"skipped":0,"pct":0}}
,"/home/runner/work/kundio/kundio/app/api/settings/website-knowledge/sources/[id]/route.ts": {"lines":{"total":25,"covered":19,"skipped":0,"pct":76},"functions":{"total":1,"covered":1,"skipped":0,"pct":100},"statements":{"total":26,"covered":19,"skipped":0,"pct":73.07},"branches":{"total":14,"covered":8,"skipped":0,"pct":57.14}}
,"/home/runner/work/kundio/kundio/app/api/settings/website-knowledge/websites/route.ts": {"lines":{"total":28,"covered":0,"skipped":0,"pct":0},"functions":{"total":1,"covered":0,"skipped":0,"pct":0},"statements":{"total":29,"covered":0,"skipped":0,"pct":0},"branches":{"total":18,"covered":0,"skipped":0,"pct":0}}
,"/home/runner/work/kundio/kundio/app/api/settings/website-knowledge/websites/[id]/route.ts": {"lines":{"total":37,"covered":30,"skipped":0,"pct":81.08},"functions":{"total":5,"covered":5,"skipped":0,"pct":100},"statements":{"total":41,"covered":33,"skipped":0,"pct":80.48},"branches":{"total":31,"covered":19,"skipped":0,"pct":61.29}}
,"/home/runner/work/kundio/kundio/app/api/settings/website-knowledge/websites/[id]/crawl/route.ts": {"lines":{"total":18,"covered":0,"skipped":0,"pct":0},"functions":{"total":1,"covered":0,"skipped":0,"pct":0},"statements":{"total":19,"covered":0,"skipped":0,"pct":0},"branches":{"total":12,"covered":0,"skipped":0,"pct":0}}
,"/home/runner/work/kundio/kundio/app/api/settings/widget/route.ts": {"lines":{"total":20,"covered":20,"skipped":0,"pct":100},"functions":{"total":1,"covered":1,"skipped":0,"pct":100},"statements":{"total":21,"covered":20,"skipped":0,"pct":95.23},"branches":{"total":10,"covered":9,"skipped":0,"pct":90}}
,"/home/runner/work/kundio/kundio/app/api/settings/widget/avatar/route.ts": {"lines":{"total":61,"covered":0,"skipped":0,"pct":0},"functions":{"total":4,"covered":0,"skipped":0,"pct":0},"statements":{"total":65,"covered":0,"skipped":0,"pct":0},"branches":{"total":46,"covered":0,"skipped":0,"pct":0}}
,"/home/runner/work/kundio/kundio/app/api/settings/widget/origins/route.ts": {"lines":{"total":11,"covered":11,"skipped":0,"pct":100},"functions":{"total":7,"covered":7,"skipped":0,"pct":100},"statements":{"total":12,"covered":11,"skipped":0,"pct":91.66},"branches":{"total":2,"covered":1,"skipped":0,"pct":50}}
,"/home/runner/work/kundio/kundio/app/api/staging-gate/login/route.ts": {"lines":{"total":24,"covered":24,"skipped":0,"pct":100},"functions":{"total":1,"covered":1,"skipped":0,"pct":100},"statements":{"total":26,"covered":26,"skipped":0,"pct":100},"branches":{"total":12,"covered":10,"skipped":0,"pct":83.33}}
,"/home/runner/work/kundio/kundio/app/api/staging-gate/logout/route.ts": {"lines":{"total":7,"covered":7,"skipped":0,"pct":100},"functions":{"total":1,"covered":1,"skipped":0,"pct":100},"statements":{"total":7,"covered":7,"skipped":0,"pct":100},"branches":{"total":5,"covered":5,"skipped":0,"pct":100}}
,"/home/runner/work/kundio/kundio/app/api/stripe/webhook/route.ts": {"lines":{"total":277,"covered":276,"skipped":0,"pct":99.63},"functions":{"total":21,"covered":21,"skipped":0,"pct":100},"statements":{"total":297,"covered":296,"skipped":0,"pct":99.66},"branches":{"total":215,"covered":214,"skipped":0,"pct":99.53}}
,"/home/runner/work/kundio/kundio/app/api/team/invites/route.ts": {"lines":{"total":48,"covered":47,"skipped":0,"pct":97.91},"functions":{"total":3,"covered":3,"skipped":0,"pct":100},"statements":{"total":50,"covered":49,"skipped":0,"pct":98},"branches":{"total":32,"covered":28,"skipped":0,"pct":87.5}}
,"/home/runner/work/kundio/kundio/app/api/team/invites/[id]/route.ts": {"lines":{"total":14,"covered":14,"skipped":0,"pct":100},"functions":{"total":1,"covered":1,"skipped":0,"pct":100},"statements":{"total":15,"covered":15,"skipped":0,"pct":100},"branches":{"total":6,"covered":6,"skipped":0,"pct":100}}
,"/home/runner/work/kundio/kundio/app/api/team/invites/accept/route.ts": {"lines":{"total":41,"covered":40,"skipped":0,"pct":97.56},"functions":{"total":1,"covered":1,"skipped":0,"pct":100},"statements":{"total":41,"covered":40,"skipped":0,"pct":97.56},"branches":{"total":20,"covered":19,"skipped":0,"pct":95}}
,"/home/runner/work/kundio/kundio/app/api/team/invites/accept-setup/route.ts": {"lines":{"total":42,"covered":40,"skipped":0,"pct":95.23},"functions":{"total":1,"covered":1,"skipped":0,"pct":100},"statements":{"total":42,"covered":40,"skipped":0,"pct":95.23},"branches":{"total":25,"covered":23,"skipped":0,"pct":92}}
,"/home/runner/work/kundio/kundio/app/api/team/invites/validate/route.ts": {"lines":{"total":18,"covered":18,"skipped":0,"pct":100},"functions":{"total":1,"covered":1,"skipped":0,"pct":100},"statements":{"total":18,"covered":18,"skipped":0,"pct":100},"branches":{"total":14,"covered":12,"skipped":0,"pct":85.71}}
,"/home/runner/work/kundio/kundio/app/api/team/leave/route.ts": {"lines":{"total":13,"covered":13,"skipped":0,"pct":100},"functions":{"total":1,"covered":1,"skipped":0,"pct":100},"statements":{"total":14,"covered":14,"skipped":0,"pct":100},"branches":{"total":6,"covered":6,"skipped":0,"pct":100}}
,"/home/runner/work/kundio/kundio/app/api/team/members/route.ts": {"lines":{"total":12,"covered":12,"skipped":0,"pct":100},"functions":{"total":2,"covered":2,"skipped":0,"pct":100},"statements":{"total":13,"covered":13,"skipped":0,"pct":100},"branches":{"total":8,"covered":7,"skipped":0,"pct":87.5}}
,"/home/runner/work/kundio/kundio/app/api/team/members/[id]/route.ts": {"lines":{"total":41,"covered":41,"skipped":0,"pct":100},"functions":{"total":2,"covered":2,"skipped":0,"pct":100},"statements":{"total":43,"covered":43,"skipped":0,"pct":100},"branches":{"total":22,"covered":22,"skipped":0,"pct":100}}
,"/home/runner/work/kundio/kundio/app/api/team/switch-business/route.ts": {"lines":{"total":17,"covered":17,"skipped":0,"pct":100},"functions":{"total":1,"covered":1,"skipped":0,"pct":100},"statements":{"total":17,"covered":17,"skipped":0,"pct":100},"branches":{"total":6,"covered":6,"skipped":0,"pct":100}}
,"/home/runner/work/kundio/kundio/app/api/team/transfer-ownership/route.ts": {"lines":{"total":16,"covered":16,"skipped":0,"pct":100},"functions":{"total":1,"covered":1,"skipped":0,"pct":100},"statements":{"total":17,"covered":17,"skipped":0,"pct":100},"branches":{"total":8,"covered":7,"skipped":0,"pct":87.5}}
,"/home/runner/work/kundio/kundio/app/api/twilio/inbound/route.ts": {"lines":{"total":54,"covered":51,"skipped":0,"pct":94.44},"functions":{"total":3,"covered":3,"skipped":0,"pct":100},"statements":{"total":54,"covered":51,"skipped":0,"pct":94.44},"branches":{"total":46,"covered":38,"skipped":0,"pct":82.6}}
,"/home/runner/work/kundio/kundio/app/api/twilio/status/route.ts": {"lines":{"total":27,"covered":25,"skipped":0,"pct":92.59},"functions":{"total":1,"covered":1,"skipped":0,"pct":100},"statements":{"total":27,"covered":25,"skipped":0,"pct":92.59},"branches":{"total":22,"covered":17,"skipped":0,"pct":77.27}}
,"/home/runner/work/kundio/kundio/app/api/widget/config/[businessId]/route.ts": {"lines":{"total":14,"covered":14,"skipped":0,"pct":100},"functions":{"total":2,"covered":2,"skipped":0,"pct":100},"statements":{"total":14,"covered":14,"skipped":0,"pct":100},"branches":{"total":14,"covered":14,"skipped":0,"pct":100}}
,"/home/runner/work/kundio/kundio/app/api/workspace-search/route.ts": {"lines":{"total":17,"covered":15,"skipped":0,"pct":88.23},"functions":{"total":2,"covered":2,"skipped":0,"pct":100},"statements":{"total":19,"covered":17,"skipped":0,"pct":89.47},"branches":{"total":14,"covered":10,"skipped":0,"pct":71.42}}
,"/home/runner/work/kundio/kundio/app/auth/accept-invite/page.tsx": {"lines":{"total":108,"covered":104,"skipped":0,"pct":96.29},"functions":{"total":12,"covered":11,"skipped":0,"pct":91.66},"statements":{"total":109,"covered":105,"skipped":0,"pct":96.33},"branches":{"total":87,"covered":78,"skipped":0,"pct":89.65}}
,"/home/runner/work/kundio/kundio/app/auth/callback/route.ts": {"lines":{"total":32,"covered":31,"skipped":0,"pct":96.87},"functions":{"total":2,"covered":2,"skipped":0,"pct":100},"statements":{"total":32,"covered":31,"skipped":0,"pct":96.87},"branches":{"total":29,"covered":26,"skipped":0,"pct":89.65}}
,"/home/runner/work/kundio/kundio/app/auth/finish-account/page.tsx": {"lines":{"total":77,"covered":70,"skipped":0,"pct":90.9},"functions":{"total":7,"covered":6,"skipped":0,"pct":85.71},"statements":{"total":77,"covered":70,"skipped":0,"pct":90.9},"branches":{"total":52,"covered":45,"skipped":0,"pct":86.53}}
,"/home/runner/work/kundio/kundio/app/auth/forgot-password/page.tsx": {"lines":{"total":13,"covered":13,"skipped":0,"pct":100},"functions":{"total":3,"covered":3,"skipped":0,"pct":100},"statements":{"total":14,"covered":13,"skipped":0,"pct":92.85},"branches":{"total":6,"covered":5,"skipped":0,"pct":83.33}}
,"/home/runner/work/kundio/kundio/app/auth/login/page.tsx": {"lines":{"total":27,"covered":27,"skipped":0,"pct":100},"functions":{"total":6,"covered":6,"skipped":0,"pct":100},"statements":{"total":29,"covered":27,"skipped":0,"pct":93.1},"branches":{"total":15,"covered":13,"skipped":0,"pct":86.66}}
,"/home/runner/work/kundio/kundio/app/auth/no-business/page.tsx": {"lines":{"total":1,"covered":1,"skipped":0,"pct":100},"functions":{"total":1,"covered":1,"skipped":0,"pct":100},"statements":{"total":1,"covered":1,"skipped":0,"pct":100},"branches":{"total":0,"covered":0,"skipped":0,"pct":100}}
,"/home/runner/work/kundio/kundio/app/auth/reset-password/page.tsx": {"lines":{"total":26,"covered":24,"skipped":0,"pct":92.3},"functions":{"total":4,"covered":4,"skipped":0,"pct":100},"statements":{"total":27,"covered":24,"skipped":0,"pct":88.88},"branches":{"total":12,"covered":10,"skipped":0,"pct":83.33}}
,"/home/runner/work/kundio/kundio/app/auth/signup/page.tsx": {"lines":{"total":1,"covered":1,"skipped":0,"pct":100},"functions":{"total":1,"covered":1,"skipped":0,"pct":100},"statements":{"total":1,"covered":1,"skipped":0,"pct":100},"branches":{"total":0,"covered":0,"skipped":0,"pct":100}}
,"/home/runner/work/kundio/kundio/app/blog/layout.tsx": {"lines":{"total":1,"covered":0,"skipped":0,"pct":0},"functions":{"total":1,"covered":0,"skipped":0,"pct":0},"statements":{"total":1,"covered":0,"skipped":0,"pct":0},"branches":{"total":0,"covered":0,"skipped":0,"pct":100}}
,"/home/runner/work/kundio/kundio/app/blog/page.tsx": {"lines":{"total":5,"covered":0,"skipped":0,"pct":0},"functions":{"total":2,"covered":0,"skipped":0,"pct":0},"statements":{"total":6,"covered":0,"skipped":0,"pct":0},"branches":{"total":4,"covered":0,"skipped":0,"pct":0}}
,"/home/runner/work/kundio/kundio/app/blog/[slug]/page.tsx": {"lines":{"total":17,"covered":0,"skipped":0,"pct":0},"functions":{"total":5,"covered":0,"skipped":0,"pct":0},"statements":{"total":21,"covered":0,"skipped":0,"pct":0},"branches":{"total":10,"covered":0,"skipped":0,"pct":0}}
,"/home/runner/work/kundio/kundio/app/brancher/page.tsx": {"lines":{"total":4,"covered":0,"skipped":0,"pct":0},"functions":{"total":2,"covered":0,"skipped":0,"pct":0},"statements":{"total":4,"covered":0,"skipped":0,"pct":0},"branches":{"total":0,"covered":0,"skipped":0,"pct":100}}
,"/home/runner/work/kundio/kundio/app/demo/layout.tsx": {"lines":{"total":1,"covered":0,"skipped":0,"pct":0},"functions":{"total":1,"covered":0,"skipped":0,"pct":0},"statements":{"total":1,"covered":0,"skipped":0,"pct":0},"branches":{"total":0,"covered":0,"skipped":0,"pct":100}}
,"/home/runner/work/kundio/kundio/app/demo/page.tsx": {"lines":{"total":3,"covered":0,"skipped":0,"pct":0},"functions":{"total":2,"covered":0,"skipped":0,"pct":0},"statements":{"total":3,"covered":0,"skipped":0,"pct":0},"branches":{"total":0,"covered":0,"skipped":0,"pct":100}}
,"/home/runner/work/kundio/kundio/app/dpa/page.tsx": {"lines":{"total":2,"covered":0,"skipped":0,"pct":0},"functions":{"total":1,"covered":0,"skipped":0,"pct":0},"statements":{"total":2,"covered":0,"skipped":0,"pct":0},"branches":{"total":0,"covered":0,"skipped":0,"pct":100}}
,"/home/runner/work/kundio/kundio/app/email/unsubscribe/page.tsx": {"lines":{"total":3,"covered":3,"skipped":0,"pct":100},"functions":{"total":1,"covered":1,"skipped":0,"pct":100},"statements":{"total":3,"covered":3,"skipped":0,"pct":100},"branches":{"total":2,"covered":2,"skipped":0,"pct":100}}
,"/home/runner/work/kundio/kundio/app/email/unsubscribe/unsubscribe-client.tsx": {"lines":{"total":27,"covered":24,"skipped":0,"pct":88.88},"functions":{"total":5,"covered":4,"skipped":0,"pct":80},"statements":{"total":31,"covered":25,"skipped":0,"pct":80.64},"branches":{"total":22,"covered":17,"skipped":0,"pct":77.27}}
,"/home/runner/work/kundio/kundio/app/funktioner/page.tsx": {"lines":{"total":2,"covered":0,"skipped":0,"pct":0},"functions":{"total":1,"covered":0,"skipped":0,"pct":0},"statements":{"total":2,"covered":0,"skipped":0,"pct":0},"branches":{"total":0,"covered":0,"skipped":0,"pct":100}}
,"/home/runner/work/kundio/kundio/app/kontakt/page.tsx": {"lines":{"total":3,"covered":0,"skipped":0,"pct":0},"functions":{"total":1,"covered":0,"skipped":0,"pct":0},"statements":{"total":3,"covered":0,"skipped":0,"pct":0},"branches":{"total":2,"covered":0,"skipped":0,"pct":0}}
,"/home/runner/work/kundio/kundio/app/maintenance/page.tsx": {"lines":{"total":3,"covered":0,"skipped":0,"pct":0},"functions":{"total":1,"covered":0,"skipped":0,"pct":0},"statements":{"total":3,"covered":0,"skipped":0,"pct":0},"branches":{"total":0,"covered":0,"skipped":0,"pct":100}}
,"/home/runner/work/kundio/kundio/app/om/page.tsx": {"lines":{"total":5,"covered":0,"skipped":0,"pct":0},"functions":{"total":2,"covered":0,"skipped":0,"pct":0},"statements":{"total":5,"covered":0,"skipped":0,"pct":0},"branches":{"total":4,"covered":0,"skipped":0,"pct":0}}
,"/home/runner/work/kundio/kundio/app/payment/error/page.tsx": {"lines":{"total":1,"covered":0,"skipped":0,"pct":0},"functions":{"total":1,"covered":0,"skipped":0,"pct":0},"statements":{"total":1,"covered":0,"skipped":0,"pct":0},"branches":{"total":0,"covered":0,"skipped":0,"pct":100}}
,"/home/runner/work/kundio/kundio/app/payment/success/page.tsx": {"lines":{"total":51,"covered":50,"skipped":0,"pct":98.03},"functions":{"total":8,"covered":7,"skipped":0,"pct":87.5},"statements":{"total":59,"covered":57,"skipped":0,"pct":96.61},"branches":{"total":46,"covered":38,"skipped":0,"pct":82.6}}
,"/home/runner/work/kundio/kundio/app/priser/page.tsx": {"lines":{"total":2,"covered":0,"skipped":0,"pct":0},"functions":{"total":1,"covered":0,"skipped":0,"pct":0},"statements":{"total":2,"covered":0,"skipped":0,"pct":0},"branches":{"total":0,"covered":0,"skipped":0,"pct":100}}
,"/home/runner/work/kundio/kundio/app/privacy/page.tsx": {"lines":{"total":2,"covered":0,"skipped":0,"pct":0},"functions":{"total":1,"covered":0,"skipped":0,"pct":0},"statements":{"total":2,"covered":0,"skipped":0,"pct":0},"branches":{"total":0,"covered":0,"skipped":0,"pct":100}}
,"/home/runner/work/kundio/kundio/app/staging-gate/page.tsx": {"lines":{"total":21,"covered":21,"skipped":0,"pct":100},"functions":{"total":5,"covered":4,"skipped":0,"pct":80},"statements":{"total":22,"covered":21,"skipped":0,"pct":95.45},"branches":{"total":14,"covered":12,"skipped":0,"pct":85.71}}
,"/home/runner/work/kundio/kundio/app/terms/page.tsx": {"lines":{"total":2,"covered":0,"skipped":0,"pct":0},"functions":{"total":1,"covered":0,"skipped":0,"pct":0},"statements":{"total":2,"covered":0,"skipped":0,"pct":0},"branches":{"total":0,"covered":0,"skipped":0,"pct":100}}
,"/home/runner/work/kundio/kundio/components/admin/admin-shortcut.tsx": {"lines":{"total":29,"covered":27,"skipped":0,"pct":93.1},"functions":{"total":7,"covered":7,"skipped":0,"pct":100},"statements":{"total":31,"covered":27,"skipped":0,"pct":87.09},"branches":{"total":18,"covered":13,"skipped":0,"pct":72.22}}
,"/home/runner/work/kundio/kundio/components/admin/admin-ui.tsx": {"lines":{"total":19,"covered":19,"skipped":0,"pct":100},"functions":{"total":13,"covered":13,"skipped":0,"pct":100},"statements":{"total":19,"covered":19,"skipped":0,"pct":100},"branches":{"total":49,"covered":47,"skipped":0,"pct":95.91}}
,"/home/runner/work/kundio/kundio/components/admin/business-picker.tsx": {"lines":{"total":52,"covered":49,"skipped":0,"pct":94.23},"functions":{"total":22,"covered":19,"skipped":0,"pct":86.36},"statements":{"total":63,"covered":56,"skipped":0,"pct":88.88},"branches":{"total":62,"covered":57,"skipped":0,"pct":91.93}}
,"/home/runner/work/kundio/kundio/components/admin/lifecycle-ui.tsx": {"lines":{"total":13,"covered":13,"skipped":0,"pct":100},"functions":{"total":6,"covered":6,"skipped":0,"pct":100},"statements":{"total":14,"covered":14,"skipped":0,"pct":100},"branches":{"total":24,"covered":18,"skipped":0,"pct":75}}
,"/home/runner/work/kundio/kundio/components/admin/logout-button.tsx": {"lines":{"total":7,"covered":7,"skipped":0,"pct":100},"functions":{"total":2,"covered":2,"skipped":0,"pct":100},"statements":{"total":7,"covered":7,"skipped":0,"pct":100},"branches":{"total":2,"covered":2,"skipped":0,"pct":100}}
,"/home/runner/work/kundio/kundio/components/analytics/analytics-card.tsx": {"lines":{"total":2,"covered":2,"skipped":0,"pct":100},"functions":{"total":2,"covered":2,"skipped":0,"pct":100},"statements":{"total":2,"covered":2,"skipped":0,"pct":100},"branches":{"total":4,"covered":3,"skipped":0,"pct":75}}
,"/home/runner/work/kundio/kundio/components/analytics/analytics-charts.tsx": {"lines":{"total":52,"covered":51,"skipped":0,"pct":98.07},"functions":{"total":28,"covered":27,"skipped":0,"pct":96.42},"statements":{"total":54,"covered":53,"skipped":0,"pct":98.14},"branches":{"total":79,"covered":62,"skipped":0,"pct":78.48}}
,"/home/runner/work/kundio/kundio/components/analytics/analytics-client.tsx": {"lines":{"total":25,"covered":23,"skipped":0,"pct":92},"functions":{"total":18,"covered":16,"skipped":0,"pct":88.88},"statements":{"total":26,"covered":23,"skipped":0,"pct":88.46},"branches":{"total":12,"covered":11,"skipped":0,"pct":91.66}}
,"/home/runner/work/kundio/kundio/components/auth/hash-auth-redirect.tsx": {"lines":{"total":19,"covered":18,"skipped":0,"pct":94.73},"functions":{"total":2,"covered":2,"skipped":0,"pct":100},"statements":{"total":19,"covered":18,"skipped":0,"pct":94.73},"branches":{"total":16,"covered":15,"skipped":0,"pct":93.75}}
,"/home/runner/work/kundio/kundio/components/billing/billing-client.tsx": {"lines":{"total":71,"covered":70,"skipped":0,"pct":98.59},"functions":{"total":12,"covered":11,"skipped":0,"pct":91.66},"statements":{"total":76,"covered":72,"skipped":0,"pct":94.73},"branches":{"total":63,"covered":58,"skipped":0,"pct":92.06}}
,"/home/runner/work/kundio/kundio/components/billing/billing-motion.tsx": {"lines":{"total":3,"covered":3,"skipped":0,"pct":100},"functions":{"total":1,"covered":1,"skipped":0,"pct":100},"statements":{"total":3,"covered":3,"skipped":0,"pct":100},"branches":{"total":6,"covered":6,"skipped":0,"pct":100}}
,"/home/runner/work/kundio/kundio/components/billing/billing-skeleton.tsx": {"lines":{"total":18,"covered":18,"skipped":0,"pct":100},"functions":{"total":18,"covered":18,"skipped":0,"pct":100},"statements":{"total":18,"covered":18,"skipped":0,"pct":100},"branches":{"total":6,"covered":6,"skipped":0,"pct":100}}
,"/home/runner/work/kundio/kundio/components/billing/billing-stripe-details-client.tsx": {"lines":{"total":9,"covered":9,"skipped":0,"pct":100},"functions":{"total":3,"covered":3,"skipped":0,"pct":100},"statements":{"total":10,"covered":10,"skipped":0,"pct":100},"branches":{"total":8,"covered":8,"skipped":0,"pct":100}}
,"/home/runner/work/kundio/kundio/components/billing/cancel-modal.tsx": {"lines":{"total":6,"covered":3,"skipped":0,"pct":50},"functions":{"total":4,"covered":1,"skipped":0,"pct":25},"statements":{"total":9,"covered":3,"skipped":0,"pct":33.33},"branches":{"total":22,"covered":14,"skipped":0,"pct":63.63}}
,"/home/runner/work/kundio/kundio/components/billing/contact-rail.tsx": {"lines":{"total":2,"covered":2,"skipped":0,"pct":100},"functions":{"total":2,"covered":2,"skipped":0,"pct":100},"statements":{"total":2,"covered":2,"skipped":0,"pct":100},"branches":{"total":0,"covered":0,"skipped":0,"pct":100}}
,"/home/runner/work/kundio/kundio/components/billing/invoices-card.tsx": {"lines":{"total":12,"covered":10,"skipped":0,"pct":83.33},"functions":{"total":7,"covered":5,"skipped":0,"pct":71.42},"statements":{"total":12,"covered":10,"skipped":0,"pct":83.33},"branches":{"total":13,"covered":13,"skipped":0,"pct":100}}
,"/home/runner/work/kundio/kundio/components/billing/payment-card.tsx": {"lines":{"total":4,"covered":4,"skipped":0,"pct":100},"functions":{"total":2,"covered":2,"skipped":0,"pct":100},"statements":{"total":4,"covered":4,"skipped":0,"pct":100},"branches":{"total":11,"covered":9,"skipped":0,"pct":81.81}}
,"/home/runner/work/kundio/kundio/components/billing/subscription-card.tsx": {"lines":{"total":24,"covered":24,"skipped":0,"pct":100},"functions":{"total":7,"covered":7,"skipped":0,"pct":100},"statements":{"total":24,"covered":24,"skipped":0,"pct":100},"branches":{"total":81,"covered":78,"skipped":0,"pct":96.29}}
,"/home/runner/work/kundio/kundio/components/billing/types.ts": {"lines":{"total":0,"covered":0,"skipped":0,"pct":0},"functions":{"total":0,"covered":0,"skipped":0,"pct":0},"statements":{"total":0,"covered":0,"skipped":0,"pct":0},"branches":{"total":0,"covered":0,"skipped":0,"pct":0}}
,"/home/runner/work/kundio/kundio/components/billing/usage-card.tsx": {"lines":{"total":20,"covered":19,"skipped":0,"pct":95},"functions":{"total":10,"covered":9,"skipped":0,"pct":90},"statements":{"total":22,"covered":21,"skipped":0,"pct":95.45},"branches":{"total":45,"covered":40,"skipped":0,"pct":88.88}}
,"/home/runner/work/kundio/kundio/components/buttons/animated.tsx": {"lines":{"total":19,"covered":10,"skipped":0,"pct":52.63},"functions":{"total":6,"covered":1,"skipped":0,"pct":16.66},"statements":{"total":20,"covered":10,"skipped":0,"pct":50},"branches":{"total":0,"covered":0,"skipped":0,"pct":100}}
,"/home/runner/work/kundio/kundio/components/dashboard/account-menu.tsx": {"lines":{"total":61,"covered":55,"skipped":0,"pct":90.16},"functions":{"total":29,"covered":26,"skipped":0,"pct":89.65},"statements":{"total":71,"covered":62,"skipped":0,"pct":87.32},"branches":{"total":79,"covered":64,"skipped":0,"pct":81.01}}
,"/home/runner/work/kundio/kundio/components/dashboard/business-switcher.tsx": {"lines":{"total":43,"covered":42,"skipped":0,"pct":97.67},"functions":{"total":16,"covered":15,"skipped":0,"pct":93.75},"statements":{"total":50,"covered":48,"skipped":0,"pct":96},"branches":{"total":61,"covered":57,"skipped":0,"pct":93.44}}
,"/home/runner/work/kundio/kundio/components/dashboard/conversation-detail-skeleton.tsx": {"lines":{"total":10,"covered":10,"skipped":0,"pct":100},"functions":{"total":9,"covered":9,"skipped":0,"pct":100},"statements":{"total":10,"covered":10,"skipped":0,"pct":100},"branches":{"total":16,"covered":16,"skipped":0,"pct":100}}
,"/home/runner/work/kundio/kundio/components/dashboard/conversation-panel.tsx": {"lines":{"total":64,"covered":64,"skipped":0,"pct":100},"functions":{"total":18,"covered":17,"skipped":0,"pct":94.44},"statements":{"total":71,"covered":67,"skipped":0,"pct":94.36},"branches":{"total":78,"covered":71,"skipped":0,"pct":91.02}}
,"/home/runner/work/kundio/kundio/components/dashboard/dashboard-shell.tsx": {"lines":{"total":35,"covered":34,"skipped":0,"pct":97.14},"functions":{"total":10,"covered":9,"skipped":0,"pct":90},"statements":{"total":38,"covered":35,"skipped":0,"pct":92.1},"branches":{"total":31,"covered":24,"skipped":0,"pct":77.41}}
,"/home/runner/work/kundio/kundio/components/dashboard/guided-empty-state.tsx": {"lines":{"total":3,"covered":3,"skipped":0,"pct":100},"functions":{"total":2,"covered":2,"skipped":0,"pct":100},"statements":{"total":3,"covered":3,"skipped":0,"pct":100},"branches":{"total":25,"covered":25,"skipped":0,"pct":100}}
,"/home/runner/work/kundio/kundio/components/dashboard/inbox-conversation-panel-loader.tsx": {"lines":{"total":16,"covered":11,"skipped":0,"pct":68.75},"functions":{"total":9,"covered":4,"skipped":0,"pct":44.44},"statements":{"total":18,"covered":12,"skipped":0,"pct":66.66},"branches":{"total":4,"covered":3,"skipped":0,"pct":75}}
[...]
,"/home/runner/work/kundio/kundio/lib/email/render/placeholders.ts": {"lines":{"total":25,"covered":25,"skipped":0,"pct":100},"functions":{"total":7,"covered":7,"skipped":0,"pct":100},"statements":{"total":25,"covered":25,"skipped":0,"pct":100},"branches":{"total":9,"covered":9,"skipped":0,"pct":100}}
,"/home/runner/work/kundio/kundio/lib/email/render/shell.tsx": {"lines":{"total":3,"covered":3,"skipped":0,"pct":100},"functions":{"total":1,"covered":1,"skipped":0,"pct":100},"statements":{"total":3,"covered":3,"skipped":0,"pct":100},"branches":{"total":5,"covered":4,"skipped":0,"pct":80}}
,"/home/runner/work/kundio/kundio/lib/email/templates/service.ts": {"lines":{"total":107,"covered":104,"skipped":0,"pct":97.19},"functions":{"total":17,"covered":16,"skipped":0,"pct":94.11},"statements":{"total":126,"covered":117,"skipped":0,"pct":92.85},"branches":{"total":127,"covered":110,"skipped":0,"pct":86.61}}
,"/home/runner/work/kundio/kundio/lib/inngest/client.ts": {"lines":{"total":8,"covered":8,"skipped":0,"pct":100},"functions":{"total":2,"covered":2,"skipped":0,"pct":100},"statements":{"total":8,"covered":8,"skipped":0,"pct":100},"branches":{"total":5,"covered":5,"skipped":0,"pct":100}}
,"/home/runner/work/kundio/kundio/lib/inngest/functions/ai-turn.ts": {"lines":{"total":11,"covered":11,"skipped":0,"pct":100},"functions":{"total":1,"covered":1,"skipped":0,"pct":100},"statements":{"total":11,"covered":11,"skipped":0,"pct":100},"branches":{"total":17,"covered":15,"skipped":0,"pct":88.23}}
,"/home/runner/work/kundio/kundio/lib/inngest/functions/conversation-outbox-dispatch.ts": {"lines":{"total":45,"covered":44,"skipped":0,"pct":97.77},"functions":{"total":5,"covered":5,"skipped":0,"pct":100},"statements":{"total":45,"covered":44,"skipped":0,"pct":97.77},"branches":{"total":33,"covered":30,"skipped":0,"pct":90.9}}
,"/home/runner/work/kundio/kundio/lib/inngest/functions/crawl-business-sitemap.ts": {"lines":{"total":107,"covered":96,"skipped":0,"pct":89.71},"functions":{"total":17,"covered":16,"skipped":0,"pct":94.11},"statements":{"total":119,"covered":105,"skipped":0,"pct":88.23},"branches":{"total":68,"covered":51,"skipped":0,"pct":75}}
,"/home/runner/work/kundio/kundio/lib/inngest/functions/embed-business-knowledge.ts": {"lines":{"total":3,"covered":1,"skipped":0,"pct":33.33},"functions":{"total":2,"covered":0,"skipped":0,"pct":0},"statements":{"total":4,"covered":1,"skipped":0,"pct":25},"branches":{"total":2,"covered":0,"skipped":0,"pct":0}}
,"/home/runner/work/kundio/kundio/lib/inngest/functions/index.ts": {"lines":{"total":1,"covered":1,"skipped":0,"pct":100},"functions":{"total":0,"covered":0,"skipped":0,"pct":100},"statements":{"total":1,"covered":1,"skipped":0,"pct":100},"branches":{"total":0,"covered":0,"skipped":0,"pct":100}}
,"/home/runner/work/kundio/kundio/lib/inngest/functions/payment-reminders.ts": {"lines":{"total":7,"covered":7,"skipped":0,"pct":100},"functions":{"total":2,"covered":2,"skipped":0,"pct":100},"statements":{"total":7,"covered":7,"skipped":0,"pct":100},"branches":{"total":4,"covered":4,"skipped":0,"pct":100}}
,"/home/runner/work/kundio/kundio/lib/inngest/functions/rate-limit-cleanup.ts": {"lines":{"total":6,"covered":6,"skipped":0,"pct":100},"functions":{"total":1,"covered":1,"skipped":0,"pct":100},"statements":{"total":6,"covered":6,"skipped":0,"pct":100},"branches":{"total":2,"covered":2,"skipped":0,"pct":100}}
,"/home/runner/work/kundio/kundio/lib/inngest/functions/reviews.ts": {"lines":{"total":20,"covered":20,"skipped":0,"pct":100},"functions":{"total":6,"covered":6,"skipped":0,"pct":100},"statements":{"total":20,"covered":20,"skipped":0,"pct":100},"branches":{"total":12,"covered":12,"skipped":0,"pct":100}}
,"/home/runner/work/kundio/kundio/lib/leads/detail.ts": {"lines":{"total":17,"covered":17,"skipped":0,"pct":100},"functions":{"total":3,"covered":3,"skipped":0,"pct":100},"statements":{"total":18,"covered":18,"skipped":0,"pct":100},"branches":{"total":28,"covered":25,"skipped":0,"pct":89.28}}
,"/home/runner/work/kundio/kundio/lib/leads/initial-message.ts": {"lines":{"total":7,"covered":7,"skipped":0,"pct":100},"functions":{"total":1,"covered":1,"skipped":0,"pct":100},"statements":{"total":7,"covered":7,"skipped":0,"pct":100},"branches":{"total":7,"covered":7,"skipped":0,"pct":100}}
,"/home/runner/work/kundio/kundio/lib/leads/pipeline-drag.ts": {"lines":{"total":2,"covered":2,"skipped":0,"pct":100},"functions":{"total":1,"covered":1,"skipped":0,"pct":100},"statements":{"total":2,"covered":2,"skipped":0,"pct":100},"branches":{"total":0,"covered":0,"skipped":0,"pct":100}}
,"/home/runner/work/kundio/kundio/lib/leads/status.ts": {"lines":{"total":1,"covered":1,"skipped":0,"pct":100},"functions":{"total":0,"covered":0,"skipped":0,"pct":100},"statements":{"total":1,"covered":1,"skipped":0,"pct":100},"branches":{"total":0,"covered":0,"skipped":0,"pct":100}}
,"/home/runner/work/kundio/kundio/lib/leads/timeline.ts": {"lines":{"total":23,"covered":23,"skipped":0,"pct":100},"functions":{"total":2,"covered":2,"skipped":0,"pct":100},"statements":{"total":23,"covered":23,"skipped":0,"pct":100},"branches":{"total":22,"covered":20,"skipped":0,"pct":90.9}}
,"/home/runner/work/kundio/kundio/lib/leads/views.ts": {"lines":{"total":68,"covered":68,"skipped":0,"pct":100},"functions":{"total":10,"covered":10,"skipped":0,"pct":100},"statements":{"total":85,"covered":85,"skipped":0,"pct":100},"branches":{"total":80,"covered":79,"skipped":0,"pct":98.75}}
,"/home/runner/work/kundio/kundio/lib/legal/content.ts": {"lines":{"total":1,"covered":1,"skipped":0,"pct":100},"functions":{"total":0,"covered":0,"skipped":0,"pct":100},"statements":{"total":1,"covered":1,"skipped":0,"pct":100},"branches":{"total":0,"covered":0,"skipped":0,"pct":100}}
,"/home/runner/work/kundio/kundio/lib/legal/current.ts": {"lines":{"total":5,"covered":5,"skipped":0,"pct":100},"functions":{"total":2,"covered":2,"skipped":0,"pct":100},"statements":{"total":5,"covered":5,"skipped":0,"pct":100},"branches":{"total":0,"covered":0,"skipped":0,"pct":100}}
,"/home/runner/work/kundio/kundio/lib/marketing/events.ts": {"lines":{"total":30,"covered":29,"skipped":0,"pct":96.66},"functions":{"total":6,"covered":6,"skipped":0,"pct":100},"statements":{"total":38,"covered":35,"skipped":0,"pct":92.1},"branches":{"total":26,"covered":24,"skipped":0,"pct":92.3}}
,"/home/runner/work/kundio/kundio/lib/marketing/faq.ts": {"lines":{"total":1,"covered":0,"skipped":0,"pct":0},"functions":{"total":0,"covered":0,"skipped":0,"pct":100},"statements":{"total":1,"covered":0,"skipped":0,"pct":0},"branches":{"total":0,"covered":0,"skipped":0,"pct":100}}
,"/home/runner/work/kundio/kundio/lib/marketing/features.ts": {"lines":{"total":1,"covered":0,"skipped":0,"pct":0},"functions":{"total":0,"covered":0,"skipped":0,"pct":100},"statements":{"total":1,"covered":0,"skipped":0,"pct":0},"branches":{"total":0,"covered":0,"skipped":0,"pct":100}}
,"/home/runner/work/kundio/kundio/lib/marketing/first-party-lead.ts": {"lines":{"total":6,"covered":6,"skipped":0,"pct":100},"functions":{"total":2,"covered":2,"skipped":0,"pct":100},"statements":{"total":7,"covered":7,"skipped":0,"pct":100},"branches":{"total":36,"covered":26,"skipped":0,"pct":72.22}}
,"/home/runner/work/kundio/kundio/lib/marketing/leads.ts": {"lines":{"total":29,"covered":0,"skipped":0,"pct":0},"functions":{"total":2,"covered":0,"skipped":0,"pct":0},"statements":{"total":37,"covered":0,"skipped":0,"pct":0},"branches":{"total":28,"covered":0,"skipped":0,"pct":0}}
,"/home/runner/work/kundio/kundio/lib/marketing/logos.ts": {"lines":{"total":1,"covered":0,"skipped":0,"pct":0},"functions":{"total":0,"covered":0,"skipped":0,"pct":100},"statements":{"total":1,"covered":0,"skipped":0,"pct":0},"branches":{"total":0,"covered":0,"skipped":0,"pct":100}}
,"/home/runner/work/kundio/kundio/lib/marketing/nav.ts": {"lines":{"total":3,"covered":3,"skipped":0,"pct":100},"functions":{"total":0,"covered":0,"skipped":0,"pct":100},"statements":{"total":3,"covered":3,"skipped":0,"pct":100},"branches":{"total":4,"covered":2,"skipped":0,"pct":50}}
,"/home/runner/work/kundio/kundio/lib/marketing/self-business-id.ts": {"lines":{"total":3,"covered":3,"skipped":0,"pct":100},"functions":{"total":1,"covered":1,"skipped":0,"pct":100},"statements":{"total":3,"covered":3,"skipped":0,"pct":100},"branches":{"total":2,"covered":2,"skipped":0,"pct":100}}
,"/home/runner/work/kundio/kundio/lib/meta/capi.ts": {"lines":{"total":34,"covered":34,"skipped":0,"pct":100},"functions":{"total":5,"covered":5,"skipped":0,"pct":100},"statements":{"total":43,"covered":43,"skipped":0,"pct":100},"branches":{"total":38,"covered":33,"skipped":0,"pct":86.84}}
,"/home/runner/work/kundio/kundio/lib/meta/cookies.ts": {"lines":{"total":1,"covered":1,"skipped":0,"pct":100},"functions":{"total":1,"covered":1,"skipped":0,"pct":100},"statements":{"total":1,"covered":1,"skipped":0,"pct":100},"branches":{"total":0,"covered":0,"skipped":0,"pct":100}}
,"/home/runner/work/kundio/kundio/lib/meta/track-client.ts": {"lines":{"total":8,"covered":0,"skipped":0,"pct":0},"functions":{"total":2,"covered":0,"skipped":0,"pct":0},"statements":{"total":10,"covered":0,"skipped":0,"pct":0},"branches":{"total":10,"covered":0,"skipped":0,"pct":0}}
,"/home/runner/work/kundio/kundio/lib/payments/create-payment-link.ts": {"lines":{"total":155,"covered":147,"skipped":0,"pct":94.83},"functions":{"total":16,"covered":16,"skipped":0,"pct":100},"statements":{"total":158,"covered":150,"skipped":0,"pct":94.93},"branches":{"total":210,"covered":181,"skipped":0,"pct":86.19}}
,"/home/runner/work/kundio/kundio/lib/payments/payment-reminders.ts": {"lines":{"total":55,"covered":54,"skipped":0,"pct":98.18},"functions":{"total":10,"covered":9,"skipped":0,"pct":90},"statements":{"total":58,"covered":57,"skipped":0,"pct":98.27},"branches":{"total":56,"covered":53,"skipped":0,"pct":94.64}}
,"/home/runner/work/kundio/kundio/lib/payments/status-poll-token.ts": {"lines":{"total":9,"covered":9,"skipped":0,"pct":100},"functions":{"total":3,"covered":3,"skipped":0,"pct":100},"statements":{"total":9,"covered":9,"skipped":0,"pct":100},"branches":{"total":6,"covered":6,"skipped":0,"pct":100}}
,"/home/runner/work/kundio/kundio/lib/reviews/crypto.ts": {"lines":{"total":23,"covered":23,"skipped":0,"pct":100},"functions":{"total":3,"covered":3,"skipped":0,"pct":100},"statements":{"total":26,"covered":26,"skipped":0,"pct":100},"branches":{"total":16,"covered":16,"skipped":0,"pct":100}}
,"/home/runner/work/kundio/kundio/lib/reviews/feature.ts": {"lines":{"total":3,"covered":3,"skipped":0,"pct":100},"functions":{"total":2,"covered":2,"skipped":0,"pct":100},"statements":{"total":4,"covered":4,"skipped":0,"pct":100},"branches":{"total":2,"covered":2,"skipped":0,"pct":100}}
,"/home/runner/work/kundio/kundio/lib/reviews/provider-errors.ts": {"lines":{"total":16,"covered":16,"skipped":0,"pct":100},"functions":{"total":3,"covered":3,"skipped":0,"pct":100},"statements":{"total":16,"covered":16,"skipped":0,"pct":100},"branches":{"total":14,"covered":13,"skipped":0,"pct":92.85}}
,"/home/runner/work/kundio/kundio/lib/reviews/repository.ts": {"lines":{"total":108,"covered":107,"skipped":0,"pct":99.07},"functions":{"total":29,"covered":29,"skipped":0,"pct":100},"statements":{"total":141,"covered":125,"skipped":0,"pct":88.65},"branches":{"total":144,"covered":118,"skipped":0,"pct":81.94}}
,"/home/runner/work/kundio/kundio/lib/reviews/service.ts": {"lines":{"total":81,"covered":81,"skipped":0,"pct":100},"functions":{"total":10,"covered":10,"skipped":0,"pct":100},"statements":{"total":85,"covered":84,"skipped":0,"pct":98.82},"branches":{"total":53,"covered":49,"skipped":0,"pct":92.45}}
,"/home/runner/work/kundio/kundio/lib/reviews/types.ts": {"lines":{"total":2,"covered":2,"skipped":0,"pct":100},"functions":{"total":1,"covered":1,"skipped":0,"pct":100},"statements":{"total":2,"covered":2,"skipped":0,"pct":100},"branches":{"total":0,"covered":0,"skipped":0,"pct":100}}
,"/home/runner/work/kundio/kundio/lib/reviews/providers/catalog.ts": {"lines":{"total":8,"covered":8,"skipped":0,"pct":100},"functions":{"total":6,"covered":6,"skipped":0,"pct":100},"statements":{"total":13,"covered":13,"skipped":0,"pct":100},"branches":{"total":6,"covered":6,"skipped":0,"pct":100}}
,"/home/runner/work/kundio/kundio/lib/reviews/providers/facebook.ts": {"lines":{"total":62,"covered":62,"skipped":0,"pct":100},"functions":{"total":20,"covered":20,"skipped":0,"pct":100},"statements":{"total":67,"covered":67,"skipped":0,"pct":100},"branches":{"total":67,"covered":61,"skipped":0,"pct":91.04}}
,"/home/runner/work/kundio/kundio/lib/reviews/providers/google.ts": {"lines":{"total":106,"covered":106,"skipped":0,"pct":100},"functions":{"total":25,"covered":24,"skipped":0,"pct":96},"statements":{"total":116,"covered":111,"skipped":0,"pct":95.68},"branches":{"total":112,"covered":89,"skipped":0,"pct":79.46}}
,"/home/runner/work/kundio/kundio/lib/reviews/providers/index.ts": {"lines":{"total":7,"covered":7,"skipped":0,"pct":100},"functions":{"total":4,"covered":4,"skipped":0,"pct":100},"statements":{"total":8,"covered":8,"skipped":0,"pct":100},"branches":{"total":4,"covered":4,"skipped":0,"pct":100}}
,"/home/runner/work/kundio/kundio/lib/reviews/providers/unsupported.ts": {"lines":{"total":5,"covered":5,"skipped":0,"pct":100},"functions":{"total":4,"covered":4,"skipped":0,"pct":100},"statements":{"total":5,"covered":5,"skipped":0,"pct":100},"branches":{"total":8,"covered":7,"skipped":0,"pct":87.5}}
,"/home/runner/work/kundio/kundio/lib/stripe/client.ts": {"lines":{"total":3,"covered":3,"skipped":0,"pct":100},"functions":{"total":0,"covered":0,"skipped":0,"pct":100},"statements":{"total":3,"covered":3,"skipped":0,"pct":100},"branches":{"total":2,"covered":2,"skipped":0,"pct":100}}
,"/home/runner/work/kundio/kundio/lib/stripe/plans.ts": {"lines":{"total":2,"covered":2,"skipped":0,"pct":100},"functions":{"total":1,"covered":1,"skipped":0,"pct":100},"statements":{"total":2,"covered":2,"skipped":0,"pct":100},"branches":{"total":0,"covered":0,"skipped":0,"pct":100}}
,"/home/runner/work/kundio/kundio/lib/stripe/subscription-gate.ts": {"lines":{"total":94,"covered":94,"skipped":0,"pct":100},"functions":{"total":14,"covered":14,"skipped":0,"pct":100},"statements":{"total":104,"covered":99,"skipped":0,"pct":95.19},"branches":{"total":187,"covered":167,"skipped":0,"pct":89.3}}
,"/home/runner/work/kundio/kundio/lib/supabase/admin.ts": {"lines":{"total":1,"covered":1,"skipped":0,"pct":100},"functions":{"total":1,"covered":1,"skipped":0,"pct":100},"statements":{"total":1,"covered":1,"skipped":0,"pct":100},"branches":{"total":0,"covered":0,"skipped":0,"pct":100}}
,"/home/runner/work/kundio/kundio/lib/supabase/client.ts": {"lines":{"total":3,"covered":3,"skipped":0,"pct":100},"functions":{"total":1,"covered":1,"skipped":0,"pct":100},"statements":{"total":3,"covered":3,"skipped":0,"pct":100},"branches":{"total":0,"covered":0,"skipped":0,"pct":100}}
,"/home/runner/work/kundio/kundio/lib/supabase/middleware.ts": {"lines":{"total":11,"covered":11,"skipped":0,"pct":100},"functions":{"total":5,"covered":5,"skipped":0,"pct":100},"statements":{"total":12,"covered":12,"skipped":0,"pct":100},"branches":{"total":0,"covered":0,"skipped":0,"pct":100}}
,"/home/runner/work/kundio/kundio/lib/supabase/server.ts": {"lines":{"total":7,"covered":7,"skipped":0,"pct":100},"functions":{"total":4,"covered":4,"skipped":0,"pct":100},"statements":{"total":8,"covered":8,"skipped":0,"pct":100},"branches":{"total":0,"covered":0,"skipped":0,"pct":100}}
,"/home/runner/work/kundio/kundio/lib/twilio/client.ts": {"lines":{"total":39,"covered":39,"skipped":0,"pct":100},"functions":{"total":6,"covered":6,"skipped":0,"pct":100},"statements":{"total":39,"covered":39,"skipped":0,"pct":100},"branches":{"total":30,"covered":30,"skipped":0,"pct":100}}
,"/home/runner/work/kundio/kundio/lib/twilio/signature.ts": {"lines":{"total":2,"covered":2,"skipped":0,"pct":100},"functions":{"total":2,"covered":2,"skipped":0,"pct":100},"statements":{"total":2,"covered":2,"skipped":0,"pct":100},"branches":{"total":2,"covered":2,"skipped":0,"pct":100}}
,"/home/runner/work/kundio/kundio/lib/twilio/provisioning/address.ts": {"lines":{"total":25,"covered":19,"skipped":0,"pct":76},"functions":{"total":3,"covered":3,"skipped":0,"pct":100},"statements":{"total":26,"covered":20,"skipped":0,"pct":76.92},"branches":{"total":16,"covered":10,"skipped":0,"pct":62.5}}
,"/home/runner/work/kundio/kundio/lib/twilio/provisioning/config.ts": {"lines":{"total":19,"covered":19,"skipped":0,"pct":100},"functions":{"total":4,"covered":4,"skipped":0,"pct":100},"statements":{"total":19,"covered":19,"skipped":0,"pct":100},"branches":{"total":35,"covered":33,"skipped":0,"pct":94.28}}
,"/home/runner/work/kundio/kundio/lib/twilio/provisioning/index.ts": {"lines":{"total":9,"covered":9,"skipped":0,"pct":100},"functions":{"total":1,"covered":1,"skipped":0,"pct":100},"statements":{"total":9,"covered":9,"skipped":0,"pct":100},"branches":{"total":5,"covered":5,"skipped":0,"pct":100}}
,"/home/runner/work/kundio/kundio/lib/twilio/provisioning/live.ts": {"lines":{"total":67,"covered":67,"skipped":0,"pct":100},"functions":{"total":13,"covered":13,"skipped":0,"pct":100},"statements":{"total":67,"covered":67,"skipped":0,"pct":100},"branches":{"total":26,"covered":26,"skipped":0,"pct":100}}
,"/home/runner/work/kundio/kundio/lib/twilio/provisioning/mock.ts": {"lines":{"total":28,"covered":28,"skipped":0,"pct":100},"functions":{"total":7,"covered":7,"skipped":0,"pct":100},"statements":{"total":28,"covered":28,"skipped":0,"pct":100},"branches":{"total":0,"covered":0,"skipped":0,"pct":100}}
,"/home/runner/work/kundio/kundio/lib/twilio/provisioning/orchestrator.ts": {"lines":{"total":61,"covered":60,"skipped":0,"pct":98.36},"functions":{"total":1,"covered":1,"skipped":0,"pct":100},"statements":{"total":61,"covered":60,"skipped":0,"pct":98.36},"branches":{"total":41,"covered":36,"skipped":0,"pct":87.8}}
,"/home/runner/work/kundio/kundio/lib/twilio/provisioning/test.ts": {"lines":{"total":31,"covered":31,"skipped":0,"pct":100},"functions":{"total":8,"covered":8,"skipped":0,"pct":100},"statements":{"total":31,"covered":31,"skipped":0,"pct":100},"branches":{"total":0,"covered":0,"skipped":0,"pct":100}}
,"/home/runner/work/kundio/kundio/lib/twilio/provisioning/types.ts": {"lines":{"total":0,"covered":0,"skipped":0,"pct":0},"functions":{"total":0,"covered":0,"skipped":0,"pct":0},"statements":{"total":0,"covered":0,"skipped":0,"pct":0},"branches":{"total":0,"covered":0,"skipped":0,"pct":0}}
,"/home/runner/work/kundio/kundio/lib/validation/lead-schema.ts": {"lines":{"total":6,"covered":6,"skipped":0,"pct":100},"functions":{"total":1,"covered":1,"skipped":0,"pct":100},"statements":{"total":6,"covered":6,"skipped":0,"pct":100},"branches":{"total":2,"covered":2,"skipped":0,"pct":100}}
,"/home/runner/work/kundio/kundio/lib/validation/phone.ts": {"lines":{"total":13,"covered":13,"skipped":0,"pct":100},"functions":{"total":2,"covered":2,"skipped":0,"pct":100},"statements":{"total":16,"covered":16,"skipped":0,"pct":100},"branches":{"total":12,"covered":12,"skipped":0,"pct":100}}
,"/home/runner/work/kundio/kundio/lib/widget/avatar.ts": {"lines":{"total":12,"covered":8,"skipped":0,"pct":66.66},"functions":{"total":4,"covered":3,"skipped":0,"pct":75},"statements":{"total":13,"covered":9,"skipped":0,"pct":69.23},"branches":{"total":8,"covered":3,"skipped":0,"pct":37.5}}
,"/home/runner/work/kundio/kundio/lib/widget/origin-authorization.ts": {"lines":{"total":140,"covered":137,"skipped":0,"pct":97.85},"functions":{"total":25,"covered":25,"skipped":0,"pct":100},"statements":{"total":155,"covered":151,"skipped":0,"pct":97.41},"branches":{"total":175,"covered":167,"skipped":0,"pct":95.42}}
}
