{"total": {"lines":{"total":12196,"covered":3969,"skipped":0,"pct":32.54},"statements":{"total":13331,"covered":4187,"skipped":0,"pct":31.4},"functions":{"total":2928,"covered":651,"skipped":0,"pct":22.23},"branches":{"total":11609,"covered":3358,"skipped":0,"pct":28.92},"branchesTrue":{"total":0,"covered":0,"skipped":0,"pct":100}}
,"/home/runner/work/kundio/kundio/app/layout.tsx": {"lines":{"total":7,"covered":0,"skipped":0,"pct":0},"functions":{"total":1,"covered":0,"skipped":0,"pct":0},"statements":{"total":7,"covered":0,"skipped":0,"pct":0},"branches":{"total":0,"covered":0,"skipped":0,"pct":100}}
,"/home/runner/work/kundio/kundio/app/manifest.ts": {"lines":{"total":1,"covered":0,"skipped":0,"pct":0},"functions":{"total":1,"covered":0,"skipped":0,"pct":0},"statements":{"total":1,"covered":0,"skipped":0,"pct":0},"branches":{"total":0,"covered":0,"skipped":0,"pct":100}}
,"/home/runner/work/kundio/kundio/app/page.tsx": {"lines":{"total":2,"covered":0,"skipped":0,"pct":0},"functions":{"total":1,"covered":0,"skipped":0,"pct":0},"statements":{"total":2,"covered":0,"skipped":0,"pct":0},"branches":{"total":2,"covered":0,"skipped":0,"pct":0}}
,"/home/runner/work/kundio/kundio/app/(admin)/admin/layout.tsx": {"lines":{"total":11,"covered":11,"skipped":0,"pct":100},"functions":{"total":2,"covered":2,"skipped":0,"pct":100},"statements":{"total":11,"covered":11,"skipped":0,"pct":100},"branches":{"total":6,"covered":5,"skipped":0,"pct":83.33}}
,"/home/runner/work/kundio/kundio/app/(admin)/admin/page.tsx": {"lines":{"total":4,"covered":0,"skipped":0,"pct":0},"functions":{"total":1,"covered":0,"skipped":0,"pct":0},"statements":{"total":4,"covered":0,"skipped":0,"pct":0},"branches":{"total":2,"covered":0,"skipped":0,"pct":0}}
,"/home/runner/work/kundio/kundio/app/(admin)/admin/[id]/detail-client.tsx": {"lines":{"total":211,"covered":0,"skipped":0,"pct":0},"functions":{"total":53,"covered":0,"skipped":0,"pct":0},"statements":{"total":224,"covered":0,"skipped":0,"pct":0},"branches":{"total":266,"covered":0,"skipped":0,"pct":0}}
,"/home/runner/work/kundio/kundio/app/(admin)/admin/[id]/page.tsx": {"lines":{"total":2,"covered":0,"skipped":0,"pct":0},"functions":{"total":1,"covered":0,"skipped":0,"pct":0},"statements":{"total":2,"covered":0,"skipped":0,"pct":0},"branches":{"total":0,"covered":0,"skipped":0,"pct":100}}
,"/home/runner/work/kundio/kundio/app/(admin)/admin/_components/admin-shell.tsx": {"lines":{"total":14,"covered":1,"skipped":0,"pct":7.14},"functions":{"total":10,"covered":0,"skipped":0,"pct":0},"statements":{"total":21,"covered":1,"skipped":0,"pct":4.76},"branches":{"total":7,"covered":0,"skipped":0,"pct":0}}
,"/home/runner/work/kundio/kundio/app/(admin)/admin/_components/card.tsx": {"lines":{"total":2,"covered":0,"skipped":0,"pct":0},"functions":{"total":2,"covered":0,"skipped":0,"pct":0},"statements":{"total":2,"covered":0,"skipped":0,"pct":0},"branches":{"total":3,"covered":0,"skipped":0,"pct":0}}
,"/home/runner/work/kundio/kundio/app/(admin)/admin/_components/field-row.tsx": {"lines":{"total":55,"covered":0,"skipped":0,"pct":0},"functions":{"total":13,"covered":0,"skipped":0,"pct":0},"statements":{"total":55,"covered":0,"skipped":0,"pct":0},"branches":{"total":61,"covered":0,"skipped":0,"pct":0}}
,"/home/runner/work/kundio/kundio/app/(admin)/admin/_components/lifecycle-banner.tsx": {"lines":{"total":11,"covered":0,"skipped":0,"pct":0},"functions":{"total":1,"covered":0,"skipped":0,"pct":0},"statements":{"total":11,"covered":0,"skipped":0,"pct":0},"branches":{"total":44,"covered":0,"skipped":0,"pct":0}}
,"/home/runner/work/kundio/kundio/app/(admin)/admin/_components/list-view.tsx": {"lines":{"total":63,"covered":0,"skipped":0,"pct":0},"functions":{"total":20,"covered":0,"skipped":0,"pct":0},"statements":{"total":74,"covered":0,"skipped":0,"pct":0},"branches":{"total":58,"covered":0,"skipped":0,"pct":0}}
,"/home/runner/work/kundio/kundio/app/(admin)/admin/_components/modal.tsx": {"lines":{"total":11,"covered":0,"skipped":0,"pct":0},"functions":{"total":8,"covered":0,"skipped":0,"pct":0},"statements":{"total":14,"covered":0,"skipped":0,"pct":0},"branches":{"total":6,"covered":0,"skipped":0,"pct":0}}
,"/home/runner/work/kundio/kundio/app/(admin)/admin/_components/next-action.tsx": {"lines":{"total":13,"covered":0,"skipped":0,"pct":0},"functions":{"total":2,"covered":0,"skipped":0,"pct":0},"statements":{"total":13,"covered":0,"skipped":0,"pct":0},"branches":{"total":19,"covered":0,"skipped":0,"pct":0}}
,"/home/runner/work/kundio/kundio/app/(admin)/admin/_components/pill.tsx": {"lines":{"total":7,"covered":0,"skipped":0,"pct":0},"functions":{"total":2,"covered":0,"skipped":0,"pct":0},"statements":{"total":7,"covered":0,"skipped":0,"pct":0},"branches":{"total":14,"covered":0,"skipped":0,"pct":0}}
,"/home/runner/work/kundio/kundio/app/(admin)/admin/_components/quick-facts.tsx": {"lines":{"total":1,"covered":0,"skipped":0,"pct":0},"functions":{"total":1,"covered":0,"skipped":0,"pct":0},"statements":{"total":1,"covered":0,"skipped":0,"pct":0},"branches":{"total":6,"covered":0,"skipped":0,"pct":0}}
,"/home/runner/work/kundio/kundio/app/(admin)/admin/_components/sidebar.tsx": {"lines":{"total":20,"covered":4,"skipped":0,"pct":20},"functions":{"total":7,"covered":0,"skipped":0,"pct":0},"statements":{"total":20,"covered":4,"skipped":0,"pct":20},"branches":{"total":27,"covered":0,"skipped":0,"pct":0}}
,"/home/runner/work/kundio/kundio/app/(admin)/admin/_components/sort-header.tsx": {"lines":{"total":22,"covered":0,"skipped":0,"pct":0},"functions":{"total":8,"covered":0,"skipped":0,"pct":0},"statements":{"total":28,"covered":0,"skipped":0,"pct":0},"branches":{"total":35,"covered":0,"skipped":0,"pct":0}}
,"/home/runner/work/kundio/kundio/app/(admin)/admin/_components/status-checklist.tsx": {"lines":{"total":4,"covered":0,"skipped":0,"pct":0},"functions":{"total":2,"covered":0,"skipped":0,"pct":0},"statements":{"total":4,"covered":0,"skipped":0,"pct":0},"branches":{"total":45,"covered":0,"skipped":0,"pct":0}}
,"/home/runner/work/kundio/kundio/app/(admin)/admin/_components/table-pagination.tsx": {"lines":{"total":11,"covered":0,"skipped":0,"pct":0},"functions":{"total":5,"covered":0,"skipped":0,"pct":0},"statements":{"total":11,"covered":0,"skipped":0,"pct":0},"branches":{"total":6,"covered":0,"skipped":0,"pct":0}}
,"/home/runner/work/kundio/kundio/app/(admin)/admin/_components/table-skeleton.tsx": {"lines":{"total":4,"covered":0,"skipped":0,"pct":0},"functions":{"total":3,"covered":0,"skipped":0,"pct":0},"statements":{"total":4,"covered":0,"skipped":0,"pct":0},"branches":{"total":1,"covered":0,"skipped":0,"pct":0}}
,"/home/runner/work/kundio/kundio/app/(admin)/admin/_components/topbar.tsx": {"lines":{"total":91,"covered":2,"skipped":0,"pct":2.19},"functions":{"total":40,"covered":0,"skipped":0,"pct":0},"statements":{"total":119,"covered":2,"skipped":0,"pct":1.68},"branches":{"total":81,"covered":0,"skipped":0,"pct":0}}
,"/home/runner/work/kundio/kundio/app/(admin)/admin/_lib/format.ts": {"lines":{"total":21,"covered":0,"skipped":0,"pct":0},"functions":{"total":10,"covered":0,"skipped":0,"pct":0},"statements":{"total":29,"covered":0,"skipped":0,"pct":0},"branches":{"total":12,"covered":0,"skipped":0,"pct":0}}
,"/home/runner/work/kundio/kundio/app/(admin)/admin/activity/activity-client.tsx": {"lines":{"total":89,"covered":0,"skipped":0,"pct":0},"functions":{"total":30,"covered":0,"skipped":0,"pct":0},"statements":{"total":103,"covered":0,"skipped":0,"pct":0},"branches":{"total":76,"covered":0,"skipped":0,"pct":0}}
,"/home/runner/work/kundio/kundio/app/(admin)/admin/activity/page.tsx": {"lines":{"total":7,"covered":0,"skipped":0,"pct":0},"functions":{"total":2,"covered":0,"skipped":0,"pct":0},"statements":{"total":7,"covered":0,"skipped":0,"pct":0},"branches":{"total":6,"covered":0,"skipped":0,"pct":0}}
,"/home/runner/work/kundio/kundio/app/(admin)/admin/audit-log/audit-log-client.tsx": {"lines":{"total":65,"covered":0,"skipped":0,"pct":0},"functions":{"total":31,"covered":0,"skipped":0,"pct":0},"statements":{"total":83,"covered":0,"skipped":0,"pct":0},"branches":{"total":67,"covered":0,"skipped":0,"pct":0}}
,"/home/runner/work/kundio/kundio/app/(admin)/admin/audit-log/page.tsx": {"lines":{"total":7,"covered":0,"skipped":0,"pct":0},"functions":{"total":2,"covered":0,"skipped":0,"pct":0},"statements":{"total":7,"covered":0,"skipped":0,"pct":0},"branches":{"total":6,"covered":0,"skipped":0,"pct":0}}
,"/home/runner/work/kundio/kundio/app/(admin)/admin/billing/billing-client.tsx": {"lines":{"total":52,"covered":0,"skipped":0,"pct":0},"functions":{"total":21,"covered":0,"skipped":0,"pct":0},"statements":{"total":63,"covered":0,"skipped":0,"pct":0},"branches":{"total":38,"covered":0,"skipped":0,"pct":0}}
,"/home/runner/work/kundio/kundio/app/(admin)/admin/billing/page.tsx": {"lines":{"total":7,"covered":0,"skipped":0,"pct":0},"functions":{"total":2,"covered":0,"skipped":0,"pct":0},"statements":{"total":7,"covered":0,"skipped":0,"pct":0},"branches":{"total":6,"covered":0,"skipped":0,"pct":0}}
,"/home/runner/work/kundio/kundio/app/(admin)/admin/emails/layout.tsx": {"lines":{"total":3,"covered":0,"skipped":0,"pct":0},"functions":{"total":1,"covered":0,"skipped":0,"pct":0},"statements":{"total":4,"covered":0,"skipped":0,"pct":0},"branches":{"total":2,"covered":0,"skipped":0,"pct":0}}
,"/home/runner/work/kundio/kundio/app/(admin)/admin/emails/loading.tsx": {"lines":{"total":1,"covered":0,"skipped":0,"pct":0},"functions":{"total":1,"covered":0,"skipped":0,"pct":0},"statements":{"total":1,"covered":0,"skipped":0,"pct":0},"branches":{"total":0,"covered":0,"skipped":0,"pct":100}}
,"/home/runner/work/kundio/kundio/app/(admin)/admin/emails/page.tsx": {"lines":{"total":39,"covered":0,"skipped":0,"pct":0},"functions":{"total":20,"covered":0,"skipped":0,"pct":0},"statements":{"total":47,"covered":0,"skipped":0,"pct":0},"branches":{"total":58,"covered":0,"skipped":0,"pct":0}}
,"/home/runner/work/kundio/kundio/app/(admin)/admin/emails/_components/email-center-nav.tsx": {"lines":{"total":6,"covered":0,"skipped":0,"pct":0},"functions":{"total":2,"covered":0,"skipped":0,"pct":0},"statements":{"total":6,"covered":0,"skipped":0,"pct":0},"branches":{"total":6,"covered":0,"skipped":0,"pct":0}}
,"/home/runner/work/kundio/kundio/app/(admin)/admin/emails/_components/email-client-logic.ts": {"lines":{"total":33,"covered":32,"skipped":0,"pct":96.96},"functions":{"total":8,"covered":8,"skipped":0,"pct":100},"statements":{"total":45,"covered":44,"skipped":0,"pct":97.77},"branches":{"total":46,"covered":34,"skipped":0,"pct":73.91}}
,"/home/runner/work/kundio/kundio/app/(admin)/admin/emails/_components/email-loading.tsx": {"lines":{"total":4,"covered":0,"skipped":0,"pct":0},"functions":{"total":4,"covered":0,"skipped":0,"pct":0},"statements":{"total":4,"covered":0,"skipped":0,"pct":0},"branches":{"total":12,"covered":0,"skipped":0,"pct":0}}
,"/home/runner/work/kundio/kundio/app/(admin)/admin/emails/_components/preview-frame.tsx": {"lines":{"total":8,"covered":0,"skipped":0,"pct":0},"functions":{"total":2,"covered":0,"skipped":0,"pct":0},"statements":{"total":9,"covered":0,"skipped":0,"pct":0},"branches":{"total":11,"covered":0,"skipped":0,"pct":0}}
,"/home/runner/work/kundio/kundio/app/(admin)/admin/emails/_components/use-debounced-preview.ts": {"lines":{"total":22,"covered":0,"skipped":0,"pct":0},"functions":{"total":5,"covered":0,"skipped":0,"pct":0},"statements":{"total":25,"covered":0,"skipped":0,"pct":0},"branches":{"total":11,"covered":0,"skipped":0,"pct":0}}
,"/home/runner/work/kundio/kundio/app/(admin)/admin/emails/history/loading.tsx": {"lines":{"total":1,"covered":0,"skipped":0,"pct":0},"functions":{"total":1,"covered":0,"skipped":0,"pct":0},"statements":{"total":1,"covered":0,"skipped":0,"pct":0},"branches":{"total":0,"covered":0,"skipped":0,"pct":100}}
,"/home/runner/work/kundio/kundio/app/(admin)/admin/emails/history/page.tsx": {"lines":{"total":19,"covered":0,"skipped":0,"pct":0},"functions":{"total":9,"covered":0,"skipped":0,"pct":0},"statements":{"total":25,"covered":0,"skipped":0,"pct":0},"branches":{"total":32,"covered":0,"skipped":0,"pct":0}}
,"/home/runner/work/kundio/kundio/app/(admin)/admin/emails/newsletters/loading.tsx": {"lines":{"total":1,"covered":0,"skipped":0,"pct":0},"functions":{"total":1,"covered":0,"skipped":0,"pct":0},"statements":{"total":1,"covered":0,"skipped":0,"pct":0},"branches":{"total":0,"covered":0,"skipped":0,"pct":100}}
,"/home/runner/work/kundio/kundio/app/(admin)/admin/emails/newsletters/newsletter-editor.tsx": {"lines":{"total":120,"covered":0,"skipped":0,"pct":0},"functions":{"total":32,"covered":0,"skipped":0,"pct":0},"statements":{"total":140,"covered":0,"skipped":0,"pct":0},"branches":{"total":134,"covered":0,"skipped":0,"pct":0}}
,"/home/runner/work/kundio/kundio/app/(admin)/admin/emails/newsletters/newsletters-client.tsx": {"lines":{"total":40,"covered":0,"skipped":0,"pct":0},"functions":{"total":17,"covered":0,"skipped":0,"pct":0},"statements":{"total":48,"covered":0,"skipped":0,"pct":0},"branches":{"total":54,"covered":0,"skipped":0,"pct":0}}
,"/home/runner/work/kundio/kundio/app/(admin)/admin/emails/newsletters/page.tsx": {"lines":{"total":28,"covered":0,"skipped":0,"pct":0},"functions":{"total":12,"covered":0,"skipped":0,"pct":0},"statements":{"total":32,"covered":0,"skipped":0,"pct":0},"branches":{"total":32,"covered":0,"skipped":0,"pct":0}}
,"/home/runner/work/kundio/kundio/app/(admin)/admin/emails/newsletters/send-status-panel.tsx": {"lines":{"total":37,"covered":0,"skipped":0,"pct":0},"functions":{"total":10,"covered":0,"skipped":0,"pct":0},"statements":{"total":46,"covered":0,"skipped":0,"pct":0},"branches":{"total":46,"covered":0,"skipped":0,"pct":0}}
,"/home/runner/work/kundio/kundio/app/(admin)/admin/emails/newsletters/[id]/page.tsx": {"lines":{"total":7,"covered":0,"skipped":0,"pct":0},"functions":{"total":3,"covered":0,"skipped":0,"pct":0},"statements":{"total":9,"covered":0,"skipped":0,"pct":0},"branches":{"total":8,"covered":0,"skipped":0,"pct":0}}
,"/home/runner/work/kundio/kundio/app/(admin)/admin/emails/newsletters/new/page.tsx": {"lines":{"total":4,"covered":0,"skipped":0,"pct":0},"functions":{"total":3,"covered":0,"skipped":0,"pct":0},"statements":{"total":5,"covered":0,"skipped":0,"pct":0},"branches":{"total":0,"covered":0,"skipped":0,"pct":100}}
,"/home/runner/work/kundio/kundio/app/(admin)/admin/emails/send/composer.tsx": {"lines":{"total":77,"covered":0,"skipped":0,"pct":0},"functions":{"total":28,"covered":0,"skipped":0,"pct":0},"statements":{"total":84,"covered":0,"skipped":0,"pct":0},"branches":{"total":101,"covered":0,"skipped":0,"pct":0}}
,"/home/runner/work/kundio/kundio/app/(admin)/admin/emails/send/page.tsx": {"lines":{"total":4,"covered":0,"skipped":0,"pct":0},"functions":{"total":3,"covered":0,"skipped":0,"pct":0},"statements":{"total":5,"covered":0,"skipped":0,"pct":0},"branches":{"total":0,"covered":0,"skipped":0,"pct":100}}
,"/home/runner/work/kundio/kundio/app/(admin)/admin/emails/subscribers/loading.tsx": {"lines":{"total":1,"covered":0,"skipped":0,"pct":0},"functions":{"total":1,"covered":0,"skipped":0,"pct":0},"statements":{"total":1,"covered":0,"skipped":0,"pct":0},"branches":{"total":0,"covered":0,"skipped":0,"pct":100}}
,"/home/runner/work/kundio/kundio/app/(admin)/admin/emails/subscribers/page.tsx": {"lines":{"total":8,"covered":0,"skipped":0,"pct":0},"functions":{"total":2,"covered":0,"skipped":0,"pct":0},"statements":{"total":8,"covered":0,"skipped":0,"pct":0},"branches":{"total":7,"covered":0,"skipped":0,"pct":0}}
,"/home/runner/work/kundio/kundio/app/(admin)/admin/emails/subscribers/subscriptions-client.tsx": {"lines":{"total":101,"covered":0,"skipped":0,"pct":0},"functions":{"total":37,"covered":0,"skipped":0,"pct":0},"statements":{"total":112,"covered":0,"skipped":0,"pct":0},"branches":{"total":74,"covered":0,"skipped":0,"pct":0}}
,"/home/runner/work/kundio/kundio/app/(admin)/admin/emails/templates/loading.tsx": {"lines":{"total":1,"covered":0,"skipped":0,"pct":0},"functions":{"total":1,"covered":0,"skipped":0,"pct":0},"statements":{"total":1,"covered":0,"skipped":0,"pct":0},"branches":{"total":0,"covered":0,"skipped":0,"pct":100}}
,"/home/runner/work/kundio/kundio/app/(admin)/admin/emails/templates/page.tsx": {"lines":{"total":13,"covered":0,"skipped":0,"pct":0},"functions":{"total":7,"covered":0,"skipped":0,"pct":0},"statements":{"total":16,"covered":0,"skipped":0,"pct":0},"branches":{"total":16,"covered":0,"skipped":0,"pct":0}}
,"/home/runner/work/kundio/kundio/app/(admin)/admin/emails/templates/template-editor.tsx": {"lines":{"total":73,"covered":0,"skipped":0,"pct":0},"functions":{"total":34,"covered":0,"skipped":0,"pct":0},"statements":{"total":87,"covered":0,"skipped":0,"pct":0},"branches":{"total":118,"covered":0,"skipped":0,"pct":0}}
,"/home/runner/work/kundio/kundio/app/(admin)/admin/emails/templates/templates-client.tsx": {"lines":{"total":63,"covered":0,"skipped":0,"pct":0},"functions":{"total":25,"covered":0,"skipped":0,"pct":0},"statements":{"total":73,"covered":0,"skipped":0,"pct":0},"branches":{"total":73,"covered":0,"skipped":0,"pct":0}}
,"/home/runner/work/kundio/kundio/app/(admin)/admin/emails/templates/[id]/page.tsx": {"lines":{"total":4,"covered":0,"skipped":0,"pct":0},"functions":{"total":1,"covered":0,"skipped":0,"pct":0},"statements":{"total":5,"covered":0,"skipped":0,"pct":0},"branches":{"total":6,"covered":0,"skipped":0,"pct":0}}
,"/home/runner/work/kundio/kundio/app/(admin)/admin/emails/templates/new/page.tsx": {"lines":{"total":4,"covered":0,"skipped":0,"pct":0},"functions":{"total":1,"covered":0,"skipped":0,"pct":0},"statements":{"total":4,"covered":0,"skipped":0,"pct":0},"branches":{"total":4,"covered":0,"skipped":0,"pct":0}}
,"/home/runner/work/kundio/kundio/app/(admin)/admin/new/form-state.ts": {"lines":{"total":57,"covered":41,"skipped":0,"pct":71.92},"functions":{"total":10,"covered":9,"skipped":0,"pct":90},"statements":{"total":62,"covered":44,"skipped":0,"pct":70.96},"branches":{"total":61,"covered":38,"skipped":0,"pct":62.29}}
,"/home/runner/work/kundio/kundio/app/(admin)/admin/new/loading.tsx": {"lines":{"total":2,"covered":0,"skipped":0,"pct":0},"functions":{"total":2,"covered":0,"skipped":0,"pct":0},"statements":{"total":2,"covered":0,"skipped":0,"pct":0},"branches":{"total":0,"covered":0,"skipped":0,"pct":100}}
,"/home/runner/work/kundio/kundio/app/(admin)/admin/new/new-business-client.tsx": {"lines":{"total":86,"covered":0,"skipped":0,"pct":0},"functions":{"total":42,"covered":0,"skipped":0,"pct":0},"statements":{"total":93,"covered":0,"skipped":0,"pct":0},"branches":{"total":65,"covered":0,"skipped":0,"pct":0}}
,"/home/runner/work/kundio/kundio/app/(admin)/admin/new/page.tsx": {"lines":{"total":1,"covered":0,"skipped":0,"pct":0},"functions":{"total":1,"covered":0,"skipped":0,"pct":0},"statements":{"total":1,"covered":0,"skipped":0,"pct":0},"branches":{"total":0,"covered":0,"skipped":0,"pct":100}}
,"/home/runner/work/kundio/kundio/app/(admin)/admin/settings/page.tsx": {"lines":{"total":8,"covered":0,"skipped":0,"pct":0},"functions":{"total":2,"covered":0,"skipped":0,"pct":0},"statements":{"total":8,"covered":0,"skipped":0,"pct":0},"branches":{"total":6,"covered":0,"skipped":0,"pct":0}}
,"/home/runner/work/kundio/kundio/app/(admin)/admin/settings/settings-client.tsx": {"lines":{"total":68,"covered":0,"skipped":0,"pct":0},"functions":{"total":35,"covered":0,"skipped":0,"pct":0},"statements":{"total":72,"covered":0,"skipped":0,"pct":0},"branches":{"total":87,"covered":0,"skipped":0,"pct":0}}
,"/home/runner/work/kundio/kundio/app/(admin)/admin/users/page.tsx": {"lines":{"total":7,"covered":0,"skipped":0,"pct":0},"functions":{"total":2,"covered":0,"skipped":0,"pct":0},"statements":{"total":7,"covered":0,"skipped":0,"pct":0},"branches":{"total":6,"covered":0,"skipped":0,"pct":0}}
,"/home/runner/work/kundio/kundio/app/(admin)/admin/users/users-client.tsx": {"lines":{"total":198,"covered":0,"skipped":0,"pct":0},"functions":{"total":66,"covered":0,"skipped":0,"pct":0},"statements":{"total":218,"covered":0,"skipped":0,"pct":0},"branches":{"total":164,"covered":0,"skipped":0,"pct":0}}
,"/home/runner/work/kundio/kundio/app/(admin-compat)/v2/admin/[[...path]]/page.tsx": {"lines":{"total":4,"covered":4,"skipped":0,"pct":100},"functions":{"total":2,"covered":2,"skipped":0,"pct":100},"statements":{"total":4,"covered":4,"skipped":0,"pct":100},"branches":{"total":2,"covered":2,"skipped":0,"pct":100}}
,"/home/runner/work/kundio/kundio/app/(admin-public)/admin/accept-invite/accept-invite-form.tsx": {"lines":{"total":28,"covered":0,"skipped":0,"pct":0},"functions":{"total":5,"covered":0,"skipped":0,"pct":0},"statements":{"total":28,"covered":0,"skipped":0,"pct":0},"branches":{"total":16,"covered":0,"skipped":0,"pct":0}}
,"/home/runner/work/kundio/kundio/app/(admin-public)/admin/accept-invite/page.tsx": {"lines":{"total":15,"covered":0,"skipped":0,"pct":0},"functions":{"total":2,"covered":0,"skipped":0,"pct":0},"statements":{"total":16,"covered":0,"skipped":0,"pct":0},"branches":{"total":14,"covered":0,"skipped":0,"pct":0}}
,"/home/runner/work/kundio/kundio/app/(admin-public)/admin/login/page.tsx": {"lines":{"total":18,"covered":0,"skipped":0,"pct":0},"functions":{"total":4,"covered":0,"skipped":0,"pct":0},"statements":{"total":18,"covered":0,"skipped":0,"pct":0},"branches":{"total":8,"covered":0,"skipped":0,"pct":0}}
,"/home/runner/work/kundio/kundio/app/(dashboard)/layout.tsx": {"lines":{"total":23,"covered":0,"skipped":0,"pct":0},"functions":{"total":3,"covered":0,"skipped":0,"pct":0},"statements":{"total":24,"covered":0,"skipped":0,"pct":0},"branches":{"total":24,"covered":0,"skipped":0,"pct":0}}
,"/home/runner/work/kundio/kundio/app/(dashboard)/page.tsx": {"lines":{"total":1,"covered":0,"skipped":0,"pct":0},"functions":{"total":1,"covered":0,"skipped":0,"pct":0},"statements":{"total":1,"covered":0,"skipped":0,"pct":0},"branches":{"total":0,"covered":0,"skipped":0,"pct":100}}
,"/home/runner/work/kundio/kundio/app/(dashboard)/analytics/loading.tsx": {"lines":{"total":10,"covered":0,"skipped":0,"pct":0},"functions":{"total":7,"covered":0,"skipped":0,"pct":0},"statements":{"total":11,"covered":0,"skipped":0,"pct":0},"branches":{"total":7,"covered":0,"skipped":0,"pct":0}}
,"/home/runner/work/kundio/kundio/app/(dashboard)/analytics/page.tsx": {"lines":{"total":84,"covered":0,"skipped":0,"pct":0},"functions":{"total":17,"covered":0,"skipped":0,"pct":0},"statements":{"total":97,"covered":0,"skipped":0,"pct":0},"branches":{"total":84,"covered":0,"skipped":0,"pct":0}}
,"/home/runner/work/kundio/kundio/app/(dashboard)/billing/actions.ts": {"lines":{"total":42,"covered":32,"skipped":0,"pct":76.19},"functions":{"total":4,"covered":3,"skipped":0,"pct":75},"statements":{"total":48,"covered":32,"skipped":0,"pct":66.66},"branches":{"total":24,"covered":8,"skipped":0,"pct":33.33}}
,"/home/runner/work/kundio/kundio/app/(dashboard)/billing/loading.tsx": {"lines":{"total":1,"covered":0,"skipped":0,"pct":0},"functions":{"total":1,"covered":0,"skipped":0,"pct":0},"statements":{"total":1,"covered":0,"skipped":0,"pct":0},"branches":{"total":0,"covered":0,"skipped":0,"pct":100}}
,"/home/runner/work/kundio/kundio/app/(dashboard)/billing/page.tsx": {"lines":{"total":74,"covered":0,"skipped":0,"pct":0},"functions":{"total":9,"covered":0,"skipped":0,"pct":0},"statements":{"total":85,"covered":0,"skipped":0,"pct":0},"branches":{"total":131,"covered":0,"skipped":0,"pct":0}}
,"/home/runner/work/kundio/kundio/app/(dashboard)/inbox/loading.tsx": {"lines":{"total":4,"covered":0,"skipped":0,"pct":0},"functions":{"total":4,"covered":0,"skipped":0,"pct":0},"statements":{"total":4,"covered":0,"skipped":0,"pct":0},"branches":{"total":0,"covered":0,"skipped":0,"pct":100}}
,"/home/runner/work/kundio/kundio/app/(dashboard)/inbox/page.tsx": {"lines":{"total":32,"covered":0,"skipped":0,"pct":0},"functions":{"total":6,"covered":0,"skipped":0,"pct":0},"statements":{"total":42,"covered":0,"skipped":0,"pct":0},"branches":{"total":40,"covered":0,"skipped":0,"pct":0}}
,"/home/runner/work/kundio/kundio/app/(dashboard)/integrations/page.tsx": {"lines":{"total":6,"covered":0,"skipped":0,"pct":0},"functions":{"total":1,"covered":0,"skipped":0,"pct":0},"statements":{"total":7,"covered":0,"skipped":0,"pct":0},"branches":{"total":12,"covered":0,"skipped":0,"pct":0}}
,"/home/runner/work/kundio/kundio/app/(dashboard)/leads/[id]/page.tsx": {"lines":{"total":7,"covered":0,"skipped":0,"pct":0},"functions":{"total":1,"covered":0,"skipped":0,"pct":0},"statements":{"total":10,"covered":0,"skipped":0,"pct":0},"branches":{"total":6,"covered":0,"skipped":0,"pct":0}}
,"/home/runner/work/kundio/kundio/app/(dashboard)/pipeline/loading.tsx": {"lines":{"total":4,"covered":0,"skipped":0,"pct":0},"functions":{"total":4,"covered":0,"skipped":0,"pct":0},"statements":{"total":4,"covered":0,"skipped":0,"pct":0},"branches":{"total":0,"covered":0,"skipped":0,"pct":100}}
,"/home/runner/work/kundio/kundio/app/(dashboard)/pipeline/page.tsx": {"lines":{"total":26,"covered":0,"skipped":0,"pct":0},"functions":{"total":3,"covered":0,"skipped":0,"pct":0},"statements":{"total":31,"covered":0,"skipped":0,"pct":0},"branches":{"total":26,"covered":0,"skipped":0,"pct":0}}
,"/home/runner/work/kundio/kundio/app/(dashboard)/reviews/loading.tsx": {"lines":{"total":4,"covered":0,"skipped":0,"pct":0},"functions":{"total":4,"covered":0,"skipped":0,"pct":0},"statements":{"total":4,"covered":0,"skipped":0,"pct":0},"branches":{"total":0,"covered":0,"skipped":0,"pct":100}}
,"/home/runner/work/kundio/kundio/app/(dashboard)/reviews/page.tsx": {"lines":{"total":35,"covered":0,"skipped":0,"pct":0},"functions":{"total":6,"covered":0,"skipped":0,"pct":0},"statements":{"total":38,"covered":0,"skipped":0,"pct":0},"branches":{"total":45,"covered":0,"skipped":0,"pct":0}}
,"/home/runner/work/kundio/kundio/app/(dashboard)/settings/loading.tsx": {"lines":{"total":1,"covered":0,"skipped":0,"pct":0},"functions":{"total":1,"covered":0,"skipped":0,"pct":0},"statements":{"total":1,"covered":0,"skipped":0,"pct":0},"branches":{"total":0,"covered":0,"skipped":0,"pct":100}}
,"/home/runner/work/kundio/kundio/app/(dashboard)/settings/page.tsx": {"lines":{"total":32,"covered":0,"skipped":0,"pct":0},"functions":{"total":13,"covered":0,"skipped":0,"pct":0},"statements":{"total":39,"covered":0,"skipped":0,"pct":0},"branches":{"total":61,"covered":0,"skipped":0,"pct":0}}
,"/home/runner/work/kundio/kundio/app/(dashboard)/team/page.tsx": {"lines":{"total":1,"covered":0,"skipped":0,"pct":0},"functions":{"total":1,"covered":0,"skipped":0,"pct":0},"statements":{"total":1,"covered":0,"skipped":0,"pct":0},"branches":{"total":0,"covered":0,"skipped":0,"pct":100}}
,"/home/runner/work/kundio/kundio/app/(widget)/widget/page.tsx": {"lines":{"total":15,"covered":0,"skipped":0,"pct":0},"functions":{"total":1,"covered":0,"skipped":0,"pct":0},"statements":{"total":15,"covered":0,"skipped":0,"pct":0},"branches":{"total":12,"covered":0,"skipped":0,"pct":0}}
,"/home/runner/work/kundio/kundio/app/.well-known/vercel/flags/route.ts": {"lines":{"total":1,"covered":0,"skipped":0,"pct":0},"functions":{"total":1,"covered":0,"skipped":0,"pct":0},"statements":{"total":2,"covered":0,"skipped":0,"pct":0},"branches":{"total":0,"covered":0,"skipped":0,"pct":100}}
,"/home/runner/work/kundio/kundio/app/api/admin/activity/route.ts": {"lines":{"total":10,"covered":0,"skipped":0,"pct":0},"functions":{"total":1,"covered":0,"skipped":0,"pct":0},"statements":{"total":11,"covered":0,"skipped":0,"pct":0},"branches":{"total":30,"covered":0,"skipped":0,"pct":0}}
,"/home/runner/work/kundio/kundio/app/api/admin/admin-invites/[id]/route.ts": {"lines":{"total":15,"covered":0,"skipped":0,"pct":0},"functions":{"total":1,"covered":0,"skipped":0,"pct":0},"statements":{"total":16,"covered":0,"skipped":0,"pct":0},"branches":{"total":10,"covered":0,"skipped":0,"pct":0}}
,"/home/runner/work/kundio/kundio/app/api/admin/admin-users/route.ts": {"lines":{"total":45,"covered":26,"skipped":0,"pct":57.77},"functions":{"total":2,"covered":1,"skipped":0,"pct":50},"statements":{"total":47,"covered":26,"skipped":0,"pct":55.31},"branches":{"total":30,"covered":9,"skipped":0,"pct":30}}
,"/home/runner/work/kundio/kundio/app/api/admin/admin-users/[id]/route.ts": {"lines":{"total":34,"covered":20,"skipped":0,"pct":58.82},"functions":{"total":2,"covered":2,"skipped":0,"pct":100},"statements":{"total":35,"covered":20,"skipped":0,"pct":57.14},"branches":{"total":40,"covered":13,"skipped":0,"pct":32.5}}
,"/home/runner/work/kundio/kundio/app/api/admin/audit-log/route.ts": {"lines":{"total":10,"covered":0,"skipped":0,"pct":0},"functions":{"total":1,"covered":0,"skipped":0,"pct":0},"statements":{"total":11,"covered":0,"skipped":0,"pct":0},"branches":{"total":18,"covered":0,"skipped":0,"pct":0}}
,"/home/runner/work/kundio/kundio/app/api/admin/audit-log/export/route.ts": {"lines":{"total":10,"covered":0,"skipped":0,"pct":0},"functions":{"total":1,"covered":0,"skipped":0,"pct":0},"statements":{"total":11,"covered":0,"skipped":0,"pct":0},"branches":{"total":14,"covered":0,"skipped":0,"pct":0}}
,"/home/runner/work/kundio/kundio/app/api/admin/auth/accept-invite/route.ts": {"lines":{"total":39,"covered":31,"skipped":0,"pct":79.48},"functions":{"total":1,"covered":1,"skipped":0,"pct":100},"statements":{"total":39,"covered":31,"skipped":0,"pct":79.48},"branches":{"total":23,"covered":14,"skipped":0,"pct":60.86}}
,"/home/runner/work/kundio/kundio/app/api/admin/auth/login/route.ts": {"lines":{"total":33,"covered":0,"skipped":0,"pct":0},"functions":{"total":1,"covered":0,"skipped":0,"pct":0},"statements":{"total":33,"covered":0,"skipped":0,"pct":0},"branches":{"total":18,"covered":0,"skipped":0,"pct":0}}
,"/home/runner/work/kundio/kundio/app/api/admin/auth/logout/route.ts": {"lines":{"total":7,"covered":0,"skipped":0,"pct":0},"functions":{"total":1,"covered":0,"skipped":0,"pct":0},"statements":{"total":7,"covered":0,"skipped":0,"pct":0},"branches":{"total":6,"covered":0,"skipped":0,"pct":0}}
,"/home/runner/work/kundio/kundio/app/api/admin/billing/route.ts": {"lines":{"total":10,"covered":0,"skipped":0,"pct":0},"functions":{"total":1,"covered":0,"skipped":0,"pct":0},"statements":{"total":11,"covered":0,"skipped":0,"pct":0},"branches":{"total":10,"covered":0,"skipped":0,"pct":0}}
,"/home/runner/work/kundio/kundio/app/api/admin/billing/export/route.ts": {"lines":{"total":10,"covered":0,"skipped":0,"pct":0},"functions":{"total":1,"covered":0,"skipped":0,"pct":0},"statements":{"total":11,"covered":0,"skipped":0,"pct":0},"branches":{"total":10,"covered":0,"skipped":0,"pct":0}}
,"/home/runner/work/kundio/kundio/app/api/admin/businesses/route.ts": {"lines":{"total":26,"covered":0,"skipped":0,"pct":0},"functions":{"total":2,"covered":0,"skipped":0,"pct":0},"statements":{"total":28,"covered":0,"skipped":0,"pct":0},"branches":{"total":49,"covered":0,"skipped":0,"pct":0}}
,"/home/runner/work/kundio/kundio/app/api/admin/businesses/[id]/route.ts": {"lines":{"total":101,"covered":64,"skipped":0,"pct":63.36},"functions":{"total":5,"covered":4,"skipped":0,"pct":80},"statements":{"total":104,"covered":64,"skipped":0,"pct":61.53},"branches":{"total":94,"covered":59,"skipped":0,"pct":62.76}}
,"/home/runner/work/kundio/kundio/app/api/admin/businesses/[id]/activate-free/route.ts": {"lines":{"total":36,"covered":28,"skipped":0,"pct":77.77},"functions":{"total":2,"covered":2,"skipped":0,"pct":100},"statements":{"total":38,"covered":28,"skipped":0,"pct":73.68},"branches":{"total":44,"covered":22,"skipped":0,"pct":50}}
,"/home/runner/work/kundio/kundio/app/api/admin/businesses/[id]/billing-portal/route.ts": {"lines":{"total":20,"covered":0,"skipped":0,"pct":0},"functions":{"total":1,"covered":0,"skipped":0,"pct":0},"statements":{"total":21,"covered":0,"skipped":0,"pct":0},"branches":{"total":14,"covered":0,"skipped":0,"pct":0}}
,"/home/runner/work/kundio/kundio/app/api/admin/businesses/[id]/free-access/route.ts": {"lines":{"total":0,"covered":0,"skipped":0,"pct":0},"functions":{"total":0,"covered":0,"skipped":0,"pct":0},"statements":{"total":0,"covered":0,"skipped":0,"pct":0},"branches":{"total":0,"covered":0,"skipped":0,"pct":0}}
,"/home/runner/work/kundio/kundio/app/api/admin/businesses/[id]/payment-link/route.ts": {"lines":{"total":15,"covered":10,"skipped":0,"pct":66.66},"functions":{"total":1,"covered":1,"skipped":0,"pct":100},"statements":{"total":16,"covered":10,"skipped":0,"pct":62.5},"branches":{"total":19,"covered":11,"skipped":0,"pct":57.89}}
,"/home/runner/work/kundio/kundio/app/api/admin/businesses/[id]/payment-sessions/route.ts": {"lines":{"total":0,"covered":0,"skipped":0,"pct":0},"functions":{"total":0,"covered":0,"skipped":0,"pct":0},"statements":{"total":0,"covered":0,"skipped":0,"pct":0},"branches":{"total":0,"covered":0,"skipped":0,"pct":0}}
,"/home/runner/work/kundio/kundio/app/api/admin/businesses/[id]/payment-sessions/invalidate/route.ts": {"lines":{"total":15,"covered":13,"skipped":0,"pct":86.66},"functions":{"total":1,"covered":1,"skipped":0,"pct":100},"statements":{"total":16,"covered":13,"skipped":0,"pct":81.25},"branches":{"total":12,"covered":8,"skipped":0,"pct":66.66}}
,"/home/runner/work/kundio/kundio/app/api/admin/businesses/[id]/provision/route.ts": {"lines":{"total":23,"covered":23,"skipped":0,"pct":100},"functions":{"total":1,"covered":1,"skipped":0,"pct":100},"statements":{"total":24,"covered":23,"skipped":0,"pct":95.83},"branches":{"total":14,"covered":12,"skipped":0,"pct":85.71}}
,"/home/runner/work/kundio/kundio/app/api/admin/businesses/[id]/replace-owner/route.ts": {"lines":{"total":47,"covered":0,"skipped":0,"pct":0},"functions":{"total":1,"covered":0,"skipped":0,"pct":0},"statements":{"total":48,"covered":0,"skipped":0,"pct":0},"branches":{"total":32,"covered":0,"skipped":0,"pct":0}}
,"/home/runner/work/kundio/kundio/app/api/admin/businesses/[id]/resend-setup/route.ts": {"lines":{"total":24,"covered":18,"skipped":0,"pct":75},"functions":{"total":1,"covered":1,"skipped":0,"pct":100},"statements":{"total":25,"covered":18,"skipped":0,"pct":72},"branches":{"total":20,"covered":13,"skipped":0,"pct":65}}
,"/home/runner/work/kundio/kundio/app/api/admin/businesses/export/route.ts": {"lines":{"total":33,"covered":0,"skipped":0,"pct":0},"functions":{"total":5,"covered":0,"skipped":0,"pct":0},"statements":{"total":37,"covered":0,"skipped":0,"pct":0},"branches":{"total":38,"covered":0,"skipped":0,"pct":0}}
,"/home/runner/work/kundio/kundio/app/api/admin/emails/history/route.ts": {"lines":{"total":11,"covered":10,"skipped":0,"pct":90.9},"functions":{"total":1,"covered":1,"skipped":0,"pct":100},"statements":{"total":13,"covered":12,"skipped":0,"pct":92.3},"branches":{"total":12,"covered":7,"skipped":0,"pct":58.33}}
,"/home/runner/work/kundio/kundio/app/api/admin/emails/preview/route.ts": {"lines":{"total":31,"covered":28,"skipped":0,"pct":90.32},"functions":{"total":1,"covered":1,"skipped":0,"pct":100},"statements":{"total":35,"covered":32,"skipped":0,"pct":91.42},"branches":{"total":30,"covered":26,"skipped":0,"pct":86.66}}
,"/home/runner/work/kundio/kundio/app/api/admin/emails/send/route.ts": {"lines":{"total":17,"covered":16,"skipped":0,"pct":94.11},"functions":{"total":1,"covered":1,"skipped":0,"pct":100},"statements":{"total":19,"covered":18,"skipped":0,"pct":94.73},"branches":{"total":14,"covered":12,"skipped":0,"pct":85.71}}
,"/home/runner/work/kundio/kundio/app/api/admin/emails/send-test/route.ts": {"lines":{"total":17,"covered":14,"skipped":0,"pct":82.35},"functions":{"total":1,"covered":1,"skipped":0,"pct":100},"statements":{"total":19,"covered":14,"skipped":0,"pct":73.68},"branches":{"total":12,"covered":7,"skipped":0,"pct":58.33}}
,"/home/runner/work/kundio/kundio/app/api/admin/emails/templates/route.ts": {"lines":{"total":28,"covered":25,"skipped":0,"pct":89.28},"functions":{"total":2,"covered":2,"skipped":0,"pct":100},"statements":{"total":32,"covered":27,"skipped":0,"pct":84.37},"branches":{"total":22,"covered":14,"skipped":0,"pct":63.63}}
,"/home/runner/work/kundio/kundio/app/api/admin/emails/templates/[id]/route.ts": {"lines":{"total":32,"covered":27,"skipped":0,"pct":84.37},"functions":{"total":3,"covered":3,"skipped":0,"pct":100},"statements":{"total":39,"covered":28,"skipped":0,"pct":71.79},"branches":{"total":20,"covered":8,"skipped":0,"pct":40}}
,"/home/runner/work/kundio/kundio/app/api/admin/emails/templates/[id]/duplicate/route.ts": {"lines":{"total":9,"covered":8,"skipped":0,"pct":88.88},"functions":{"total":1,"covered":1,"skipped":0,"pct":100},"statements":{"total":11,"covered":8,"skipped":0,"pct":72.72},"branches":{"total":6,"covered":2,"skipped":0,"pct":33.33}}
,"/home/runner/work/kundio/kundio/app/api/admin/me/route.ts": {"lines":{"total":7,"covered":7,"skipped":0,"pct":100},"functions":{"total":1,"covered":1,"skipped":0,"pct":100},"statements":{"total":7,"covered":7,"skipped":0,"pct":100},"branches":{"total":2,"covered":1,"skipped":0,"pct":50}}
,"/home/runner/work/kundio/kundio/app/api/admin/newsletters/route.ts": {"lines":{"total":24,"covered":21,"skipped":0,"pct":87.5},"functions":{"total":2,"covered":2,"skipped":0,"pct":100},"statements":{"total":28,"covered":23,"skipped":0,"pct":82.14},"branches":{"total":14,"covered":8,"skipped":0,"pct":57.14}}
,"/home/runner/work/kundio/kundio/app/api/admin/newsletters/[id]/route.ts": {"lines":{"total":32,"covered":28,"skipped":0,"pct":87.5},"functions":{"total":3,"covered":3,"skipped":0,"pct":100},"statements":{"total":39,"covered":29,"skipped":0,"pct":74.35},"branches":{"total":20,"covered":9,"skipped":0,"pct":45}}
,"/home/runner/work/kundio/kundio/app/api/admin/newsletters/[id]/dispatch/route.ts": {"lines":{"total":24,"covered":22,"skipped":0,"pct":91.66},"functions":{"total":1,"covered":1,"skipped":0,"pct":100},"statements":{"total":26,"covered":24,"skipped":0,"pct":92.3},"branches":{"total":16,"covered":13,"skipped":0,"pct":81.25}}
,"/home/runner/work/kundio/kundio/app/api/admin/newsletters/[id]/preview/route.ts": {"lines":{"total":24,"covered":22,"skipped":0,"pct":91.66},"functions":{"total":1,"covered":1,"skipped":0,"pct":100},"statements":{"total":28,"covered":26,"skipped":0,"pct":92.85},"branches":{"total":22,"covered":19,"skipped":0,"pct":86.36}}
,"/home/runner/work/kundio/kundio/app/api/admin/newsletters/[id]/sends/route.ts": {"lines":{"total":14,"covered":13,"skipped":0,"pct":92.85},"functions":{"total":1,"covered":1,"skipped":0,"pct":100},"statements":{"total":16,"covered":14,"skipped":0,"pct":87.5},"branches":{"total":10,"covered":7,"skipped":0,"pct":70}}
,"/home/runner/work/kundio/kundio/app/api/admin/newsletters/[id]/test-send/route.ts": {"lines":{"total":12,"covered":11,"skipped":0,"pct":91.66},"functions":{"total":1,"covered":1,"skipped":0,"pct":100},"statements":{"total":14,"covered":12,"skipped":0,"pct":85.71},"branches":{"total":8,"covered":5,"skipped":0,"pct":62.5}}
,"/home/runner/work/kundio/kundio/app/api/admin/newsletters/subscriptions/route.ts": {"lines":{"total":27,"covered":24,"skipped":0,"pct":88.88},"functions":{"total":3,"covered":3,"skipped":0,"pct":100},"statements":{"total":32,"covered":26,"skipped":0,"pct":81.25},"branches":{"total":24,"covered":17,"skipped":0,"pct":70.83}}
,"/home/runner/work/kundio/kundio/app/api/admin/newsletters/subscriptions/[id]/unsubscribe/route.ts": {"lines":{"total":15,"covered":13,"skipped":0,"pct":86.66},"functions":{"total":1,"covered":1,"skipped":0,"pct":100},"statements":{"total":17,"covered":14,"skipped":0,"pct":82.35},"branches":{"total":8,"covered":5,"skipped":0,"pct":62.5}}
,"/home/runner/work/kundio/kundio/app/api/admin/platform-users/route.ts": {"lines":{"total":10,"covered":0,"skipped":0,"pct":0},"functions":{"total":1,"covered":0,"skipped":0,"pct":0},"statements":{"total":11,"covered":0,"skipped":0,"pct":0},"branches":{"total":14,"covered":0,"skipped":0,"pct":0}}
,"/home/runner/work/kundio/kundio/app/api/admin/search/route.ts": {"lines":{"total":15,"covered":0,"skipped":0,"pct":0},"functions":{"total":3,"covered":0,"skipped":0,"pct":0},"statements":{"total":17,"covered":0,"skipped":0,"pct":0},"branches":{"total":17,"covered":0,"skipped":0,"pct":0}}
,"/home/runner/work/kundio/kundio/app/api/admin/settings/route.ts": {"lines":{"total":35,"covered":27,"skipped":0,"pct":77.14},"functions":{"total":7,"covered":6,"skipped":0,"pct":85.71},"statements":{"total":38,"covered":28,"skipped":0,"pct":73.68},"branches":{"total":28,"covered":17,"skipped":0,"pct":60.71}}
,"/home/runner/work/kundio/kundio/app/api/admin/settings/slack-test/route.ts": {"lines":{"total":10,"covered":10,"skipped":0,"pct":100},"functions":{"total":1,"covered":1,"skipped":0,"pct":100},"statements":{"total":11,"covered":10,"skipped":0,"pct":90.9},"branches":{"total":6,"covered":4,"skipped":0,"pct":66.66}}
,"/home/runner/work/kundio/kundio/app/api/admin/users/lookup/route.ts": {"lines":{"total":14,"covered":0,"skipped":0,"pct":0},"functions":{"total":2,"covered":0,"skipped":0,"pct":0},"statements":{"total":15,"covered":0,"skipped":0,"pct":0},"branches":{"total":8,"covered":0,"skipped":0,"pct":0}}
,"/home/runner/work/kundio/kundio/app/api/auth/register/route.ts": {"lines":{"total":1,"covered":0,"skipped":0,"pct":0},"functions":{"total":1,"covered":0,"skipped":0,"pct":0},"statements":{"total":1,"covered":0,"skipped":0,"pct":0},"branches":{"total":0,"covered":0,"skipped":0,"pct":100}}
,"/home/runner/work/kundio/kundio/app/api/auth/signout/route.ts": {"lines":{"total":4,"covered":0,"skipped":0,"pct":0},"functions":{"total":1,"covered":0,"skipped":0,"pct":0},"statements":{"total":4,"covered":0,"skipped":0,"pct":0},"branches":{"total":2,"covered":0,"skipped":0,"pct":0}}
,"/home/runner/work/kundio/kundio/app/api/conversations/[id]/assignment/route.ts": {"lines":{"total":21,"covered":18,"skipped":0,"pct":85.71},"functions":{"total":1,"covered":1,"skipped":0,"pct":100},"statements":{"total":22,"covered":18,"skipped":0,"pct":81.81},"branches":{"total":14,"covered":10,"skipped":0,"pct":71.42}}
,"/home/runner/work/kundio/kundio/app/api/conversations/[id]/handoff/route.ts": {"lines":{"total":20,"covered":0,"skipped":0,"pct":0},"functions":{"total":1,"covered":0,"skipped":0,"pct":0},"statements":{"total":20,"covered":0,"skipped":0,"pct":0},"branches":{"total":12,"covered":0,"skipped":0,"pct":0}}
,"/home/runner/work/kundio/kundio/app/api/conversations/[id]/messages/route.ts": {"lines":{"total":55,"covered":55,"skipped":0,"pct":100},"functions":{"total":3,"covered":3,"skipped":0,"pct":100},"statements":{"total":56,"covered":56,"skipped":0,"pct":100},"branches":{"total":36,"covered":33,"skipped":0,"pct":91.66}}
,"/home/runner/work/kundio/kundio/app/api/email/unsubscribe/route.ts": {"lines":{"total":25,"covered":24,"skipped":0,"pct":96},"functions":{"total":2,"covered":2,"skipped":0,"pct":100},"statements":{"total":25,"covered":24,"skipped":0,"pct":96},"branches":{"total":22,"covered":20,"skipped":0,"pct":90.9}}
,"/home/runner/work/kundio/kundio/app/api/inngest/route.ts": {"lines":{"total":1,"covered":0,"skipped":0,"pct":0},"functions":{"total":0,"covered":0,"skipped":0,"pct":100},"statements":{"total":1,"covered":0,"skipped":0,"pct":0},"branches":{"total":0,"covered":0,"skipped":0,"pct":100}}
,"/home/runner/work/kundio/kundio/app/api/leads/route.ts": {"lines":{"total":109,"covered":88,"skipped":0,"pct":80.73},"functions":{"total":7,"covered":5,"skipped":0,"pct":71.42},"statements":{"total":115,"covered":93,"skipped":0,"pct":80.86},"branches":{"total":102,"covered":70,"skipped":0,"pct":68.62}}
,"/home/runner/work/kundio/kundio/app/api/leads/[id]/route.ts": {"lines":{"total":45,"covered":37,"skipped":0,"pct":82.22},"functions":{"total":1,"covered":1,"skipped":0,"pct":100},"statements":{"total":49,"covered":37,"skipped":0,"pct":75.51},"branches":{"total":43,"covered":28,"skipped":0,"pct":65.11}}
,"/home/runner/work/kundio/kundio/app/api/maintenance/bypass/route.ts": {"lines":{"total":14,"covered":0,"skipped":0,"pct":0},"functions":{"total":2,"covered":0,"skipped":0,"pct":0},"statements":{"total":16,"covered":0,"skipped":0,"pct":0},"branches":{"total":6,"covered":0,"skipped":0,"pct":0}}
,"/home/runner/work/kundio/kundio/app/api/marketing/demo-lead/route.ts": {"lines":{"total":10,"covered":0,"skipped":0,"pct":0},"functions":{"total":1,"covered":0,"skipped":0,"pct":0},"statements":{"total":10,"covered":0,"skipped":0,"pct":0},"branches":{"total":11,"covered":0,"skipped":0,"pct":0}}
,"/home/runner/work/kundio/kundio/app/api/marketing/track/route.ts": {"lines":{"total":14,"covered":0,"skipped":0,"pct":0},"functions":{"total":1,"covered":0,"skipped":0,"pct":0},"statements":{"total":14,"covered":0,"skipped":0,"pct":0},"branches":{"total":9,"covered":0,"skipped":0,"pct":0}}
,"/home/runner/work/kundio/kundio/app/api/payment/status/route.ts": {"lines":{"total":30,"covered":22,"skipped":0,"pct":73.33},"functions":{"total":1,"covered":1,"skipped":0,"pct":100},"statements":{"total":30,"covered":22,"skipped":0,"pct":73.33},"branches":{"total":29,"covered":19,"skipped":0,"pct":65.51}}
,"/home/runner/work/kundio/kundio/app/api/provision/self/route.ts": {"lines":{"total":26,"covered":0,"skipped":0,"pct":0},"functions":{"total":1,"covered":0,"skipped":0,"pct":0},"statements":{"total":27,"covered":0,"skipped":0,"pct":0},"branches":{"total":18,"covered":0,"skipped":0,"pct":0}}
,"/home/runner/work/kundio/kundio/app/api/review-integrations/route.ts": {"lines":{"total":9,"covered":0,"skipped":0,"pct":0},"functions":{"total":1,"covered":0,"skipped":0,"pct":0},"statements":{"total":11,"covered":0,"skipped":0,"pct":0},"branches":{"total":4,"covered":0,"skipped":0,"pct":0}}
,"/home/runner/work/kundio/kundio/app/api/review-integrations/[id]/route.ts": {"lines":{"total":35,"covered":0,"skipped":0,"pct":0},"functions":{"total":2,"covered":0,"skipped":0,"pct":0},"statements":{"total":39,"covered":0,"skipped":0,"pct":0},"branches":{"total":14,"covered":0,"skipped":0,"pct":0}}
,"/home/runner/work/kundio/kundio/app/api/review-integrations/[id]/sync/route.ts": {"lines":{"total":21,"covered":0,"skipped":0,"pct":0},"functions":{"total":1,"covered":0,"skipped":0,"pct":0},"statements":{"total":23,"covered":0,"skipped":0,"pct":0},"branches":{"total":12,"covered":0,"skipped":0,"pct":0}}
,"/home/runner/work/kundio/kundio/app/api/review-integrations/callback/[provider]/route.ts": {"lines":{"total":33,"covered":0,"skipped":0,"pct":0},"functions":{"total":2,"covered":0,"skipped":0,"pct":0},"statements":{"total":35,"covered":0,"skipped":0,"pct":0},"branches":{"total":19,"covered":0,"skipped":0,"pct":0}}
,"/home/runner/work/kundio/kundio/app/api/review-integrations/connect/[provider]/route.ts": {"lines":{"total":20,"covered":0,"skipped":0,"pct":0},"functions":{"total":1,"covered":0,"skipped":0,"pct":0},"statements":{"total":22,"covered":0,"skipped":0,"pct":0},"branches":{"total":12,"covered":0,"skipped":0,"pct":0}}
,"/home/runner/work/kundio/kundio/app/api/reviews/route.ts": {"lines":{"total":31,"covered":31,"skipped":0,"pct":100},"functions":{"total":3,"covered":3,"skipped":0,"pct":100},"statements":{"total":33,"covered":33,"skipped":0,"pct":100},"branches":{"total":36,"covered":34,"skipped":0,"pct":94.44}}
,"/home/runner/work/kundio/kundio/app/api/reviews/[id]/route.ts": {"lines":{"total":25,"covered":0,"skipped":0,"pct":0},"functions":{"total":1,"covered":0,"skipped":0,"pct":0},"statements":{"total":28,"covered":0,"skipped":0,"pct":0},"branches":{"total":16,"covered":0,"skipped":0,"pct":0}}
,"/home/runner/work/kundio/kundio/app/api/reviews/[id]/reply/route.ts": {"lines":{"total":59,"covered":0,"skipped":0,"pct":0},"functions":{"total":2,"covered":0,"skipped":0,"pct":0},"statements":{"total":63,"covered":0,"skipped":0,"pct":0},"branches":{"total":44,"covered":0,"skipped":0,"pct":0}}
,"/home/runner/work/kundio/kundio/app/api/settings/business/route.ts": {"lines":{"total":20,"covered":0,"skipped":0,"pct":0},"functions":{"total":2,"covered":0,"skipped":0,"pct":0},"statements":{"total":21,"covered":0,"skipped":0,"pct":0},"branches":{"total":14,"covered":0,"skipped":0,"pct":0}}
,"/home/runner/work/kundio/kundio/app/api/settings/business-hours/route.ts": {"lines":{"total":25,"covered":0,"skipped":0,"pct":0},"functions":{"total":2,"covered":0,"skipped":0,"pct":0},"statements":{"total":27,"covered":0,"skipped":0,"pct":0},"branches":{"total":14,"covered":0,"skipped":0,"pct":0}}
,"/home/runner/work/kundio/kundio/app/api/settings/business-hours/[id]/route.ts": {"lines":{"total":27,"covered":0,"skipped":0,"pct":0},"functions":{"total":2,"covered":0,"skipped":0,"pct":0},"statements":{"total":29,"covered":0,"skipped":0,"pct":0},"branches":{"total":12,"covered":0,"skipped":0,"pct":0}}
,"/home/runner/work/kundio/kundio/app/api/settings/callback-windows/route.ts": {"lines":{"total":27,"covered":0,"skipped":0,"pct":0},"functions":{"total":3,"covered":0,"skipped":0,"pct":0},"statements":{"total":29,"covered":0,"skipped":0,"pct":0},"branches":{"total":14,"covered":0,"skipped":0,"pct":0}}
,"/home/runner/work/kundio/kundio/app/api/settings/callback-windows/[id]/route.ts": {"lines":{"total":37,"covered":0,"skipped":0,"pct":0},"functions":{"total":3,"covered":0,"skipped":0,"pct":0},"statements":{"total":40,"covered":0,"skipped":0,"pct":0},"branches":{"total":24,"covered":0,"skipped":0,"pct":0}}
,"/home/runner/work/kundio/kundio/app/api/settings/faqs/route.ts": {"lines":{"total":30,"covered":0,"skipped":0,"pct":0},"functions":{"total":2,"covered":0,"skipped":0,"pct":0},"statements":{"total":31,"covered":0,"skipped":0,"pct":0},"branches":{"total":20,"covered":0,"skipped":0,"pct":0}}
,"/home/runner/work/kundio/kundio/app/api/settings/faqs/[id]/route.ts": {"lines":{"total":35,"covered":0,"skipped":0,"pct":0},"functions":{"total":2,"covered":0,"skipped":0,"pct":0},"statements":{"total":37,"covered":0,"skipped":0,"pct":0},"branches":{"total":18,"covered":0,"skipped":0,"pct":0}}
,"/home/runner/work/kundio/kundio/app/api/settings/service-areas/route.ts": {"lines":{"total":27,"covered":0,"skipped":0,"pct":0},"functions":{"total":2,"covered":0,"skipped":0,"pct":0},"statements":{"total":29,"covered":0,"skipped":0,"pct":0},"branches":{"total":18,"covered":0,"skipped":0,"pct":0}}
,"/home/runner/work/kundio/kundio/app/api/settings/service-areas/[id]/route.ts": {"lines":{"total":27,"covered":0,"skipped":0,"pct":0},"functions":{"total":2,"covered":0,"skipped":0,"pct":0},"statements":{"total":29,"covered":0,"skipped":0,"pct":0},"branches":{"total":12,"covered":0,"skipped":0,"pct":0}}
,"/home/runner/work/kundio/kundio/app/api/settings/services/route.ts": {"lines":{"total":27,"covered":0,"skipped":0,"pct":0},"functions":{"total":2,"covered":0,"skipped":0,"pct":0},"statements":{"total":29,"covered":0,"skipped":0,"pct":0},"branches":{"total":20,"covered":0,"skipped":0,"pct":0}}
,"/home/runner/work/kundio/kundio/app/api/settings/services/[id]/route.ts": {"lines":{"total":27,"covered":0,"skipped":0,"pct":0},"functions":{"total":2,"covered":0,"skipped":0,"pct":0},"statements":{"total":29,"covered":0,"skipped":0,"pct":0},"branches":{"total":12,"covered":0,"skipped":0,"pct":0}}
,"/home/runner/work/kundio/kundio/app/api/settings/widget/route.ts": {"lines":{"total":20,"covered":0,"skipped":0,"pct":0},"functions":{"total":1,"covered":0,"skipped":0,"pct":0},"statements":{"total":21,"covered":0,"skipped":0,"pct":0},"branches":{"total":10,"covered":0,"skipped":0,"pct":0}}
,"/home/runner/work/kundio/kundio/app/api/settings/widget/origins/route.ts": {"lines":{"total":64,"covered":0,"skipped":0,"pct":0},"functions":{"total":7,"covered":0,"skipped":0,"pct":0},"statements":{"total":68,"covered":0,"skipped":0,"pct":0},"branches":{"total":36,"covered":0,"skipped":0,"pct":0}}
,"/home/runner/work/kundio/kundio/app/api/staging-gate/login/route.ts": {"lines":{"total":24,"covered":0,"skipped":0,"pct":0},"functions":{"total":1,"covered":0,"skipped":0,"pct":0},"statements":{"total":26,"covered":0,"skipped":0,"pct":0},"branches":{"total":14,"covered":0,"skipped":0,"pct":0}}
,"/home/runner/work/kundio/kundio/app/api/staging-gate/logout/route.ts": {"lines":{"total":7,"covered":0,"skipped":0,"pct":0},"functions":{"total":1,"covered":0,"skipped":0,"pct":0},"statements":{"total":7,"covered":0,"skipped":0,"pct":0},"branches":{"total":5,"covered":0,"skipped":0,"pct":0}}
,"/home/runner/work/kundio/kundio/app/api/stripe/webhook/route.ts": {"lines":{"total":277,"covered":191,"skipped":0,"pct":68.95},"functions":{"total":21,"covered":19,"skipped":0,"pct":90.47},"statements":{"total":297,"covered":195,"skipped":0,"pct":65.65},"branches":{"total":215,"covered":108,"skipped":0,"pct":50.23}}
,"/home/runner/work/kundio/kundio/app/api/team/invites/route.ts": {"lines":{"total":48,"covered":0,"skipped":0,"pct":0},"functions":{"total":3,"covered":0,"skipped":0,"pct":0},"statements":{"total":50,"covered":0,"skipped":0,"pct":0},"branches":{"total":32,"covered":0,"skipped":0,"pct":0}}
,"/home/runner/work/kundio/kundio/app/api/team/invites/[id]/route.ts": {"lines":{"total":14,"covered":0,"skipped":0,"pct":0},"functions":{"total":1,"covered":0,"skipped":0,"pct":0},"statements":{"total":15,"covered":0,"skipped":0,"pct":0},"branches":{"total":6,"covered":0,"skipped":0,"pct":0}}
,"/home/runner/work/kundio/kundio/app/api/team/invites/accept/route.ts": {"lines":{"total":41,"covered":0,"skipped":0,"pct":0},"functions":{"total":1,"covered":0,"skipped":0,"pct":0},"statements":{"total":41,"covered":0,"skipped":0,"pct":0},"branches":{"total":23,"covered":0,"skipped":0,"pct":0}}
,"/home/runner/work/kundio/kundio/app/api/team/invites/accept-setup/route.ts": {"lines":{"total":42,"covered":0,"skipped":0,"pct":0},"functions":{"total":1,"covered":0,"skipped":0,"pct":0},"statements":{"total":42,"covered":0,"skipped":0,"pct":0},"branches":{"total":28,"covered":0,"skipped":0,"pct":0}}
,"/home/runner/work/kundio/kundio/app/api/team/invites/validate/route.ts": {"lines":{"total":18,"covered":0,"skipped":0,"pct":0},"functions":{"total":1,"covered":0,"skipped":0,"pct":0},"statements":{"total":18,"covered":0,"skipped":0,"pct":0},"branches":{"total":17,"covered":0,"skipped":0,"pct":0}}
,"/home/runner/work/kundio/kundio/app/api/team/leave/route.ts": {"lines":{"total":13,"covered":0,"skipped":0,"pct":0},"functions":{"total":1,"covered":0,"skipped":0,"pct":0},"statements":{"total":14,"covered":0,"skipped":0,"pct":0},"branches":{"total":6,"covered":0,"skipped":0,"pct":0}}
,"/home/runner/work/kundio/kundio/app/api/team/members/route.ts": {"lines":{"total":12,"covered":0,"skipped":0,"pct":0},"functions":{"total":2,"covered":0,"skipped":0,"pct":0},"statements":{"total":13,"covered":0,"skipped":0,"pct":0},"branches":{"total":8,"covered":0,"skipped":0,"pct":0}}
,"/home/runner/work/kundio/kundio/app/api/team/members/[id]/route.ts": {"lines":{"total":41,"covered":0,"skipped":0,"pct":0},"functions":{"total":2,"covered":0,"skipped":0,"pct":0},"statements":{"total":43,"covered":0,"skipped":0,"pct":0},"branches":{"total":22,"covered":0,"skipped":0,"pct":0}}
,"/home/runner/work/kundio/kundio/app/api/team/switch-business/route.ts": {"lines":{"total":17,"covered":0,"skipped":0,"pct":0},"functions":{"total":1,"covered":0,"skipped":0,"pct":0},"statements":{"total":17,"covered":0,"skipped":0,"pct":0},"branches":{"total":6,"covered":0,"skipped":0,"pct":0}}
,"/home/runner/work/kundio/kundio/app/api/team/transfer-ownership/route.ts": {"lines":{"total":16,"covered":0,"skipped":0,"pct":0},"functions":{"total":1,"covered":0,"skipped":0,"pct":0},"statements":{"total":17,"covered":0,"skipped":0,"pct":0},"branches":{"total":8,"covered":0,"skipped":0,"pct":0}}
,"/home/runner/work/kundio/kundio/app/api/twilio/inbound/route.ts": {"lines":{"total":44,"covered":35,"skipped":0,"pct":79.54},"functions":{"total":2,"covered":2,"skipped":0,"pct":100},"statements":{"total":44,"covered":35,"skipped":0,"pct":79.54},"branches":{"total":32,"covered":17,"skipped":0,"pct":53.12}}
,"/home/runner/work/kundio/kundio/app/api/twilio/status/route.ts": {"lines":{"total":27,"covered":25,"skipped":0,"pct":92.59},"functions":{"total":1,"covered":1,"skipped":0,"pct":100},"statements":{"total":27,"covered":25,"skipped":0,"pct":92.59},"branches":{"total":22,"covered":17,"skipped":0,"pct":77.27}}
,"/home/runner/work/kundio/kundio/app/api/widget/config/[businessId]/route.ts": {"lines":{"total":12,"covered":0,"skipped":0,"pct":0},"functions":{"total":2,"covered":0,"skipped":0,"pct":0},"statements":{"total":12,"covered":0,"skipped":0,"pct":0},"branches":{"total":12,"covered":0,"skipped":0,"pct":0}}
,"/home/runner/work/kundio/kundio/app/api/workspace-search/route.ts": {"lines":{"total":17,"covered":15,"skipped":0,"pct":88.23},"functions":{"total":2,"covered":2,"skipped":0,"pct":100},"statements":{"total":19,"covered":17,"skipped":0,"pct":89.47},"branches":{"total":14,"covered":10,"skipped":0,"pct":71.42}}
,"/home/runner/work/kundio/kundio/app/auth/accept-invite/page.tsx": {"lines":{"total":110,"covered":0,"skipped":0,"pct":0},"functions":{"total":13,"covered":0,"skipped":0,"pct":0},"statements":{"total":110,"covered":0,"skipped":0,"pct":0},"branches":{"total":87,"covered":0,"skipped":0,"pct":0}}
,"/home/runner/work/kundio/kundio/app/auth/callback/route.ts": {"lines":{"total":32,"covered":0,"skipped":0,"pct":0},"functions":{"total":2,"covered":0,"skipped":0,"pct":0},"statements":{"total":32,"covered":0,"skipped":0,"pct":0},"branches":{"total":32,"covered":0,"skipped":0,"pct":0}}
,"/home/runner/work/kundio/kundio/app/auth/finish-account/page.tsx": {"lines":{"total":77,"covered":0,"skipped":0,"pct":0},"functions":{"total":7,"covered":0,"skipped":0,"pct":0},"statements":{"total":77,"covered":0,"skipped":0,"pct":0},"branches":{"total":52,"covered":0,"skipped":0,"pct":0}}
,"/home/runner/work/kundio/kundio/app/auth/forgot-password/page.tsx": {"lines":{"total":12,"covered":0,"skipped":0,"pct":0},"functions":{"total":3,"covered":0,"skipped":0,"pct":0},"statements":{"total":12,"covered":0,"skipped":0,"pct":0},"branches":{"total":4,"covered":0,"skipped":0,"pct":0}}
,"/home/runner/work/kundio/kundio/app/auth/login/page.tsx": {"lines":{"total":27,"covered":0,"skipped":0,"pct":0},"functions":{"total":6,"covered":0,"skipped":0,"pct":0},"statements":{"total":28,"covered":0,"skipped":0,"pct":0},"branches":{"total":13,"covered":0,"skipped":0,"pct":0}}
,"/home/runner/work/kundio/kundio/app/auth/no-business/page.tsx": {"lines":{"total":1,"covered":0,"skipped":0,"pct":0},"functions":{"total":1,"covered":0,"skipped":0,"pct":0},"statements":{"total":1,"covered":0,"skipped":0,"pct":0},"branches":{"total":0,"covered":0,"skipped":0,"pct":100}}
,"/home/runner/work/kundio/kundio/app/auth/reset-password/page.tsx": {"lines":{"total":26,"covered":0,"skipped":0,"pct":0},"functions":{"total":4,"covered":0,"skipped":0,"pct":0},"statements":{"total":26,"covered":0,"skipped":0,"pct":0},"branches":{"total":10,"covered":0,"skipped":0,"pct":0}}
,"/home/runner/work/kundio/kundio/app/auth/signup/page.tsx": {"lines":{"total":1,"covered":0,"skipped":0,"pct":0},"functions":{"total":1,"covered":0,"skipped":0,"pct":0},"statements":{"total":1,"covered":0,"skipped":0,"pct":0},"branches":{"total":0,"covered":0,"skipped":0,"pct":100}}
,"/home/runner/work/kundio/kundio/app/brancher/page.tsx": {"lines":{"total":3,"covered":0,"skipped":0,"pct":0},"functions":{"total":2,"covered":0,"skipped":0,"pct":0},"statements":{"total":3,"covered":0,"skipped":0,"pct":0},"branches":{"total":0,"covered":0,"skipped":0,"pct":100}}
,"/home/runner/work/kundio/kundio/app/brancher/[slug]/page.tsx": {"lines":{"total":16,"covered":0,"skipped":0,"pct":0},"functions":{"total":11,"covered":0,"skipped":0,"pct":0},"statements":{"total":20,"covered":0,"skipped":0,"pct":0},"branches":{"total":8,"covered":0,"skipped":0,"pct":0}}
,"/home/runner/work/kundio/kundio/app/cases/page.tsx": {"lines":{"total":4,"covered":0,"skipped":0,"pct":0},"functions":{"total":3,"covered":0,"skipped":0,"pct":0},"statements":{"total":4,"covered":0,"skipped":0,"pct":0},"branches":{"total":2,"covered":0,"skipped":0,"pct":0}}
,"/home/runner/work/kundio/kundio/app/cases/[slug]/page.tsx": {"lines":{"total":15,"covered":0,"skipped":0,"pct":0},"functions":{"total":10,"covered":0,"skipped":0,"pct":0},"statements":{"total":19,"covered":0,"skipped":0,"pct":0},"branches":{"total":6,"covered":0,"skipped":0,"pct":0}}
,"/home/runner/work/kundio/kundio/app/demo/layout.tsx": {"lines":{"total":1,"covered":0,"skipped":0,"pct":0},"functions":{"total":1,"covered":0,"skipped":0,"pct":0},"statements":{"total":1,"covered":0,"skipped":0,"pct":0},"branches":{"total":0,"covered":0,"skipped":0,"pct":100}}
,"/home/runner/work/kundio/kundio/app/demo/page.tsx": {"lines":{"total":3,"covered":0,"skipped":0,"pct":0},"functions":{"total":2,"covered":0,"skipped":0,"pct":0},"statements":{"total":3,"covered":0,"skipped":0,"pct":0},"branches":{"total":0,"covered":0,"skipped":0,"pct":100}}
,"/home/runner/work/kundio/kundio/app/dpa/page.tsx": {"lines":{"total":2,"covered":0,"skipped":0,"pct":0},"functions":{"total":1,"covered":0,"skipped":0,"pct":0},"statements":{"total":2,"covered":0,"skipped":0,"pct":0},"branches":{"total":0,"covered":0,"skipped":0,"pct":100}}
,"/home/runner/work/kundio/kundio/app/email/unsubscribe/page.tsx": {"lines":{"total":3,"covered":3,"skipped":0,"pct":100},"functions":{"total":1,"covered":1,"skipped":0,"pct":100},"statements":{"total":3,"covered":3,"skipped":0,"pct":100},"branches":{"total":2,"covered":2,"skipped":0,"pct":100}}
,"/home/runner/work/kundio/kundio/app/email/unsubscribe/unsubscribe-client.tsx": {"lines":{"total":27,"covered":1,"skipped":0,"pct":3.7},"functions":{"total":5,"covered":0,"skipped":0,"pct":0},"statements":{"total":31,"covered":1,"skipped":0,"pct":3.22},"branches":{"total":20,"covered":0,"skipped":0,"pct":0}}
,"/home/runner/work/kundio/kundio/app/faq/page.tsx": {"lines":{"total":3,"covered":0,"skipped":0,"pct":0},"functions":{"total":2,"covered":0,"skipped":0,"pct":0},"statements":{"total":3,"covered":0,"skipped":0,"pct":0},"branches":{"total":0,"covered":0,"skipped":0,"pct":100}}
,"/home/runner/work/kundio/kundio/app/funktioner/page.tsx": {"lines":{"total":4,"covered":0,"skipped":0,"pct":0},"functions":{"total":3,"covered":0,"skipped":0,"pct":0},"statements":{"total":4,"covered":0,"skipped":0,"pct":0},"branches":{"total":0,"covered":0,"skipped":0,"pct":100}}
,"/home/runner/work/kundio/kundio/app/kontakt/page.tsx": {"lines":{"total":3,"covered":0,"skipped":0,"pct":0},"functions":{"total":1,"covered":0,"skipped":0,"pct":0},"statements":{"total":3,"covered":0,"skipped":0,"pct":0},"branches":{"total":2,"covered":0,"skipped":0,"pct":0}}
,"/home/runner/work/kundio/kundio/app/maintenance/page.tsx": {"lines":{"total":3,"covered":0,"skipped":0,"pct":0},"functions":{"total":1,"covered":0,"skipped":0,"pct":0},"statements":{"total":3,"covered":0,"skipped":0,"pct":0},"branches":{"total":0,"covered":0,"skipped":0,"pct":100}}
,"/home/runner/work/kundio/kundio/app/om/page.tsx": {"lines":{"total":6,"covered":0,"skipped":0,"pct":0},"functions":{"total":3,"covered":0,"skipped":0,"pct":0},"statements":{"total":6,"covered":0,"skipped":0,"pct":0},"branches":{"total":0,"covered":0,"skipped":0,"pct":100}}
,"/home/runner/work/kundio/kundio/app/payment/error/page.tsx": {"lines":{"total":1,"covered":0,"skipped":0,"pct":0},"functions":{"total":1,"covered":0,"skipped":0,"pct":0},"statements":{"total":1,"covered":0,"skipped":0,"pct":0},"branches":{"total":0,"covered":0,"skipped":0,"pct":100}}
,"/home/runner/work/kundio/kundio/app/payment/success/page.tsx": {"lines":{"total":38,"covered":0,"skipped":0,"pct":0},"functions":{"total":7,"covered":0,"skipped":0,"pct":0},"statements":{"total":43,"covered":0,"skipped":0,"pct":0},"branches":{"total":32,"covered":0,"skipped":0,"pct":0}}
,"/home/runner/work/kundio/kundio/app/priser/page.tsx": {"lines":{"total":4,"covered":0,"skipped":0,"pct":0},"functions":{"total":2,"covered":0,"skipped":0,"pct":0},"statements":{"total":4,"covered":0,"skipped":0,"pct":0},"branches":{"total":6,"covered":0,"skipped":0,"pct":0}}
,"/home/runner/work/kundio/kundio/app/privacy/page.tsx": {"lines":{"total":2,"covered":0,"skipped":0,"pct":0},"functions":{"total":1,"covered":0,"skipped":0,"pct":0},"statements":{"total":2,"covered":0,"skipped":0,"pct":0},"branches":{"total":0,"covered":0,"skipped":0,"pct":100}}
,"/home/runner/work/kundio/kundio/app/sikkerhed/page.tsx": {"lines":{"total":6,"covered":0,"skipped":0,"pct":0},"functions":{"total":3,"covered":0,"skipped":0,"pct":0},"statements":{"total":6,"covered":0,"skipped":0,"pct":0},"branches":{"total":0,"covered":0,"skipped":0,"pct":100}}
,"/home/runner/work/kundio/kundio/app/staging-gate/page.tsx": {"lines":{"total":21,"covered":0,"skipped":0,"pct":0},"functions":{"total":5,"covered":0,"skipped":0,"pct":0},"statements":{"total":22,"covered":0,"skipped":0,"pct":0},"branches":{"total":14,"covered":0,"skipped":0,"pct":0}}
,"/home/runner/work/kundio/kundio/app/terms/page.tsx": {"lines":{"total":2,"covered":0,"skipped":0,"pct":0},"functions":{"total":1,"covered":0,"skipped":0,"pct":0},"statements":{"total":2,"covered":0,"skipped":0,"pct":0},"branches":{"total":0,"covered":0,"skipped":0,"pct":100}}
,"/home/runner/work/kundio/kundio/components/admin/admin-shortcut.tsx": {"lines":{"total":29,"covered":6,"skipped":0,"pct":20.68},"functions":{"total":7,"covered":3,"skipped":0,"pct":42.85},"statements":{"total":31,"covered":6,"skipped":0,"pct":19.35},"branches":{"total":18,"covered":6,"skipped":0,"pct":33.33}}
,"/home/runner/work/kundio/kundio/components/admin/admin-ui.tsx": {"lines":{"total":19,"covered":0,"skipped":0,"pct":0},"functions":{"total":13,"covered":0,"skipped":0,"pct":0},"statements":{"total":19,"covered":0,"skipped":0,"pct":0},"branches":{"total":49,"covered":0,"skipped":0,"pct":0}}
,"/home/runner/work/kundio/kundio/components/admin/business-picker.tsx": {"lines":{"total":52,"covered":0,"skipped":0,"pct":0},"functions":{"total":22,"covered":0,"skipped":0,"pct":0},"statements":{"total":63,"covered":0,"skipped":0,"pct":0},"branches":{"total":62,"covered":0,"skipped":0,"pct":0}}
,"/home/runner/work/kundio/kundio/components/admin/lifecycle-ui.tsx": {"lines":{"total":13,"covered":0,"skipped":0,"pct":0},"functions":{"total":6,"covered":0,"skipped":0,"pct":0},"statements":{"total":14,"covered":0,"skipped":0,"pct":0},"branches":{"total":24,"covered":0,"skipped":0,"pct":0}}
,"/home/runner/work/kundio/kundio/components/admin/logout-button.tsx": {"lines":{"total":7,"covered":0,"skipped":0,"pct":0},"functions":{"total":2,"covered":0,"skipped":0,"pct":0},"statements":{"total":7,"covered":0,"skipped":0,"pct":0},"branches":{"total":2,"covered":0,"skipped":0,"pct":0}}
,"/home/runner/work/kundio/kundio/components/analytics/analytics-client.tsx": {"lines":{"total":69,"covered":0,"skipped":0,"pct":0},"functions":{"total":42,"covered":0,"skipped":0,"pct":0},"statements":{"total":72,"covered":0,"skipped":0,"pct":0},"branches":{"total":93,"covered":0,"skipped":0,"pct":0}}
,"/home/runner/work/kundio/kundio/components/auth/hash-auth-redirect.tsx": {"lines":{"total":19,"covered":0,"skipped":0,"pct":0},"functions":{"total":2,"covered":0,"skipped":0,"pct":0},"statements":{"total":19,"covered":0,"skipped":0,"pct":0},"branches":{"total":16,"covered":0,"skipped":0,"pct":0}}
,"/home/runner/work/kundio/kundio/components/billing/billing-client.tsx": {"lines":{"total":40,"covered":0,"skipped":0,"pct":0},"functions":{"total":17,"covered":0,"skipped":0,"pct":0},"statements":{"total":41,"covered":0,"skipped":0,"pct":0},"branches":{"total":55,"covered":0,"skipped":0,"pct":0}}
,"/home/runner/work/kundio/kundio/components/billing/billing-motion.tsx": {"lines":{"total":3,"covered":0,"skipped":0,"pct":0},"functions":{"total":1,"covered":0,"skipped":0,"pct":0},"statements":{"total":3,"covered":0,"skipped":0,"pct":0},"branches":{"total":6,"covered":0,"skipped":0,"pct":0}}
,"/home/runner/work/kundio/kundio/components/billing/billing-skeleton.tsx": {"lines":{"total":17,"covered":0,"skipped":0,"pct":0},"functions":{"total":17,"covered":0,"skipped":0,"pct":0},"statements":{"total":17,"covered":0,"skipped":0,"pct":0},"branches":{"total":3,"covered":0,"skipped":0,"pct":0}}
,"/home/runner/work/kundio/kundio/components/billing/cancel-modal.tsx": {"lines":{"total":8,"covered":0,"skipped":0,"pct":0},"functions":{"total":6,"covered":0,"skipped":0,"pct":0},"statements":{"total":9,"covered":0,"skipped":0,"pct":0},"branches":{"total":11,"covered":0,"skipped":0,"pct":0}}
,"/home/runner/work/kundio/kundio/components/billing/contact-rail.tsx": {"lines":{"total":8,"covered":0,"skipped":0,"pct":0},"functions":{"total":8,"covered":0,"skipped":0,"pct":0},"statements":{"total":8,"covered":0,"skipped":0,"pct":0},"branches":{"total":0,"covered":0,"skipped":0,"pct":100}}
,"/home/runner/work/kundio/kundio/components/billing/invoices-card.tsx": {"lines":{"total":14,"covered":0,"skipped":0,"pct":0},"functions":{"total":9,"covered":0,"skipped":0,"pct":0},"statements":{"total":14,"covered":0,"skipped":0,"pct":0},"branches":{"total":13,"covered":0,"skipped":0,"pct":0}}
,"/home/runner/work/kundio/kundio/components/billing/payment-card.tsx": {"lines":{"total":6,"covered":0,"skipped":0,"pct":0},"functions":{"total":4,"covered":0,"skipped":0,"pct":0},"statements":{"total":6,"covered":0,"skipped":0,"pct":0},"branches":{"total":6,"covered":0,"skipped":0,"pct":0}}
,"/home/runner/work/kundio/kundio/components/billing/subscription-card.tsx": {"lines":{"total":25,"covered":19,"skipped":0,"pct":76},"functions":{"total":13,"covered":7,"skipped":0,"pct":53.84},"statements":{"total":25,"covered":19,"skipped":0,"pct":76},"branches":{"total":74,"covered":45,"skipped":0,"pct":60.81}}
,"/home/runner/work/kundio/kundio/components/billing/types.ts": {"lines":{"total":0,"covered":0,"skipped":0,"pct":0},"functions":{"total":0,"covered":0,"skipped":0,"pct":0},"statements":{"total":0,"covered":0,"skipped":0,"pct":0},"branches":{"total":0,"covered":0,"skipped":0,"pct":0}}
,"/home/runner/work/kundio/kundio/components/billing/usage-card.tsx": {"lines":{"total":20,"covered":0,"skipped":0,"pct":0},"functions":{"total":10,"covered":0,"skipped":0,"pct":0},"statements":{"total":22,"covered":0,"skipped":0,"pct":0},"branches":{"total":45,"covered":0,"skipped":0,"pct":0}}
,"/home/runner/work/kundio/kundio/components/buttons/animated.tsx": {"lines":{"total":19,"covered":0,"skipped":0,"pct":0},"functions":{"total":6,"covered":0,"skipped":0,"pct":0},"statements":{"total":20,"covered":0,"skipped":0,"pct":0},"branches":{"total":0,"covered":0,"skipped":0,"pct":100}}
,"/home/runner/work/kundio/kundio/components/dashboard/business-switcher.tsx": {"lines":{"total":51,"covered":0,"skipped":0,"pct":0},"functions":{"total":24,"covered":0,"skipped":0,"pct":0},"statements":{"total":60,"covered":0,"skipped":0,"pct":0},"branches":{"total":69,"covered":0,"skipped":0,"pct":0}}
,"/home/runner/work/kundio/kundio/components/dashboard/conversation-detail-skeleton.tsx": {"lines":{"total":10,"covered":0,"skipped":0,"pct":0},"functions":{"total":9,"covered":0,"skipped":0,"pct":0},"statements":{"total":10,"covered":0,"skipped":0,"pct":0},"branches":{"total":16,"covered":0,"skipped":0,"pct":0}}
,"/home/runner/work/kundio/kundio/components/dashboard/conversation-panel.tsx": {"lines":{"total":64,"covered":0,"skipped":0,"pct":0},"functions":{"total":18,"covered":0,"skipped":0,"pct":0},"statements":{"total":71,"covered":0,"skipped":0,"pct":0},"branches":{"total":78,"covered":0,"skipped":0,"pct":0}}
,"/home/runner/work/kundio/kundio/components/dashboard/dashboard-shell.tsx": {"lines":{"total":47,"covered":0,"skipped":0,"pct":0},"functions":{"total":15,"covered":0,"skipped":0,"pct":0},"statements":{"total":53,"covered":0,"skipped":0,"pct":0},"branches":{"total":38,"covered":0,"skipped":0,"pct":0}}
,"/home/runner/work/kundio/kundio/components/dashboard/guided-empty-state.tsx": {"lines":{"total":3,"covered":0,"skipped":0,"pct":0},"functions":{"total":2,"covered":0,"skipped":0,"pct":0},"statements":{"total":3,"covered":0,"skipped":0,"pct":0},"branches":{"total":25,"covered":0,"skipped":0,"pct":0}}
,"/home/runner/work/kundio/kundio/components/dashboard/inbox-conversation-panel.tsx": {"lines":{"total":247,"covered":0,"skipped":0,"pct":0},"functions":{"total":68,"covered":0,"skipped":0,"pct":0},"statements":{"total":272,"covered":0,"skipped":0,"pct":0},"branches":{"total":199,"covered":0,"skipped":0,"pct":0}}
,"/home/runner/work/kundio/kundio/components/dashboard/inbox-list.tsx": {"lines":{"total":50,"covered":0,"skipped":0,"pct":0},"functions":{"total":11,"covered":0,"skipped":0,"pct":0},"statements":{"total":56,"covered":0,"skipped":0,"pct":0},"branches":{"total":53,"covered":0,"skipped":0,"pct":0}}
,"/home/runner/work/kundio/kundio/components/dashboard/inbox-shell.tsx": {"lines":{"total":36,"covered":0,"skipped":0,"pct":0},"functions":{"total":13,"covered":0,"skipped":0,"pct":0},"statements":{"total":41,"covered":0,"skipped":0,"pct":0},"branches":{"total":49,"covered":0,"skipped":0,"pct":0}}
,"/home/runner/work/kundio/kundio/components/dashboard/lead-ai-brief.tsx": {"lines":{"total":19,"covered":0,"skipped":0,"pct":0},"functions":{"total":4,"covered":0,"skipped":0,"pct":0},"statements":{"total":26,"covered":0,"skipped":0,"pct":0},"branches":{"total":46,"covered":0,"skipped":0,"pct":0}}
,"/home/runner/work/kundio/kundio/components/dashboard/lead-detail-workspace.tsx": {"lines":{"total":15,"covered":0,"skipped":0,"pct":0},"functions":{"total":5,"covered":0,"skipped":0,"pct":0},"statements":{"total":15,"covered":0,"skipped":0,"pct":0},"branches":{"total":42,"covered":0,"skipped":0,"pct":0}}
,"/home/runner/work/kundio/kundio/components/dashboard/lead-notes-form.tsx": {"lines":{"total":17,"covered":0,"skipped":0,"pct":0},"functions":{"total":5,"covered":0,"skipped":0,"pct":0},"statements":{"total":20,"covered":0,"skipped":0,"pct":0},"branches":{"total":8,"covered":0,"skipped":0,"pct":0}}
,"/home/runner/work/kundio/kundio/components/dashboard/lead-shared.tsx": {"lines":{"total":15,"covered":0,"skipped":0,"pct":0},"functions":{"total":11,"covered":0,"skipped":0,"pct":0},"statements":{"total":17,"covered":0,"skipped":0,"pct":0},"branches":{"total":12,"covered":0,"skipped":0,"pct":0}}
,"/home/runner/work/kundio/kundio/components/dashboard/lead-status-form.tsx": {"lines":{"total":17,"covered":0,"skipped":0,"pct":0},"functions":{"total":4,"covered":0,"skipped":0,"pct":0},"statements":{"total":18,"covered":0,"skipped":0,"pct":0},"branches":{"total":2,"covered":0,"skipped":0,"pct":0}}
,"/home/runner/work/kundio/kundio/components/dashboard/lead-timeline.tsx": {"lines":{"total":8,"covered":0,"skipped":0,"pct":0},"functions":{"total":3,"covered":0,"skipped":0,"pct":0},"statements":{"total":8,"covered":0,"skipped":0,"pct":0},"branches":{"total":6,"covered":0,"skipped":0,"pct":0}}
,"/home/runner/work/kundio/kundio/components/dashboard/pipeline-board.tsx": {"lines":{"total":92,"covered":0,"skipped":0,"pct":0},"functions":{"total":31,"covered":0,"skipped":0,"pct":0},"statements":{"total":104,"covered":0,"skipped":0,"pct":0},"branches":{"total":88,"covered":0,"skipped":0,"pct":0}}
,"/home/runner/work/kundio/kundio/components/dashboard/review-integrations-section.tsx": {"lines":{"total":73,"covered":0,"skipped":0,"pct":0},"functions":{"total":16,"covered":0,"skipped":0,"pct":0},"statements":{"total":89,"covered":0,"skipped":0,"pct":0},"branches":{"total":117,"covered":0,"skipped":0,"pct":0}}
,"/home/runner/work/kundio/kundio/components/dashboard/reviews-shell.tsx": {"lines":{"total":77,"covered":0,"skipped":0,"pct":0},"functions":{"total":28,"covered":0,"skipped":0,"pct":0},"statements":{"total":89,"covered":0,"skipped":0,"pct":0},"branches":{"total":95,"covered":0,"skipped":0,"pct":0}}
,"/home/runner/work/kundio/kundio/components/dashboard/settings-business-form.tsx": {"lines":{"total":29,"covered":0,"skipped":0,"pct":0},"functions":{"total":13,"covered":0,"skipped":0,"pct":0},"statements":{"total":32,"covered":0,"skipped":0,"pct":0},"branches":{"total":26,"covered":0,"skipped":0,"pct":0}}
,"/home/runner/work/kundio/kundio/components/dashboard/settings-business-hours-editor.tsx": {"lines":{"total":73,"covered":0,"skipped":0,"pct":0},"functions":{"total":37,"covered":0,"skipped":0,"pct":0},"statements":{"total":84,"covered":0,"skipped":0,"pct":0},"branches":{"total":59,"covered":0,"skipped":0,"pct":0}}
,"/home/runner/work/kundio/kundio/components/dashboard/settings-callback-windows-editor.tsx": {"lines":{"total":85,"covered":0,"skipped":0,"pct":0},"functions":{"total":45,"covered":0,"skipped":0,"pct":0},"statements":{"total":98,"covered":0,"skipped":0,"pct":0},"branches":{"total":59,"covered":0,"skipped":0,"pct":0}}
,"/home/runner/work/kundio/kundio/components/dashboard/settings-faq-editor.tsx": {"lines":{"total":67,"covered":0,"skipped":0,"pct":0},"functions":{"total":32,"covered":0,"skipped":0,"pct":0},"statements":{"total":77,"covered":0,"skipped":0,"pct":0},"branches":{"total":58,"covered":0,"skipped":0,"pct":0}}
,"/home/runner/work/kundio/kundio/components/dashboard/settings-service-areas-editor.tsx": {"lines":{"total":61,"covered":0,"skipped":0,"pct":0},"functions":{"total":29,"covered":0,"skipped":0,"pct":0},"statements":{"total":71,"covered":0,"skipped":0,"pct":0},"branches":{"total":55,"covered":0,"skipped":0,"pct":0}}
,"/home/runner/work/kundio/kundio/components/dashboard/settings-services-editor.tsx": {"lines":{"total":67,"covered":0,"skipped":0,"pct":0},"functions":{"total":32,"covered":0,"skipped":0,"pct":0},"statements":{"total":77,"covered":0,"skipped":0,"pct":0},"branches":{"total":65,"covered":0,"skipped":0,"pct":0}}
,"/home/runner/work/kundio/kundio/components/dashboard/settings-shell.tsx": {"lines":{"total":32,"covered":0,"skipped":0,"pct":0},"functions":{"total":15,"covered":0,"skipped":0,"pct":0},"statements":{"total":37,"covered":0,"skipped":0,"pct":0},"branches":{"total":74,"covered":0,"skipped":0,"pct":0}}
,"/home/runner/work/kundio/kundio/components/dashboard/settings-skeleton.tsx": {"lines":{"total":12,"covered":0,"skipped":0,"pct":0},"functions":{"total":11,"covered":0,"skipped":0,"pct":0},"statements":{"total":12,"covered":0,"skipped":0,"pct":0},"branches":{"total":24,"covered":0,"skipped":0,"pct":0}}
,"/home/runner/work/kundio/kundio/components/dashboard/settings-team.tsx": {"lines":{"total":87,"covered":0,"skipped":0,"pct":0},"functions":{"total":21,"covered":0,"skipped":0,"pct":0},"statements":{"total":91,"covered":0,"skipped":0,"pct":0},"branches":{"total":68,"covered":0,"skipped":0,"pct":0}}
,"/home/runner/work/kundio/kundio/components/dashboard/settings-widget-form.tsx": {"lines":{"total":31,"covered":0,"skipped":0,"pct":0},"functions":{"total":17,"covered":0,"skipped":0,"pct":0},"statements":{"total":34,"covered":0,"skipped":0,"pct":0},"branches":{"total":20,"covered":0,"skipped":0,"pct":0}}
,"/home/runner/work/kundio/kundio/components/dashboard/settings-widget-origins.tsx": {"lines":{"total":51,"covered":0,"skipped":0,"pct":0},"functions":{"total":22,"covered":0,"skipped":0,"pct":0},"statements":{"total":58,"covered":0,"skipped":0,"pct":0},"branches":{"total":42,"covered":0,"skipped":0,"pct":0}}
,"/home/runner/work/kundio/kundio/components/dashboard/sidebar-lead-usage-stream.tsx": {"lines":{"total":12,"covered":0,"skipped":0,"pct":0},"functions":{"total":1,"covered":0,"skipped":0,"pct":0},"statements":{"total":12,"covered":0,"skipped":0,"pct":0},"branches":{"total":10,"covered":0,"skipped":0,"pct":0}}
,"/home/runner/work/kundio/kundio/components/dashboard/sidebar.tsx": {"lines":{"total":37,"covered":0,"skipped":0,"pct":0},"functions":{"total":24,"covered":0,"skipped":0,"pct":0},"statements":{"total":42,"covered":0,"skipped":0,"pct":0},"branches":{"total":74,"covered":0,"skipped":0,"pct":0}}
,"/home/runner/work/kundio/kundio/components/dashboard/skeleton.tsx": {"lines":{"total":2,"covered":0,"skipped":0,"pct":0},"functions":{"total":2,"covered":0,"skipped":0,"pct":0},"statements":{"total":2,"covered":0,"skipped":0,"pct":0},"branches":{"total":1,"covered":0,"skipped":0,"pct":0}}
[...]
,"/home/runner/work/kundio/kundio/lib/email/newsletters/service.ts": {"lines":{"total":51,"covered":51,"skipped":0,"pct":100},"functions":{"total":9,"covered":9,"skipped":0,"pct":100},"statements":{"total":64,"covered":64,"skipped":0,"pct":100},"branches":{"total":56,"covered":49,"skipped":0,"pct":87.5}}
,"/home/runner/work/kundio/kundio/lib/email/newsletters/subscriptions.ts": {"lines":{"total":64,"covered":63,"skipped":0,"pct":98.43},"functions":{"total":9,"covered":9,"skipped":0,"pct":100},"statements":{"total":69,"covered":66,"skipped":0,"pct":95.65},"branches":{"total":76,"covered":68,"skipped":0,"pct":89.47}}
,"/home/runner/work/kundio/kundio/lib/email/newsletters/unsubscribe-token.ts": {"lines":{"total":9,"covered":9,"skipped":0,"pct":100},"functions":{"total":4,"covered":4,"skipped":0,"pct":100},"statements":{"total":11,"covered":10,"skipped":0,"pct":90.9},"branches":{"total":6,"covered":5,"skipped":0,"pct":83.33}}
,"/home/runner/work/kundio/kundio/lib/email/render/escape.ts": {"lines":{"total":1,"covered":1,"skipped":0,"pct":100},"functions":{"total":1,"covered":1,"skipped":0,"pct":100},"statements":{"total":1,"covered":1,"skipped":0,"pct":100},"branches":{"total":0,"covered":0,"skipped":0,"pct":100}}
,"/home/runner/work/kundio/kundio/lib/email/render/index.ts": {"lines":{"total":16,"covered":0,"skipped":0,"pct":0},"functions":{"total":1,"covered":0,"skipped":0,"pct":0},"statements":{"total":16,"covered":0,"skipped":0,"pct":0},"branches":{"total":13,"covered":0,"skipped":0,"pct":0}}
,"/home/runner/work/kundio/kundio/lib/email/render/markdown.ts": {"lines":{"total":7,"covered":7,"skipped":0,"pct":100},"functions":{"total":2,"covered":2,"skipped":0,"pct":100},"statements":{"total":7,"covered":7,"skipped":0,"pct":100},"branches":{"total":2,"covered":2,"skipped":0,"pct":100}}
,"/home/runner/work/kundio/kundio/lib/email/render/newsletter-shell.tsx": {"lines":{"total":3,"covered":3,"skipped":0,"pct":100},"functions":{"total":1,"covered":1,"skipped":0,"pct":100},"statements":{"total":3,"covered":3,"skipped":0,"pct":100},"branches":{"total":2,"covered":1,"skipped":0,"pct":50}}
,"/home/runner/work/kundio/kundio/lib/email/render/newsletter.ts": {"lines":{"total":10,"covered":9,"skipped":0,"pct":90},"functions":{"total":2,"covered":2,"skipped":0,"pct":100},"statements":{"total":11,"covered":9,"skipped":0,"pct":81.81},"branches":{"total":4,"covered":2,"skipped":0,"pct":50}}
,"/home/runner/work/kundio/kundio/lib/email/render/placeholders.ts": {"lines":{"total":21,"covered":21,"skipped":0,"pct":100},"functions":{"total":4,"covered":4,"skipped":0,"pct":100},"statements":{"total":21,"covered":21,"skipped":0,"pct":100},"branches":{"total":9,"covered":9,"skipped":0,"pct":100}}
,"/home/runner/work/kundio/kundio/lib/email/render/shell.tsx": {"lines":{"total":3,"covered":0,"skipped":0,"pct":0},"functions":{"total":1,"covered":0,"skipped":0,"pct":0},"statements":{"total":3,"covered":0,"skipped":0,"pct":0},"branches":{"total":2,"covered":0,"skipped":0,"pct":0}}
,"/home/runner/work/kundio/kundio/lib/email/templates/service.ts": {"lines":{"total":66,"covered":65,"skipped":0,"pct":98.48},"functions":{"total":10,"covered":10,"skipped":0,"pct":100},"statements":{"total":80,"covered":76,"skipped":0,"pct":95},"branches":{"total":77,"covered":66,"skipped":0,"pct":85.71}}
,"/home/runner/work/kundio/kundio/lib/inngest/client.ts": {"lines":{"total":7,"covered":1,"skipped":0,"pct":14.28},"functions":{"total":2,"covered":0,"skipped":0,"pct":0},"statements":{"total":7,"covered":1,"skipped":0,"pct":14.28},"branches":{"total":0,"covered":0,"skipped":0,"pct":100}}
,"/home/runner/work/kundio/kundio/lib/inngest/functions/ai-turn.ts": {"lines":{"total":11,"covered":0,"skipped":0,"pct":0},"functions":{"total":1,"covered":0,"skipped":0,"pct":0},"statements":{"total":11,"covered":0,"skipped":0,"pct":0},"branches":{"total":15,"covered":0,"skipped":0,"pct":0}}
,"/home/runner/work/kundio/kundio/lib/inngest/functions/conversation-outbox-dispatch.ts": {"lines":{"total":41,"covered":0,"skipped":0,"pct":0},"functions":{"total":5,"covered":0,"skipped":0,"pct":0},"statements":{"total":41,"covered":0,"skipped":0,"pct":0},"branches":{"total":25,"covered":0,"skipped":0,"pct":0}}
,"/home/runner/work/kundio/kundio/lib/inngest/functions/crawl-business-sitemap.ts": {"lines":{"total":29,"covered":0,"skipped":0,"pct":0},"functions":{"total":10,"covered":0,"skipped":0,"pct":0},"statements":{"total":34,"covered":0,"skipped":0,"pct":0},"branches":{"total":12,"covered":0,"skipped":0,"pct":0}}
,"/home/runner/work/kundio/kundio/lib/inngest/functions/index.ts": {"lines":{"total":1,"covered":0,"skipped":0,"pct":0},"functions":{"total":0,"covered":0,"skipped":0,"pct":100},"statements":{"total":1,"covered":0,"skipped":0,"pct":0},"branches":{"total":0,"covered":0,"skipped":0,"pct":100}}
,"/home/runner/work/kundio/kundio/lib/inngest/functions/payment-reminders.ts": {"lines":{"total":7,"covered":0,"skipped":0,"pct":0},"functions":{"total":2,"covered":0,"skipped":0,"pct":0},"statements":{"total":7,"covered":0,"skipped":0,"pct":0},"branches":{"total":4,"covered":0,"skipped":0,"pct":0}}
,"/home/runner/work/kundio/kundio/lib/inngest/functions/rate-limit-cleanup.ts": {"lines":{"total":6,"covered":0,"skipped":0,"pct":0},"functions":{"total":1,"covered":0,"skipped":0,"pct":0},"statements":{"total":6,"covered":0,"skipped":0,"pct":0},"branches":{"total":2,"covered":0,"skipped":0,"pct":0}}
,"/home/runner/work/kundio/kundio/lib/inngest/functions/reviews.ts": {"lines":{"total":20,"covered":0,"skipped":0,"pct":0},"functions":{"total":6,"covered":0,"skipped":0,"pct":0},"statements":{"total":20,"covered":0,"skipped":0,"pct":0},"branches":{"total":12,"covered":0,"skipped":0,"pct":0}}
,"/home/runner/work/kundio/kundio/lib/leads/detail.ts": {"lines":{"total":17,"covered":0,"skipped":0,"pct":0},"functions":{"total":3,"covered":0,"skipped":0,"pct":0},"statements":{"total":18,"covered":0,"skipped":0,"pct":0},"branches":{"total":28,"covered":0,"skipped":0,"pct":0}}
,"/home/runner/work/kundio/kundio/lib/leads/initial-message.ts": {"lines":{"total":7,"covered":7,"skipped":0,"pct":100},"functions":{"total":1,"covered":1,"skipped":0,"pct":100},"statements":{"total":7,"covered":7,"skipped":0,"pct":100},"branches":{"total":7,"covered":7,"skipped":0,"pct":100}}
,"/home/runner/work/kundio/kundio/lib/leads/pipeline-drag.ts": {"lines":{"total":2,"covered":2,"skipped":0,"pct":100},"functions":{"total":1,"covered":1,"skipped":0,"pct":100},"statements":{"total":2,"covered":2,"skipped":0,"pct":100},"branches":{"total":0,"covered":0,"skipped":0,"pct":100}}
,"/home/runner/work/kundio/kundio/lib/leads/status.ts": {"lines":{"total":1,"covered":0,"skipped":0,"pct":0},"functions":{"total":0,"covered":0,"skipped":0,"pct":100},"statements":{"total":1,"covered":0,"skipped":0,"pct":0},"branches":{"total":0,"covered":0,"skipped":0,"pct":100}}
,"/home/runner/work/kundio/kundio/lib/leads/timeline.ts": {"lines":{"total":24,"covered":0,"skipped":0,"pct":0},"functions":{"total":2,"covered":0,"skipped":0,"pct":0},"statements":{"total":24,"covered":0,"skipped":0,"pct":0},"branches":{"total":26,"covered":0,"skipped":0,"pct":0}}
,"/home/runner/work/kundio/kundio/lib/leads/views.ts": {"lines":{"total":68,"covered":63,"skipped":0,"pct":92.64},"functions":{"total":10,"covered":10,"skipped":0,"pct":100},"statements":{"total":85,"covered":79,"skipped":0,"pct":92.94},"branches":{"total":80,"covered":73,"skipped":0,"pct":91.25}}
,"/home/runner/work/kundio/kundio/lib/legal/content.ts": {"lines":{"total":1,"covered":0,"skipped":0,"pct":0},"functions":{"total":0,"covered":0,"skipped":0,"pct":100},"statements":{"total":1,"covered":0,"skipped":0,"pct":0},"branches":{"total":0,"covered":0,"skipped":0,"pct":100}}
,"/home/runner/work/kundio/kundio/lib/legal/current.ts": {"lines":{"total":5,"covered":0,"skipped":0,"pct":0},"functions":{"total":2,"covered":0,"skipped":0,"pct":0},"statements":{"total":5,"covered":0,"skipped":0,"pct":0},"branches":{"total":0,"covered":0,"skipped":0,"pct":100}}
,"/home/runner/work/kundio/kundio/lib/marketing/cases.ts": {"lines":{"total":3,"covered":0,"skipped":0,"pct":0},"functions":{"total":1,"covered":0,"skipped":0,"pct":0},"statements":{"total":3,"covered":0,"skipped":0,"pct":0},"branches":{"total":0,"covered":0,"skipped":0,"pct":100}}
,"/home/runner/work/kundio/kundio/lib/marketing/faq.ts": {"lines":{"total":5,"covered":0,"skipped":0,"pct":0},"functions":{"total":0,"covered":0,"skipped":0,"pct":100},"statements":{"total":5,"covered":0,"skipped":0,"pct":0},"branches":{"total":0,"covered":0,"skipped":0,"pct":100}}
,"/home/runner/work/kundio/kundio/lib/marketing/features.ts": {"lines":{"total":1,"covered":0,"skipped":0,"pct":0},"functions":{"total":0,"covered":0,"skipped":0,"pct":100},"statements":{"total":1,"covered":0,"skipped":0,"pct":0},"branches":{"total":0,"covered":0,"skipped":0,"pct":100}}
,"/home/runner/work/kundio/kundio/lib/marketing/industries.ts": {"lines":{"total":3,"covered":0,"skipped":0,"pct":0},"functions":{"total":1,"covered":0,"skipped":0,"pct":0},"statements":{"total":3,"covered":0,"skipped":0,"pct":0},"branches":{"total":0,"covered":0,"skipped":0,"pct":100}}
,"/home/runner/work/kundio/kundio/lib/marketing/logos.ts": {"lines":{"total":1,"covered":0,"skipped":0,"pct":0},"functions":{"total":0,"covered":0,"skipped":0,"pct":100},"statements":{"total":1,"covered":0,"skipped":0,"pct":0},"branches":{"total":0,"covered":0,"skipped":0,"pct":100}}
,"/home/runner/work/kundio/kundio/lib/marketing/nav.ts": {"lines":{"total":3,"covered":3,"skipped":0,"pct":100},"functions":{"total":0,"covered":0,"skipped":0,"pct":100},"statements":{"total":3,"covered":3,"skipped":0,"pct":100},"branches":{"total":0,"covered":0,"skipped":0,"pct":100}}
,"/home/runner/work/kundio/kundio/lib/marketing/self-business-id.ts": {"lines":{"total":3,"covered":0,"skipped":0,"pct":0},"functions":{"total":1,"covered":0,"skipped":0,"pct":0},"statements":{"total":3,"covered":0,"skipped":0,"pct":0},"branches":{"total":2,"covered":0,"skipped":0,"pct":0}}
,"/home/runner/work/kundio/kundio/lib/payments/create-payment-link.ts": {"lines":{"total":155,"covered":123,"skipped":0,"pct":79.35},"functions":{"total":16,"covered":16,"skipped":0,"pct":100},"statements":{"total":158,"covered":126,"skipped":0,"pct":79.74},"branches":{"total":210,"covered":164,"skipped":0,"pct":78.09}}
,"/home/runner/work/kundio/kundio/lib/payments/payment-reminders.ts": {"lines":{"total":55,"covered":53,"skipped":0,"pct":96.36},"functions":{"total":10,"covered":9,"skipped":0,"pct":90},"statements":{"total":58,"covered":56,"skipped":0,"pct":96.55},"branches":{"total":56,"covered":50,"skipped":0,"pct":89.28}}
,"/home/runner/work/kundio/kundio/lib/payments/status-poll-token.ts": {"lines":{"total":9,"covered":8,"skipped":0,"pct":88.88},"functions":{"total":3,"covered":3,"skipped":0,"pct":100},"statements":{"total":9,"covered":8,"skipped":0,"pct":88.88},"branches":{"total":6,"covered":5,"skipped":0,"pct":83.33}}
,"/home/runner/work/kundio/kundio/lib/reviews/crypto.ts": {"lines":{"total":23,"covered":0,"skipped":0,"pct":0},"functions":{"total":3,"covered":0,"skipped":0,"pct":0},"statements":{"total":26,"covered":0,"skipped":0,"pct":0},"branches":{"total":16,"covered":0,"skipped":0,"pct":0}}
,"/home/runner/work/kundio/kundio/lib/reviews/feature.ts": {"lines":{"total":3,"covered":3,"skipped":0,"pct":100},"functions":{"total":2,"covered":2,"skipped":0,"pct":100},"statements":{"total":4,"covered":3,"skipped":0,"pct":75},"branches":{"total":2,"covered":1,"skipped":0,"pct":50}}
,"/home/runner/work/kundio/kundio/lib/reviews/provider-errors.ts": {"lines":{"total":16,"covered":15,"skipped":0,"pct":93.75},"functions":{"total":3,"covered":3,"skipped":0,"pct":100},"statements":{"total":16,"covered":15,"skipped":0,"pct":93.75},"branches":{"total":14,"covered":11,"skipped":0,"pct":78.57}}
,"/home/runner/work/kundio/kundio/lib/reviews/repository.ts": {"lines":{"total":108,"covered":0,"skipped":0,"pct":0},"functions":{"total":29,"covered":0,"skipped":0,"pct":0},"statements":{"total":141,"covered":0,"skipped":0,"pct":0},"branches":{"total":144,"covered":0,"skipped":0,"pct":0}}
,"/home/runner/work/kundio/kundio/lib/reviews/service.ts": {"lines":{"total":81,"covered":0,"skipped":0,"pct":0},"functions":{"total":10,"covered":0,"skipped":0,"pct":0},"statements":{"total":85,"covered":0,"skipped":0,"pct":0},"branches":{"total":53,"covered":0,"skipped":0,"pct":0}}
,"/home/runner/work/kundio/kundio/lib/reviews/types.ts": {"lines":{"total":2,"covered":2,"skipped":0,"pct":100},"functions":{"total":1,"covered":1,"skipped":0,"pct":100},"statements":{"total":2,"covered":2,"skipped":0,"pct":100},"branches":{"total":0,"covered":0,"skipped":0,"pct":100}}
,"/home/runner/work/kundio/kundio/lib/reviews/providers/catalog.ts": {"lines":{"total":8,"covered":2,"skipped":0,"pct":25},"functions":{"total":6,"covered":0,"skipped":0,"pct":0},"statements":{"total":13,"covered":2,"skipped":0,"pct":15.38},"branches":{"total":6,"covered":0,"skipped":0,"pct":0}}
,"/home/runner/work/kundio/kundio/lib/reviews/providers/facebook.ts": {"lines":{"total":62,"covered":62,"skipped":0,"pct":100},"functions":{"total":20,"covered":20,"skipped":0,"pct":100},"statements":{"total":67,"covered":66,"skipped":0,"pct":98.5},"branches":{"total":67,"covered":53,"skipped":0,"pct":79.1}}
,"/home/runner/work/kundio/kundio/lib/reviews/providers/google.ts": {"lines":{"total":106,"covered":103,"skipped":0,"pct":97.16},"functions":{"total":25,"covered":24,"skipped":0,"pct":96},"statements":{"total":116,"covered":108,"skipped":0,"pct":93.1},"branches":{"total":112,"covered":86,"skipped":0,"pct":76.78}}
,"/home/runner/work/kundio/kundio/lib/reviews/providers/index.ts": {"lines":{"total":7,"covered":0,"skipped":0,"pct":0},"functions":{"total":4,"covered":0,"skipped":0,"pct":0},"statements":{"total":8,"covered":0,"skipped":0,"pct":0},"branches":{"total":4,"covered":0,"skipped":0,"pct":0}}
,"/home/runner/work/kundio/kundio/lib/reviews/providers/unsupported.ts": {"lines":{"total":5,"covered":0,"skipped":0,"pct":0},"functions":{"total":4,"covered":0,"skipped":0,"pct":0},"statements":{"total":5,"covered":0,"skipped":0,"pct":0},"branches":{"total":8,"covered":0,"skipped":0,"pct":0}}
,"/home/runner/work/kundio/kundio/lib/stripe/client.ts": {"lines":{"total":3,"covered":0,"skipped":0,"pct":0},"functions":{"total":0,"covered":0,"skipped":0,"pct":100},"statements":{"total":3,"covered":0,"skipped":0,"pct":0},"branches":{"total":2,"covered":0,"skipped":0,"pct":0}}
,"/home/runner/work/kundio/kundio/lib/stripe/plans.ts": {"lines":{"total":2,"covered":2,"skipped":0,"pct":100},"functions":{"total":1,"covered":1,"skipped":0,"pct":100},"statements":{"total":2,"covered":2,"skipped":0,"pct":100},"branches":{"total":0,"covered":0,"skipped":0,"pct":100}}
,"/home/runner/work/kundio/kundio/lib/stripe/subscription-gate.ts": {"lines":{"total":94,"covered":90,"skipped":0,"pct":95.74},"functions":{"total":14,"covered":13,"skipped":0,"pct":92.85},"statements":{"total":104,"covered":95,"skipped":0,"pct":91.34},"branches":{"total":187,"covered":160,"skipped":0,"pct":85.56}}
,"/home/runner/work/kundio/kundio/lib/supabase/admin.ts": {"lines":{"total":1,"covered":0,"skipped":0,"pct":0},"functions":{"total":1,"covered":0,"skipped":0,"pct":0},"statements":{"total":1,"covered":0,"skipped":0,"pct":0},"branches":{"total":0,"covered":0,"skipped":0,"pct":100}}
,"/home/runner/work/kundio/kundio/lib/supabase/client.ts": {"lines":{"total":3,"covered":0,"skipped":0,"pct":0},"functions":{"total":1,"covered":0,"skipped":0,"pct":0},"statements":{"total":3,"covered":0,"skipped":0,"pct":0},"branches":{"total":0,"covered":0,"skipped":0,"pct":100}}
,"/home/runner/work/kundio/kundio/lib/supabase/middleware.ts": {"lines":{"total":11,"covered":0,"skipped":0,"pct":0},"functions":{"total":5,"covered":0,"skipped":0,"pct":0},"statements":{"total":12,"covered":0,"skipped":0,"pct":0},"branches":{"total":0,"covered":0,"skipped":0,"pct":100}}
,"/home/runner/work/kundio/kundio/lib/supabase/server.ts": {"lines":{"total":7,"covered":3,"skipped":0,"pct":42.85},"functions":{"total":4,"covered":0,"skipped":0,"pct":0},"statements":{"total":8,"covered":3,"skipped":0,"pct":37.5},"branches":{"total":0,"covered":0,"skipped":0,"pct":100}}
,"/home/runner/work/kundio/kundio/lib/twilio/client.ts": {"lines":{"total":39,"covered":35,"skipped":0,"pct":89.74},"functions":{"total":6,"covered":6,"skipped":0,"pct":100},"statements":{"total":39,"covered":35,"skipped":0,"pct":89.74},"branches":{"total":30,"covered":24,"skipped":0,"pct":80}}
,"/home/runner/work/kundio/kundio/lib/twilio/signature.ts": {"lines":{"total":2,"covered":0,"skipped":0,"pct":0},"functions":{"total":2,"covered":0,"skipped":0,"pct":0},"statements":{"total":2,"covered":0,"skipped":0,"pct":0},"branches":{"total":2,"covered":0,"skipped":0,"pct":0}}
,"/home/runner/work/kundio/kundio/lib/twilio/provisioning/config.ts": {"lines":{"total":19,"covered":19,"skipped":0,"pct":100},"functions":{"total":4,"covered":4,"skipped":0,"pct":100},"statements":{"total":19,"covered":19,"skipped":0,"pct":100},"branches":{"total":35,"covered":33,"skipped":0,"pct":94.28}}
,"/home/runner/work/kundio/kundio/lib/twilio/provisioning/index.ts": {"lines":{"total":9,"covered":0,"skipped":0,"pct":0},"functions":{"total":1,"covered":0,"skipped":0,"pct":0},"statements":{"total":9,"covered":0,"skipped":0,"pct":0},"branches":{"total":5,"covered":0,"skipped":0,"pct":0}}
,"/home/runner/work/kundio/kundio/lib/twilio/provisioning/live.ts": {"lines":{"total":50,"covered":50,"skipped":0,"pct":100},"functions":{"total":10,"covered":10,"skipped":0,"pct":100},"statements":{"total":50,"covered":50,"skipped":0,"pct":100},"branches":{"total":18,"covered":18,"skipped":0,"pct":100}}
,"/home/runner/work/kundio/kundio/lib/twilio/provisioning/mock.ts": {"lines":{"total":20,"covered":19,"skipped":0,"pct":95},"functions":{"total":6,"covered":5,"skipped":0,"pct":83.33},"statements":{"total":20,"covered":19,"skipped":0,"pct":95},"branches":{"total":0,"covered":0,"skipped":0,"pct":100}}
,"/home/runner/work/kundio/kundio/lib/twilio/provisioning/orchestrator.ts": {"lines":{"total":46,"covered":41,"skipped":0,"pct":89.13},"functions":{"total":1,"covered":1,"skipped":0,"pct":100},"statements":{"total":46,"covered":41,"skipped":0,"pct":89.13},"branches":{"total":27,"covered":22,"skipped":0,"pct":81.48}}
,"/home/runner/work/kundio/kundio/lib/twilio/provisioning/test.ts": {"lines":{"total":23,"covered":22,"skipped":0,"pct":95.65},"functions":{"total":7,"covered":6,"skipped":0,"pct":85.71},"statements":{"total":23,"covered":22,"skipped":0,"pct":95.65},"branches":{"total":0,"covered":0,"skipped":0,"pct":100}}
,"/home/runner/work/kundio/kundio/lib/twilio/provisioning/types.ts": {"lines":{"total":0,"covered":0,"skipped":0,"pct":0},"functions":{"total":0,"covered":0,"skipped":0,"pct":0},"statements":{"total":0,"covered":0,"skipped":0,"pct":0},"branches":{"total":0,"covered":0,"skipped":0,"pct":0}}
,"/home/runner/work/kundio/kundio/lib/validation/lead-schema.ts": {"lines":{"total":6,"covered":6,"skipped":0,"pct":100},"functions":{"total":1,"covered":1,"skipped":0,"pct":100},"statements":{"total":6,"covered":6,"skipped":0,"pct":100},"branches":{"total":2,"covered":2,"skipped":0,"pct":100}}
,"/home/runner/work/kundio/kundio/lib/validation/phone.ts": {"lines":{"total":13,"covered":13,"skipped":0,"pct":100},"functions":{"total":2,"covered":2,"skipped":0,"pct":100},"statements":{"total":16,"covered":16,"skipped":0,"pct":100},"branches":{"total":12,"covered":12,"skipped":0,"pct":100}}
,"/home/runner/work/kundio/kundio/lib/widget/origin-authorization.ts": {"lines":{"total":123,"covered":114,"skipped":0,"pct":92.68},"functions":{"total":24,"covered":24,"skipped":0,"pct":100},"statements":{"total":138,"covered":124,"skipped":0,"pct":89.85},"branches":{"total":146,"covered":127,"skipped":0,"pct":86.98}}
}
